<!DOCTYPE html PUBLIC "-//W3C//DTD XHTML 1.1//EN" "http://www.w3.org/TR/xhtml11/DTD/xhtml11.dtd">
<html xmlns="http://www.w3.org/1999/xhtml">
<head>
<meta http-equiv="content-type" content="text/html; charset=UTF-8"/>
<title>TestNG Report</title>
<style type="text/css">table {margin-bottom:10px;border-collapse:collapse;empty-cells:show}th,td {border:1px solid #009;padding:.25em .5em}th {vertical-align:bottom}td {vertical-align:top}table a {font-weight:bold}.stripe td {background-color: #E6EBF9}.num {text-align:right}.passedodd td {background-color: #3F3}.passedeven td {background-color: #0A0}.skippedodd td {background-color: #DDD}.skippedeven td {background-color: #CCC}.failedodd td,.attn {background-color: #F33}.failedeven td,.stripe .attn {background-color: #D00}.stacktrace {white-space:pre;font-family:monospace}.totop {font-size:85%;text-align:center;border-bottom:2px solid #000}.invisible {display:none}</style>
</head>
<body>
<table>
<tr><th>Test</th><th># Passed</th><th># Skipped</th><th># Failed</th><th>Time (ms)</th><th>Included Groups</th><th>Excluded Groups</th></tr>
<tr><th colspan="7">Functional_Suite</th></tr>
<tr><td><a href="#t0">FunctionalTest</a></td><td class="num">21</td><td class="num attn">2</td><td class="num attn">11</td><td class="num">2,675,162</td><td></td><td></td></tr>
</table>
<table id='summary'><thead><tr><th>Class</th><th>Method</th><th>Start</th><th>Time (ms)</th></tr></thead><tbody><tr><th colspan="4">Functional_Suite</th></tr></tbody><tbody id="t0"><tr><th colspan="4">FunctionalTest &#8212; failed (configuration methods)</th></tr><tr class="failedeven"><td rowspan="2">com.c2info.RMS_HomePageTCs.TC_001_VerifyLoginLogOut</td><td><a href="#m0">afterMethod</a></td><td rowspan="1">1530083169720</td><td rowspan="1">3</td></tr><tr class="failedeven"><td><a href="#m1">endTest</a></td><td rowspan="1">1530083169725</td><td rowspan="1">2</td></tr><tr class="failedodd"><td rowspan="1">com.c2info.RMS_HomePageTCs.TC_005_VerifySearchForItemName</td><td><a href="#m2">endTest</a></td><td rowspan="1">1530083169731</td><td rowspan="1">2</td></tr><tr><th colspan="4">FunctionalTest &#8212; failed</th></tr><tr class="failedeven"><td rowspan="1">com.c2info.RMS_CostCenterApproverTCs.TC001_VerifyUptoCostCenterApprovalFunctionality</td><td><a href="#m3">verifyUptoCostCenterApprovalFunctionality</a></td><td rowspan="1">1530082278677</td><td rowspan="1">224211</td></tr><tr class="failedodd"><td rowspan="1">com.c2info.RMS_DeskConfirmerTCs.TC002_VerifyUptoDeskConfirmationFunctionality</td><td><a href="#m4">verifyDeskConfirmationFunctionality</a></td><td rowspan="1">1530081411265</td><td rowspan="1">211792</td></tr><tr class="failedeven"><td rowspan="1">com.c2info.RMS_FinancialApproverTCs.TC001_VerifyUptoFinancialApprovalPage</td><td><a href="#m5">verifyUptoCostCenterApprovalFunctionality</a></td><td rowspan="1">1530080582965</td><td rowspan="1">220619</td></tr><tr class="failedodd"><td rowspan="1">com.c2info.RMS_FinancialApproverTCs.TC002_VerifyItemDetailsInFinancialPage</td><td><a href="#m6">verifyItemDetails</a></td><td rowspan="1">1530082995730</td><td rowspan="1">115994</td></tr><tr class="failedeven"><td rowspan="1">com.c2info.RMS_FinancialApproverTCs.TC003_VerifyNewRequestStatusInFinancialPage</td><td><a href="#m7">verifyStatusInFinancialPage</a></td><td rowspan="1">1530082925249</td><td rowspan="1">7150</td></tr><tr class="failedodd"><td rowspan="1">com.c2info.RMS_HomePageTCs.TC_001_VerifyLoginLogOut</td><td><a href="#m8">verifyLogOut</a></td><td rowspan="1">1530083169701</td><td rowspan="1">12</td></tr><tr class="failedeven"><td rowspan="1">com.c2info.RMS_HomePageTCs.TC_006_VerifySearchForEmployeeName</td><td><a href="#m9">verifyEmployeeSearchInGridView</a></td><td rowspan="1">1530081744557</td><td rowspan="1">3743</td></tr><tr class="failedodd"><td rowspan="1">com.c2info.RMS_NewRequestTCs.TC003_VerifyQtyField</td><td><a href="#m10">verifyQtyField</a></td><td rowspan="1">1530082770710</td><td rowspan="1">12674</td></tr><tr class="failedeven"><td rowspan="1">com.c2info.RMS_NewRequestTCs.TC004_VerifyQtyFieldAfterUpdate</td><td><a href="#m11">verifyQtyIncreaseAfterUpdate</a></td><td rowspan="1">1530081386582</td><td rowspan="1">12994</td></tr><tr class="failedodd"><td rowspan="1">com.c2info.RMS_NewRequestTCs.TC006_VerifyPriceFieldAfterUpdate</td><td><a href="#m12">verifyPriceFieldAfterUpdate</a></td><td rowspan="1">1530081119520</td><td rowspan="1">12531</td></tr><tr class="failedeven"><td rowspan="1">com.c2info.RMS_POGeneratorTCs.TC001_VerifyPOGenerationFunctionality</td><td><a href="#m13">verifyUptoCostCenterApprovalFunctionality</a></td><td rowspan="1">1530082551337</td><td rowspan="1">206874</td></tr><tr><th colspan="4">FunctionalTest &#8212; skipped (configuration methods)</th></tr><tr class="skippedeven"><td rowspan="3">com.c2info.RMS_HomePageTCs.TC_004_VerifySortingFunctionalityInListView</td><td><a href="#m14">afterMethod</a></td><td rowspan="1">1530083169737</td><td rowspan="1">0</td></tr><tr class="skippedeven"><td><a href="#m15">beforeMethod</a></td><td rowspan="1">1530083169735</td><td rowspan="1">0</td></tr><tr class="skippedeven"><td><a href="#m16">setup</a></td><td rowspan="1">1530083169735</td><td rowspan="1">0</td></tr><tr class="skippedodd"><td rowspan="2">com.c2info.RMS_HomePageTCs.TC_005_VerifySearchForItemName</td><td><a href="#m17">afterMethod</a></td><td rowspan="1">1530083169730</td><td rowspan="1">0</td></tr><tr class="skippedodd"><td><a href="#m18">beforeMethod</a></td><td rowspan="1">1530083169729</td><td rowspan="1">0</td></tr><tr><th colspan="4">FunctionalTest &#8212; skipped</th></tr><tr class="skippedeven"><td rowspan="1">com.c2info.RMS_HomePageTCs.TC_004_VerifySortingFunctionalityInListView</td><td><a href="#m19">verifySortAscendingInListView</a></td><td rowspan="1">1530083169736</td><td rowspan="1">0</td></tr><tr class="skippedodd"><td rowspan="1">com.c2info.RMS_HomePageTCs.TC_005_VerifySearchForItemName</td><td><a href="#m20">verifyItemSearchInListViewForMyRequest</a></td><td rowspan="1">1530083169729</td><td rowspan="1">0</td></tr><tr><th colspan="4">FunctionalTest &#8212; passed</th></tr><tr class="passedeven"><td rowspan="1">com.c2info.RMS_CostCenterApproverTCs.TC002_VerifyItemDetailsInCostCenterPage</td><td><a href="#m21">verifyItemDetails</a></td><td rowspan="1">1530082166844</td><td rowspan="1">97655</td></tr><tr class="passedodd"><td rowspan="1">com.c2info.RMS_CostCenterApproverTCs.TC003_VerifyNewRequestStatusInCostCenterPage</td><td><a href="#m22">verifyStatusInCostCenterPage</a></td><td rowspan="1">1530081760576</td><td rowspan="1">126269</td></tr><tr class="passedeven"><td rowspan="1">com.c2info.RMS_DeskConfirmerTCs.TC001_VerifyDeskConfimationApprovalLink</td><td><a href="#m23">verifyDeskConfirmationLink</a></td><td rowspan="1">1530082972750</td><td rowspan="1">6042</td></tr><tr class="passedodd"><td rowspan="1">com.c2info.RMS_DeskConfirmerTCs.TC003_VerifyItemName_Qty_Price_InDeskConfirmPage</td><td><a href="#m24">VerifyItemName_Qty_Price_InApprovalPage</a></td><td rowspan="1">1530080880454</td><td rowspan="1">64016</td></tr><tr class="passedeven"><td rowspan="1">com.c2info.RMS_DeskConfirmerTCs.TC004_VerifyNewRequestStatusInDeskConfirmationPage</td><td><a href="#m25">verifyStatusInDeskPage</a></td><td rowspan="1">1530082076467</td><td rowspan="1">76052</td></tr><tr class="passedodd"><td rowspan="1">com.c2info.RMS_HomePageTCs.TC_001_VerifyLoginLogOut</td><td><a href="#m26">verifyLogin</a></td><td rowspan="1">1530081102464</td><td rowspan="1">5902</td></tr><tr class="passedeven"><td rowspan="1">com.c2info.RMS_HomePageTCs.TC_002_Check</td><td><a href="#m27">check</a></td><td rowspan="1">1530081181296</td><td rowspan="1">5001</td></tr><tr class="passedodd"><td rowspan="1">com.c2info.RMS_HomePageTCs.TC_005_VerifySearchForItemName</td><td><a href="#m28">verifyItemSearchInGridViewForMyRequest</a></td><td rowspan="1">1530081142921</td><td rowspan="1">27923</td></tr><tr class="passedeven"><td rowspan="1">com.c2info.RMS_HomePageTCs.TC_007_VerifyGridAndListButtonFunctionality</td><td><a href="#m29">verifyListViewButtonFunctionality</a></td><td rowspan="1">1530081975967</td><td rowspan="1">2231</td></tr><tr class="passedodd"><td rowspan="1">com.c2info.RMS_HomePageTCs.TC_008_VerifyBrokenLinks</td><td><a href="#m30">verifyBrokenLinks</a></td><td rowspan="1">1530082050279</td><td rowspan="1">11926</td></tr><tr class="passedeven"><td rowspan="1">com.c2info.RMS_NewRequestTCs.TC001_VerifyNewRequestFunctionailtyForSingleProduct</td><td><a href="#m31">verifyNewRequestFunctionality</a></td><td rowspan="1">1530083123950</td><td rowspan="1">43061</td></tr><tr class="passedodd"><td rowspan="1">com.c2info.RMS_NewRequestTCs.TC002_VerifyByAddingItemsInRequest</td><td><a href="#m32">verifyAddingItems</a></td><td rowspan="1">1530082519426</td><td rowspan="1">16740</td></tr><tr class="passedeven"><td rowspan="1">com.c2info.RMS_NewRequestTCs.TC005_VerifyPriceField</td><td><a href="#m33">verifyPriceField</a></td><td rowspan="1">1530082944109</td><td rowspan="1">17965</td></tr><tr class="passedodd"><td rowspan="1">com.c2info.RMS_NewRequestTCs.TC007_VerifyNewRequestStatusInRequestorPage</td><td><a href="#m34">verifyNewRequestStatus</a></td><td rowspan="1">1530080505453</td><td rowspan="1">64820</td></tr><tr class="passedeven"><td rowspan="1">com.c2info.RMS_NewRequestTCs.TC008_VerifyApprovalStatusInRequestorLogin</td><td><a href="#m35">verifyStatusInHomePage</a></td><td rowspan="1">1530082800116</td><td rowspan="1">110151</td></tr><tr class="passedodd"><td rowspan="1">com.c2info.RMS_NewRequestTCs.TC009_VerifyRateConfirmationStatusInRequestorLogin</td><td><a href="#m36">verifyStatusInRequestorLoginPage</a></td><td rowspan="1">1530081212445</td><td rowspan="1">160414</td></tr><tr class="passedeven"><td rowspan="1">com.c2info.RMS_POGeneratorTCs.TC002_VerifyItemDetailsInPOpage</td><td><a href="#m37">verifyItemDetails</a></td><td rowspan="1">1530080956179</td><td rowspan="1">140365</td></tr><tr class="passedodd"><td rowspan="1">com.c2info.RMS_RequestApproverTCs.TC001_VerifyUptoRequestApprovalFunctionality</td><td><a href="#m38">verifyRequestApprovalFunctionality</a></td><td rowspan="1">1530081635999</td><td rowspan="1">96494</td></tr><tr class="passedeven"><td rowspan="1">com.c2info.RMS_RequestApproverTCs.TC002_VerifyRequestCreationInApprovalPage</td><td><a href="#m39">verifyRequestCreationInApprovalPage</a></td><td rowspan="1">1530081902910</td><td rowspan="1">61429</td></tr><tr class="passedodd"><td rowspan="1">com.c2info.RMS_RequestApproverTCs.TC003_VerifyItemName_Qty_Price_InApprovalPage</td><td><a href="#m40">VerifyItemName_Qty_Price_InApprovalPage</a></td><td rowspan="1">1530080815361</td><td rowspan="1">52187</td></tr><tr class="passedeven"><td rowspan="1">com.c2info.RMS_RequestApproverTCs.TC004_VerifyNewRequestStatusInApprovalPage</td><td><a href="#m41">verifyStatusInApprovalPage</a></td><td rowspan="1">1530081988856</td><td rowspan="1">49843</td></tr></tbody>
</table>
<h2>FunctionalTest</h2><h3 id="m0">com.c2info.RMS_HomePageTCs.TC_001_VerifyLoginLogOut#afterMethod</h3><table class="result"><tr class="param"><th>Parameter #1</th></tr><tr class="param stripe"><td>[TestResult name=verifyLogOut status=FAILURE method=TC_001_VerifyLoginLogOut.verifyLogOut()[pri:1, instance:com.c2info.RMS_HomePageTCs.TC_001_VerifyLoginLogOut@214b199c] output={null}]</td></tr><tr><th>Exception</th></tr><tr><td><div class="stacktrace">java.lang.NullPointerException
	at com.relevantcodes.extentreports.ExtentTest.isPathRelative(ExtentTest.java:502)
	at com.relevantcodes.extentreports.ExtentTest.addScreenCapture(ExtentTest.java:287)
	at com.c2info.RMS_TestBase.TestBase.getResult(TestBase.java:243)
	at com.c2info.RMS_TestBase.TestBase.afterMethod(TestBase.java:264)
... Removed 26 stack frames</div></td></tr></table><p class="totop"><a href="#summary">back to summary</a></p>
<h3 id="m1">com.c2info.RMS_HomePageTCs.TC_001_VerifyLoginLogOut#endTest</h3><table class="result"><tr><th>Exception</th></tr><tr><td><div class="stacktrace">org.openqa.selenium.remote.SessionNotFoundException: no such session
  (Driver info: chromedriver=2.37.544315 (730aa6a5fdba159ac9f4c1e8cbc59bf1b5ce12b7),platform=Windows NT 10.0.17134 x86_64) (WARNING: The server did not provide any stacktrace information)
Command duration or timeout: 1 milliseconds
Build info: version: &apos;2.53.1&apos;, revision: &apos;a36b8b1cd5757287168e54b817830adce9b0158d&apos;, time: &apos;2016-06-30 19:26:09&apos;
System info: host: &apos;ChethanBidare-pc&apos;, ip: &apos;172.16.18.209&apos;, os.name: &apos;Windows 10&apos;, os.arch: &apos;amd64&apos;, os.version: &apos;10.0&apos;, java.version: &apos;1.8.0_144&apos;
Driver info: org.openqa.selenium.chrome.ChromeDriver
Capabilities [{applicationCacheEnabled=false, rotatable=false, mobileEmulationEnabled=false, networkConnectionEnabled=false, chrome={chromedriverVersion=2.37.544315 (730aa6a5fdba159ac9f4c1e8cbc59bf1b5ce12b7), userDataDir=C:\Users\User1\AppData\Local\Temp\scoped_dir6156_25596}, takesHeapSnapshot=true, pageLoadStrategy=normal, databaseEnabled=false, handlesAlerts=true, hasTouchScreen=false, version=67.0.3396.99, platform=XP, browserConnectionEnabled=false, nativeEvents=true, acceptSslCerts=false, acceptInsecureCerts=false, locationContextEnabled=true, webStorageEnabled=true, browserName=chrome, takesScreenshot=true, javascriptEnabled=true, cssSelectorsEnabled=true, setWindowRect=true, unexpectedAlertBehaviour=}]
Session ID: 6b4048fd3e89e9e48273265fa7f15292
	at org.openqa.selenium.remote.ErrorHandler.createThrowable(ErrorHandler.java:206)
	at org.openqa.selenium.remote.ErrorHandler.throwIfResponseFailed(ErrorHandler.java:158)
	at org.openqa.selenium.remote.RemoteWebDriver.execute(RemoteWebDriver.java:678)
	at org.openqa.selenium.remote.RemoteWebDriver.execute(RemoteWebDriver.java:701)
	at org.openqa.selenium.remote.RemoteWebDriver.close(RemoteWebDriver.java:521)
	at com.c2info.RMS_TestBase.TestBase.endTest(TestBase.java:268)
... Removed 28 stack frames</div></td></tr></table><p class="totop"><a href="#summary">back to summary</a></p>
<h3 id="m2">com.c2info.RMS_HomePageTCs.TC_005_VerifySearchForItemName#endTest</h3><table class="result"><tr><th>Exception</th></tr><tr><td><div class="stacktrace">org.openqa.selenium.remote.SessionNotFoundException: no such session
  (Driver info: chromedriver=2.37.544315 (730aa6a5fdba159ac9f4c1e8cbc59bf1b5ce12b7),platform=Windows NT 10.0.17134 x86_64) (WARNING: The server did not provide any stacktrace information)
Command duration or timeout: 2 milliseconds
Build info: version: &apos;2.53.1&apos;, revision: &apos;a36b8b1cd5757287168e54b817830adce9b0158d&apos;, time: &apos;2016-06-30 19:26:09&apos;
System info: host: &apos;ChethanBidare-pc&apos;, ip: &apos;172.16.18.209&apos;, os.name: &apos;Windows 10&apos;, os.arch: &apos;amd64&apos;, os.version: &apos;10.0&apos;, java.version: &apos;1.8.0_144&apos;
Driver info: org.openqa.selenium.chrome.ChromeDriver
Capabilities [{applicationCacheEnabled=false, rotatable=false, mobileEmulationEnabled=false, networkConnectionEnabled=false, chrome={chromedriverVersion=2.37.544315 (730aa6a5fdba159ac9f4c1e8cbc59bf1b5ce12b7), userDataDir=C:\Users\User1\AppData\Local\Temp\scoped_dir6156_25596}, takesHeapSnapshot=true, pageLoadStrategy=normal, databaseEnabled=false, handlesAlerts=true, hasTouchScreen=false, version=67.0.3396.99, platform=XP, browserConnectionEnabled=false, nativeEvents=true, acceptSslCerts=false, acceptInsecureCerts=false, locationContextEnabled=true, webStorageEnabled=true, browserName=chrome, takesScreenshot=true, javascriptEnabled=true, cssSelectorsEnabled=true, setWindowRect=true, unexpectedAlertBehaviour=}]
Session ID: 6b4048fd3e89e9e48273265fa7f15292
	at org.openqa.selenium.remote.ErrorHandler.createThrowable(ErrorHandler.java:206)
	at org.openqa.selenium.remote.ErrorHandler.throwIfResponseFailed(ErrorHandler.java:158)
	at org.openqa.selenium.remote.RemoteWebDriver.execute(RemoteWebDriver.java:678)
	at org.openqa.selenium.remote.RemoteWebDriver.execute(RemoteWebDriver.java:701)
	at org.openqa.selenium.remote.RemoteWebDriver.close(RemoteWebDriver.java:521)
	at com.c2info.RMS_TestBase.TestBase.endTest(TestBase.java:268)
... Removed 28 stack frames</div></td></tr></table><p class="totop"><a href="#summary">back to summary</a></p>
<h3 id="m3">com.c2info.RMS_CostCenterApproverTCs.TC001_VerifyUptoCostCenterApprovalFunctionality#verifyUptoCostCenterApprovalFunctionality</h3><table class="result"><tr><th>Messages</th></tr><tr><td><div class="messages"><a href='E:\workspace\com.c2info.RMS\src\main\java\com\c2info\RMS_Screenshots\FailureScreenshots\verifyUptoCostCenterApprovalFunctionality_2018_06_178_12_06_896.png' ><img src = 'E:\workspace\com.c2info.RMS\src\main\java\com\c2info\RMS_Screenshots\FailureScreenshots\verifyUptoCostCenterApprovalFunctionality_2018_06_178_12_06_896.png' hieght='100' width='100' /></a></div></td></tr><tr><th>Exception</th></tr><tr><td><div class="stacktrace">org.openqa.selenium.TimeoutException: Timed out after 60 seconds waiting for element to be clickable: Proxy element for: DefaultElementLocator &apos;By.id: select2-empname-container&apos;
Build info: version: &apos;2.53.1&apos;, revision: &apos;a36b8b1cd5757287168e54b817830adce9b0158d&apos;, time: &apos;2016-06-30 19:26:09&apos;
System info: host: &apos;ChethanBidare-pc&apos;, ip: &apos;172.16.18.209&apos;, os.name: &apos;Windows 10&apos;, os.arch: &apos;amd64&apos;, os.version: &apos;10.0&apos;, java.version: &apos;1.8.0_144&apos;
Driver info: org.openqa.selenium.chrome.ChromeDriver
Capabilities [{applicationCacheEnabled=false, rotatable=false, mobileEmulationEnabled=false, networkConnectionEnabled=false, chrome={chromedriverVersion=2.37.544315 (730aa6a5fdba159ac9f4c1e8cbc59bf1b5ce12b7), userDataDir=C:\Users\User1\AppData\Local\Temp\scoped_dir2628_24734}, takesHeapSnapshot=true, pageLoadStrategy=normal, databaseEnabled=false, handlesAlerts=true, hasTouchScreen=false, version=67.0.3396.99, platform=XP, browserConnectionEnabled=false, nativeEvents=true, acceptSslCerts=false, acceptInsecureCerts=false, locationContextEnabled=true, webStorageEnabled=true, browserName=chrome, takesScreenshot=true, javascriptEnabled=true, cssSelectorsEnabled=true, setWindowRect=true, unexpectedAlertBehaviour=}]
Session ID: b0d9adc4d2e97cec010237442dcac660
	at org.openqa.selenium.support.ui.WebDriverWait.timeoutException(WebDriverWait.java:80)
	at org.openqa.selenium.support.ui.FluentWait.until(FluentWait.java:261)
	at com.c2info.RMS_UIActions.DeskConfirmationPage.selectSupplierAndLoadData(DeskConfirmationPage.java:115)
	at com.c2info.RMS_CostCenterApproverTCs.TC001_VerifyUptoCostCenterApprovalFunctionality.verifyUptoCostCenterApprovalFunctionality(TC001_VerifyUptoCostCenterApprovalFunctionality.java:80)
Caused by: org.openqa.selenium.NoSuchElementException: no such element: Unable to locate element: {&quot;method&quot;:&quot;id&quot;,&quot;selector&quot;:&quot;select2-empname-container&quot;}
  (Session info: chrome=67.0.3396.99)
  (Driver info: chromedriver=2.37.544315 (730aa6a5fdba159ac9f4c1e8cbc59bf1b5ce12b7),platform=Windows NT 10.0.17134 x86_64) (WARNING: The server did not provide any stacktrace information)
Command duration or timeout: 60.03 seconds
For documentation on this error, please visit: http://seleniumhq.org/exceptions/no_such_element.html
Build info: version: &apos;2.53.1&apos;, revision: &apos;a36b8b1cd5757287168e54b817830adce9b0158d&apos;, time: &apos;2016-06-30 19:26:09&apos;
System info: host: &apos;ChethanBidare-pc&apos;, ip: &apos;172.16.18.209&apos;, os.name: &apos;Windows 10&apos;, os.arch: &apos;amd64&apos;, os.version: &apos;10.0&apos;, java.version: &apos;1.8.0_144&apos;
Driver info: org.openqa.selenium.chrome.ChromeDriver
Capabilities [{applicationCacheEnabled=false, rotatable=false, mobileEmulationEnabled=false, networkConnectionEnabled=false, chrome={chromedriverVersion=2.37.544315 (730aa6a5fdba159ac9f4c1e8cbc59bf1b5ce12b7), userDataDir=C:\Users\User1\AppData\Local\Temp\scoped_dir2628_24734}, takesHeapSnapshot=true, pageLoadStrategy=normal, databaseEnabled=false, handlesAlerts=true, hasTouchScreen=false, version=67.0.3396.99, platform=XP, browserConnectionEnabled=false, nativeEvents=true, acceptSslCerts=false, acceptInsecureCerts=false, locationContextEnabled=true, webStorageEnabled=true, browserName=chrome, takesScreenshot=true, javascriptEnabled=true, cssSelectorsEnabled=true, setWindowRect=true, unexpectedAlertBehaviour=}]
Session ID: b0d9adc4d2e97cec010237442dcac660
*** Element info: {Using=id, value=select2-empname-container}
	at org.openqa.selenium.remote.ErrorHandler.createThrowable(ErrorHandler.java:206)
	at org.openqa.selenium.remote.ErrorHandler.throwIfResponseFailed(ErrorHandler.java:158)
	at org.openqa.selenium.remote.RemoteWebDriver.execute(RemoteWebDriver.java:678)
	at org.openqa.selenium.remote.RemoteWebDriver.findElement(RemoteWebDriver.java:363)
	at org.openqa.selenium.remote.RemoteWebDriver.findElementById(RemoteWebDriver.java:413)
	at org.openqa.selenium.By$ById.findElement(By.java:218)
	at org.openqa.selenium.remote.RemoteWebDriver.findElement(RemoteWebDriver.java:355)
	at org.openqa.selenium.support.pagefactory.DefaultElementLocator.findElement(DefaultElementLocator.java:69)
	at org.openqa.selenium.support.pagefactory.internal.LocatingElementHandler.invoke(LocatingElementHandler.java:38)
	at com.sun.proxy.$Proxy9.isDisplayed(Unknown Source)
	at org.openqa.selenium.support.ui.ExpectedConditions.elementIfVisible(ExpectedConditions.java:302)
	at org.openqa.selenium.support.ui.ExpectedConditions.access$100(ExpectedConditions.java:41)
	at org.openqa.selenium.support.ui.ExpectedConditions$10.apply(ExpectedConditions.java:288)
	at org.openqa.selenium.support.ui.ExpectedConditions$10.apply(ExpectedConditions.java:285)
	at org.openqa.selenium.support.ui.ExpectedConditions$23.apply(ExpectedConditions.java:687)
	at org.openqa.selenium.support.ui.ExpectedConditions$23.apply(ExpectedConditions.java:680)
	at org.openqa.selenium.support.ui.FluentWait.until(FluentWait.java:238)
	... 27 more
... Removed 29 stack frames</div></td></tr></table><p class="totop"><a href="#summary">back to summary</a></p>
<h3 id="m4">com.c2info.RMS_DeskConfirmerTCs.TC002_VerifyUptoDeskConfirmationFunctionality#verifyDeskConfirmationFunctionality</h3><table class="result"><tr><th>Messages</th></tr><tr><td><div class="messages"><a href='E:\workspace\com.c2info.RMS\src\main\java\com\c2info\RMS_Screenshots\FailureScreenshots\verifyDeskConfirmationFunctionality_2018_06_178_12_06_65.png' ><img src = 'E:\workspace\com.c2info.RMS\src\main\java\com\c2info\RMS_Screenshots\FailureScreenshots\verifyDeskConfirmationFunctionality_2018_06_178_12_06_65.png' hieght='100' width='100' /></a></div></td></tr><tr><th>Exception</th></tr><tr><td><div class="stacktrace">org.openqa.selenium.TimeoutException: Timed out after 60 seconds waiting for element to be clickable: Proxy element for: DefaultElementLocator &apos;By.id: select2-empname-container&apos;
Build info: version: &apos;2.53.1&apos;, revision: &apos;a36b8b1cd5757287168e54b817830adce9b0158d&apos;, time: &apos;2016-06-30 19:26:09&apos;
System info: host: &apos;ChethanBidare-pc&apos;, ip: &apos;172.16.18.209&apos;, os.name: &apos;Windows 10&apos;, os.arch: &apos;amd64&apos;, os.version: &apos;10.0&apos;, java.version: &apos;1.8.0_144&apos;
Driver info: org.openqa.selenium.chrome.ChromeDriver
Capabilities [{applicationCacheEnabled=false, rotatable=false, mobileEmulationEnabled=false, networkConnectionEnabled=false, chrome={chromedriverVersion=2.37.544315 (730aa6a5fdba159ac9f4c1e8cbc59bf1b5ce12b7), userDataDir=C:\Users\User1\AppData\Local\Temp\scoped_dir12468_5305}, takesHeapSnapshot=true, pageLoadStrategy=normal, databaseEnabled=false, handlesAlerts=true, hasTouchScreen=false, version=67.0.3396.99, platform=XP, browserConnectionEnabled=false, nativeEvents=true, acceptSslCerts=false, acceptInsecureCerts=false, locationContextEnabled=true, webStorageEnabled=true, browserName=chrome, takesScreenshot=true, javascriptEnabled=true, cssSelectorsEnabled=true, setWindowRect=true, unexpectedAlertBehaviour=}]
Session ID: 4fb1a0359a71131d638a2197bf69cdb9
	at org.openqa.selenium.support.ui.WebDriverWait.timeoutException(WebDriverWait.java:80)
	at org.openqa.selenium.support.ui.FluentWait.until(FluentWait.java:261)
	at com.c2info.RMS_UIActions.DeskConfirmationPage.selectSupplierAndLoadData(DeskConfirmationPage.java:115)
	at com.c2info.RMS_DeskConfirmerTCs.TC002_VerifyUptoDeskConfirmationFunctionality.verifyDeskConfirmationFunctionality(TC002_VerifyUptoDeskConfirmationFunctionality.java:78)
Caused by: org.openqa.selenium.NoSuchElementException: no such element: Unable to locate element: {&quot;method&quot;:&quot;id&quot;,&quot;selector&quot;:&quot;select2-empname-container&quot;}
  (Session info: chrome=67.0.3396.99)
  (Driver info: chromedriver=2.37.544315 (730aa6a5fdba159ac9f4c1e8cbc59bf1b5ce12b7),platform=Windows NT 10.0.17134 x86_64) (WARNING: The server did not provide any stacktrace information)
Command duration or timeout: 60.03 seconds
For documentation on this error, please visit: http://seleniumhq.org/exceptions/no_such_element.html
Build info: version: &apos;2.53.1&apos;, revision: &apos;a36b8b1cd5757287168e54b817830adce9b0158d&apos;, time: &apos;2016-06-30 19:26:09&apos;
System info: host: &apos;ChethanBidare-pc&apos;, ip: &apos;172.16.18.209&apos;, os.name: &apos;Windows 10&apos;, os.arch: &apos;amd64&apos;, os.version: &apos;10.0&apos;, java.version: &apos;1.8.0_144&apos;
Driver info: org.openqa.selenium.chrome.ChromeDriver
Capabilities [{applicationCacheEnabled=false, rotatable=false, mobileEmulationEnabled=false, networkConnectionEnabled=false, chrome={chromedriverVersion=2.37.544315 (730aa6a5fdba159ac9f4c1e8cbc59bf1b5ce12b7), userDataDir=C:\Users\User1\AppData\Local\Temp\scoped_dir12468_5305}, takesHeapSnapshot=true, pageLoadStrategy=normal, databaseEnabled=false, handlesAlerts=true, hasTouchScreen=false, version=67.0.3396.99, platform=XP, browserConnectionEnabled=false, nativeEvents=true, acceptSslCerts=false, acceptInsecureCerts=false, locationContextEnabled=true, webStorageEnabled=true, browserName=chrome, takesScreenshot=true, javascriptEnabled=true, cssSelectorsEnabled=true, setWindowRect=true, unexpectedAlertBehaviour=}]
Session ID: 4fb1a0359a71131d638a2197bf69cdb9
*** Element info: {Using=id, value=select2-empname-container}
	at org.openqa.selenium.remote.ErrorHandler.createThrowable(ErrorHandler.java:206)
	at org.openqa.selenium.remote.ErrorHandler.throwIfResponseFailed(ErrorHandler.java:158)
	at org.openqa.selenium.remote.RemoteWebDriver.execute(RemoteWebDriver.java:678)
	at org.openqa.selenium.remote.RemoteWebDriver.findElement(RemoteWebDriver.java:363)
	at org.openqa.selenium.remote.RemoteWebDriver.findElementById(RemoteWebDriver.java:413)
	at org.openqa.selenium.By$ById.findElement(By.java:218)
	at org.openqa.selenium.remote.RemoteWebDriver.findElement(RemoteWebDriver.java:355)
	at org.openqa.selenium.support.pagefactory.DefaultElementLocator.findElement(DefaultElementLocator.java:69)
	at org.openqa.selenium.support.pagefactory.internal.LocatingElementHandler.invoke(LocatingElementHandler.java:38)
	at com.sun.proxy.$Proxy9.isDisplayed(Unknown Source)
	at org.openqa.selenium.support.ui.ExpectedConditions.elementIfVisible(ExpectedConditions.java:302)
	at org.openqa.selenium.support.ui.ExpectedConditions.access$100(ExpectedConditions.java:41)
	at org.openqa.selenium.support.ui.ExpectedConditions$10.apply(ExpectedConditions.java:288)
	at org.openqa.selenium.support.ui.ExpectedConditions$10.apply(ExpectedConditions.java:285)
	at org.openqa.selenium.support.ui.ExpectedConditions$23.apply(ExpectedConditions.java:687)
	at org.openqa.selenium.support.ui.ExpectedConditions$23.apply(ExpectedConditions.java:680)
	at org.openqa.selenium.support.ui.FluentWait.until(FluentWait.java:238)
	... 27 more
... Removed 29 stack frames</div></td></tr></table><p class="totop"><a href="#summary">back to summary</a></p>
<h3 id="m5">com.c2info.RMS_FinancialApproverTCs.TC001_VerifyUptoFinancialApprovalPage#verifyUptoCostCenterApprovalFunctionality</h3><table class="result"><tr><th>Messages</th></tr><tr><td><div class="messages"><a href='E:\workspace\com.c2info.RMS\src\main\java\com\c2info\RMS_Screenshots\FailureScreenshots\verifyUptoCostCenterApprovalFunctionality_2018_06_178_11_06_595.png' ><img src = 'E:\workspace\com.c2info.RMS\src\main\java\com\c2info\RMS_Screenshots\FailureScreenshots\verifyUptoCostCenterApprovalFunctionality_2018_06_178_11_06_595.png' hieght='100' width='100' /></a></div></td></tr><tr><th>Exception</th></tr><tr><td><div class="stacktrace">org.openqa.selenium.TimeoutException: Timed out after 60 seconds waiting for element to be clickable: Proxy element for: DefaultElementLocator &apos;By.id: select2-empname-container&apos;
Build info: version: &apos;2.53.1&apos;, revision: &apos;a36b8b1cd5757287168e54b817830adce9b0158d&apos;, time: &apos;2016-06-30 19:26:09&apos;
System info: host: &apos;ChethanBidare-pc&apos;, ip: &apos;172.16.18.209&apos;, os.name: &apos;Windows 10&apos;, os.arch: &apos;amd64&apos;, os.version: &apos;10.0&apos;, java.version: &apos;1.8.0_144&apos;
Driver info: org.openqa.selenium.chrome.ChromeDriver
Capabilities [{applicationCacheEnabled=false, rotatable=false, mobileEmulationEnabled=false, networkConnectionEnabled=false, chrome={chromedriverVersion=2.37.544315 (730aa6a5fdba159ac9f4c1e8cbc59bf1b5ce12b7), userDataDir=C:\Users\User1\AppData\Local\Temp\scoped_dir628_18074}, takesHeapSnapshot=true, pageLoadStrategy=normal, databaseEnabled=false, handlesAlerts=true, hasTouchScreen=false, version=67.0.3396.99, platform=XP, browserConnectionEnabled=false, nativeEvents=true, acceptSslCerts=false, acceptInsecureCerts=false, locationContextEnabled=true, webStorageEnabled=true, browserName=chrome, takesScreenshot=true, javascriptEnabled=true, cssSelectorsEnabled=true, setWindowRect=true, unexpectedAlertBehaviour=}]
Session ID: 4fe833394eea591ea044484f2fa32f49
	at org.openqa.selenium.support.ui.WebDriverWait.timeoutException(WebDriverWait.java:80)
	at org.openqa.selenium.support.ui.FluentWait.until(FluentWait.java:261)
	at com.c2info.RMS_UIActions.DeskConfirmationPage.selectSupplierAndLoadData(DeskConfirmationPage.java:115)
	at com.c2info.RMS_FinancialApproverTCs.TC001_VerifyUptoFinancialApprovalPage.verifyUptoCostCenterApprovalFunctionality(TC001_VerifyUptoFinancialApprovalPage.java:81)
Caused by: org.openqa.selenium.NoSuchElementException: no such element: Unable to locate element: {&quot;method&quot;:&quot;id&quot;,&quot;selector&quot;:&quot;select2-empname-container&quot;}
  (Session info: chrome=67.0.3396.99)
  (Driver info: chromedriver=2.37.544315 (730aa6a5fdba159ac9f4c1e8cbc59bf1b5ce12b7),platform=Windows NT 10.0.17134 x86_64) (WARNING: The server did not provide any stacktrace information)
Command duration or timeout: 60.02 seconds
For documentation on this error, please visit: http://seleniumhq.org/exceptions/no_such_element.html
Build info: version: &apos;2.53.1&apos;, revision: &apos;a36b8b1cd5757287168e54b817830adce9b0158d&apos;, time: &apos;2016-06-30 19:26:09&apos;
System info: host: &apos;ChethanBidare-pc&apos;, ip: &apos;172.16.18.209&apos;, os.name: &apos;Windows 10&apos;, os.arch: &apos;amd64&apos;, os.version: &apos;10.0&apos;, java.version: &apos;1.8.0_144&apos;
Driver info: org.openqa.selenium.chrome.ChromeDriver
Capabilities [{applicationCacheEnabled=false, rotatable=false, mobileEmulationEnabled=false, networkConnectionEnabled=false, chrome={chromedriverVersion=2.37.544315 (730aa6a5fdba159ac9f4c1e8cbc59bf1b5ce12b7), userDataDir=C:\Users\User1\AppData\Local\Temp\scoped_dir628_18074}, takesHeapSnapshot=true, pageLoadStrategy=normal, databaseEnabled=false, handlesAlerts=true, hasTouchScreen=false, version=67.0.3396.99, platform=XP, browserConnectionEnabled=false, nativeEvents=true, acceptSslCerts=false, acceptInsecureCerts=false, locationContextEnabled=true, webStorageEnabled=true, browserName=chrome, takesScreenshot=true, javascriptEnabled=true, cssSelectorsEnabled=true, setWindowRect=true, unexpectedAlertBehaviour=}]
Session ID: 4fe833394eea591ea044484f2fa32f49
*** Element info: {Using=id, value=select2-empname-container}
	at org.openqa.selenium.remote.ErrorHandler.createThrowable(ErrorHandler.java:206)
	at org.openqa.selenium.remote.ErrorHandler.throwIfResponseFailed(ErrorHandler.java:158)
	at org.openqa.selenium.remote.RemoteWebDriver.execute(RemoteWebDriver.java:678)
	at org.openqa.selenium.remote.RemoteWebDriver.findElement(RemoteWebDriver.java:363)
	at org.openqa.selenium.remote.RemoteWebDriver.findElementById(RemoteWebDriver.java:413)
	at org.openqa.selenium.By$ById.findElement(By.java:218)
	at org.openqa.selenium.remote.RemoteWebDriver.findElement(RemoteWebDriver.java:355)
	at org.openqa.selenium.support.pagefactory.DefaultElementLocator.findElement(DefaultElementLocator.java:69)
	at org.openqa.selenium.support.pagefactory.internal.LocatingElementHandler.invoke(LocatingElementHandler.java:38)
	at com.sun.proxy.$Proxy9.isDisplayed(Unknown Source)
	at org.openqa.selenium.support.ui.ExpectedConditions.elementIfVisible(ExpectedConditions.java:302)
	at org.openqa.selenium.support.ui.ExpectedConditions.access$100(ExpectedConditions.java:41)
	at org.openqa.selenium.support.ui.ExpectedConditions$10.apply(ExpectedConditions.java:288)
	at org.openqa.selenium.support.ui.ExpectedConditions$10.apply(ExpectedConditions.java:285)
	at org.openqa.selenium.support.ui.ExpectedConditions$23.apply(ExpectedConditions.java:687)
	at org.openqa.selenium.support.ui.ExpectedConditions$23.apply(ExpectedConditions.java:680)
	at org.openqa.selenium.support.ui.FluentWait.until(FluentWait.java:238)
	... 27 more
... Removed 29 stack frames</div></td></tr></table><p class="totop"><a href="#summary">back to summary</a></p>
<h3 id="m6">com.c2info.RMS_FinancialApproverTCs.TC002_VerifyItemDetailsInFinancialPage#verifyItemDetails</h3><table class="result"><tr><th>Messages</th></tr><tr><td><div class="messages"><a href='E:\workspace\com.c2info.RMS\src\main\java\com\c2info\RMS_Screenshots\FailureScreenshots\verifyItemDetails_2018_06_178_12_06_725.png' ><img src = 'E:\workspace\com.c2info.RMS\src\main\java\com\c2info\RMS_Screenshots\FailureScreenshots\verifyItemDetails_2018_06_178_12_06_725.png' hieght='100' width='100' /></a></div></td></tr><tr><th>Exception</th></tr><tr><td><div class="stacktrace">org.openqa.selenium.WebDriverException: unknown error: Element &lt;li&gt;...&lt;/li&gt; is not clickable at point (807, 38). Other element would receive the click: &lt;div class=&quot;mobile-loading-bg&quot;&gt;&lt;/div&gt;
  (Session info: chrome=67.0.3396.99)
  (Driver info: chromedriver=2.37.544315 (730aa6a5fdba159ac9f4c1e8cbc59bf1b5ce12b7),platform=Windows NT 10.0.17134 x86_64) (WARNING: The server did not provide any stacktrace information)
Command duration or timeout: 33 milliseconds
Build info: version: &apos;2.53.1&apos;, revision: &apos;a36b8b1cd5757287168e54b817830adce9b0158d&apos;, time: &apos;2016-06-30 19:26:09&apos;
System info: host: &apos;ChethanBidare-pc&apos;, ip: &apos;172.16.18.209&apos;, os.name: &apos;Windows 10&apos;, os.arch: &apos;amd64&apos;, os.version: &apos;10.0&apos;, java.version: &apos;1.8.0_144&apos;
Driver info: org.openqa.selenium.chrome.ChromeDriver
Capabilities [{applicationCacheEnabled=false, rotatable=false, mobileEmulationEnabled=false, networkConnectionEnabled=false, chrome={chromedriverVersion=2.37.544315 (730aa6a5fdba159ac9f4c1e8cbc59bf1b5ce12b7), userDataDir=C:\Users\User1\AppData\Local\Temp\scoped_dir11276_26617}, takesHeapSnapshot=true, pageLoadStrategy=normal, databaseEnabled=false, handlesAlerts=true, hasTouchScreen=false, version=67.0.3396.99, platform=XP, browserConnectionEnabled=false, nativeEvents=true, acceptSslCerts=false, acceptInsecureCerts=false, locationContextEnabled=true, webStorageEnabled=true, browserName=chrome, takesScreenshot=true, javascriptEnabled=true, cssSelectorsEnabled=true, setWindowRect=true, unexpectedAlertBehaviour=}]
Session ID: 584ef603dccfadeb2f26e12f9cbf5e3b
	at org.openqa.selenium.remote.ErrorHandler.createThrowable(ErrorHandler.java:206)
	at org.openqa.selenium.remote.ErrorHandler.throwIfResponseFailed(ErrorHandler.java:158)
	at org.openqa.selenium.remote.RemoteWebDriver.execute(RemoteWebDriver.java:678)
	at org.openqa.selenium.remote.RemoteWebElement.execute(RemoteWebElement.java:327)
	at org.openqa.selenium.remote.RemoteWebElement.click(RemoteWebElement.java:85)
	at com.c2info.RMS_UIActions.HomePage.doLogOut(HomePage.java:91)
	at com.c2info.RMS_FinancialApproverTCs.TC002_VerifyItemDetailsInFinancialPage.verifyItemDetails(TC002_VerifyItemDetailsInFinancialPage.java:98)
... Removed 29 stack frames</div></td></tr></table><p class="totop"><a href="#summary">back to summary</a></p>
<h3 id="m7">com.c2info.RMS_FinancialApproverTCs.TC003_VerifyNewRequestStatusInFinancialPage#verifyStatusInFinancialPage</h3><table class="result"><tr><th>Messages</th></tr><tr><td><div class="messages"><a href='E:\workspace\com.c2info.RMS\src\main\java\com\c2info\RMS_Screenshots\FailureScreenshots\verifyStatusInFinancialPage_2018_06_178_12_06_401.png' ><img src = 'E:\workspace\com.c2info.RMS\src\main\java\com\c2info\RMS_Screenshots\FailureScreenshots\verifyStatusInFinancialPage_2018_06_178_12_06_401.png' hieght='100' width='100' /></a></div></td></tr><tr><th>Exception</th></tr><tr><td><div class="stacktrace">org.openqa.selenium.InvalidElementStateException: invalid element state: Element is not currently interactable and may not be manipulated
  (Session info: chrome=67.0.3396.99)
  (Driver info: chromedriver=2.37.544315 (730aa6a5fdba159ac9f4c1e8cbc59bf1b5ce12b7),platform=Windows NT 10.0.17134 x86_64) (WARNING: The server did not provide any stacktrace information)
Command duration or timeout: 31 milliseconds
Build info: version: &apos;2.53.1&apos;, revision: &apos;a36b8b1cd5757287168e54b817830adce9b0158d&apos;, time: &apos;2016-06-30 19:26:09&apos;
System info: host: &apos;ChethanBidare-pc&apos;, ip: &apos;172.16.18.209&apos;, os.name: &apos;Windows 10&apos;, os.arch: &apos;amd64&apos;, os.version: &apos;10.0&apos;, java.version: &apos;1.8.0_144&apos;
Driver info: org.openqa.selenium.chrome.ChromeDriver
Capabilities [{applicationCacheEnabled=false, rotatable=false, mobileEmulationEnabled=false, networkConnectionEnabled=false, chrome={chromedriverVersion=2.37.544315 (730aa6a5fdba159ac9f4c1e8cbc59bf1b5ce12b7), userDataDir=C:\Users\User1\AppData\Local\Temp\scoped_dir5396_15570}, takesHeapSnapshot=true, pageLoadStrategy=normal, databaseEnabled=false, handlesAlerts=true, hasTouchScreen=false, version=67.0.3396.99, platform=XP, browserConnectionEnabled=false, nativeEvents=true, acceptSslCerts=false, acceptInsecureCerts=false, locationContextEnabled=true, webStorageEnabled=true, browserName=chrome, takesScreenshot=true, javascriptEnabled=true, cssSelectorsEnabled=true, setWindowRect=true, unexpectedAlertBehaviour=}]
Session ID: 6104b9fa4105db3847f5014749619a01
	at org.openqa.selenium.remote.ErrorHandler.createThrowable(ErrorHandler.java:206)
	at org.openqa.selenium.remote.ErrorHandler.throwIfResponseFailed(ErrorHandler.java:158)
	at org.openqa.selenium.remote.RemoteWebDriver.execute(RemoteWebDriver.java:678)
	at org.openqa.selenium.remote.RemoteWebElement.execute(RemoteWebElement.java:327)
	at org.openqa.selenium.remote.RemoteWebElement.clear(RemoteWebElement.java:140)
	at org.openqa.selenium.support.pagefactory.internal.LocatingElementHandler.invoke(LocatingElementHandler.java:51)
	at com.sun.proxy.$Proxy9.clear(Unknown Source)
	at com.c2info.RMS_UIActions.NewRequestPage.enterQty(NewRequestPage.java:171)
	at com.c2info.RMS_FinancialApproverTCs.TC003_VerifyNewRequestStatusInFinancialPage.verifyStatusInFinancialPage(TC003_VerifyNewRequestStatusInFinancialPage.java:48)
... Removed 32 stack frames</div></td></tr></table><p class="totop"><a href="#summary">back to summary</a></p>
<h3 id="m8">com.c2info.RMS_HomePageTCs.TC_001_VerifyLoginLogOut#verifyLogOut</h3><table class="result"><tr><th>Exception</th></tr><tr><td><div class="stacktrace">org.openqa.selenium.remote.SessionNotFoundException: no such session
  (Driver info: chromedriver=2.37.544315 (730aa6a5fdba159ac9f4c1e8cbc59bf1b5ce12b7),platform=Windows NT 10.0.17134 x86_64) (WARNING: The server did not provide any stacktrace information)
Command duration or timeout: 11 milliseconds
Build info: version: &apos;2.53.1&apos;, revision: &apos;a36b8b1cd5757287168e54b817830adce9b0158d&apos;, time: &apos;2016-06-30 19:26:09&apos;
System info: host: &apos;ChethanBidare-pc&apos;, ip: &apos;172.16.18.209&apos;, os.name: &apos;Windows 10&apos;, os.arch: &apos;amd64&apos;, os.version: &apos;10.0&apos;, java.version: &apos;1.8.0_144&apos;
Driver info: org.openqa.selenium.chrome.ChromeDriver
Capabilities [{applicationCacheEnabled=false, rotatable=false, mobileEmulationEnabled=false, networkConnectionEnabled=false, chrome={chromedriverVersion=2.37.544315 (730aa6a5fdba159ac9f4c1e8cbc59bf1b5ce12b7), userDataDir=C:\Users\User1\AppData\Local\Temp\scoped_dir6156_25596}, takesHeapSnapshot=true, pageLoadStrategy=normal, databaseEnabled=false, handlesAlerts=true, hasTouchScreen=false, version=67.0.3396.99, platform=XP, browserConnectionEnabled=false, nativeEvents=true, acceptSslCerts=false, acceptInsecureCerts=false, locationContextEnabled=true, webStorageEnabled=true, browserName=chrome, takesScreenshot=true, javascriptEnabled=true, cssSelectorsEnabled=true, setWindowRect=true, unexpectedAlertBehaviour=}]
Session ID: 6b4048fd3e89e9e48273265fa7f15292
*** Element info: {Using=tag name, value=li}
	at org.openqa.selenium.remote.ErrorHandler.createThrowable(ErrorHandler.java:206)
	at org.openqa.selenium.remote.ErrorHandler.throwIfResponseFailed(ErrorHandler.java:158)
	at org.openqa.selenium.remote.RemoteWebDriver.execute(RemoteWebDriver.java:678)
	at org.openqa.selenium.remote.RemoteWebDriver.findElements(RemoteWebDriver.java:388)
	at org.openqa.selenium.remote.RemoteWebDriver.findElementsByTagName(RemoteWebDriver.java:453)
	at org.openqa.selenium.By$ByTagName.findElements(By.java:327)
	at org.openqa.selenium.remote.RemoteWebDriver.findElements(RemoteWebDriver.java:351)
	at com.c2info.RMS_UIActions.HomePage.doLogOut(HomePage.java:88)
	at com.c2info.RMS_HomePageTCs.TC_001_VerifyLoginLogOut.verifyLogOut(TC_001_VerifyLoginLogOut.java:39)
... Removed 29 stack frames</div></td></tr></table><p class="totop"><a href="#summary">back to summary</a></p>
<h3 id="m9">com.c2info.RMS_HomePageTCs.TC_006_VerifySearchForEmployeeName#verifyEmployeeSearchInGridView</h3><table class="result"><tr><th>Messages</th></tr><tr><td><div class="messages"><a href='E:\workspace\com.c2info.RMS\src\main\java\com\c2info\RMS_Screenshots\FailureScreenshots\verifyEmployeeSearchInGridView_2018_06_178_12_06_303.png' ><img src = 'E:\workspace\com.c2info.RMS\src\main\java\com\c2info\RMS_Screenshots\FailureScreenshots\verifyEmployeeSearchInGridView_2018_06_178_12_06_303.png' hieght='100' width='100' /></a></div></td></tr><tr><th>Exception</th></tr><tr><td><div class="stacktrace">org.openqa.selenium.StaleElementReferenceException: stale element reference: element is not attached to the page document
  (Session info: chrome=67.0.3396.99)
  (Driver info: chromedriver=2.37.544315 (730aa6a5fdba159ac9f4c1e8cbc59bf1b5ce12b7),platform=Windows NT 10.0.17134 x86_64) (WARNING: The server did not provide any stacktrace information)
Command duration or timeout: 15 milliseconds
For documentation on this error, please visit: http://seleniumhq.org/exceptions/stale_element_reference.html
Build info: version: &apos;2.53.1&apos;, revision: &apos;a36b8b1cd5757287168e54b817830adce9b0158d&apos;, time: &apos;2016-06-30 19:26:09&apos;
System info: host: &apos;ChethanBidare-pc&apos;, ip: &apos;172.16.18.209&apos;, os.name: &apos;Windows 10&apos;, os.arch: &apos;amd64&apos;, os.version: &apos;10.0&apos;, java.version: &apos;1.8.0_144&apos;
Driver info: org.openqa.selenium.chrome.ChromeDriver
Capabilities [{applicationCacheEnabled=false, rotatable=false, mobileEmulationEnabled=false, networkConnectionEnabled=false, chrome={chromedriverVersion=2.37.544315 (730aa6a5fdba159ac9f4c1e8cbc59bf1b5ce12b7), userDataDir=C:\Users\User1\AppData\Local\Temp\scoped_dir4372_22633}, takesHeapSnapshot=true, pageLoadStrategy=normal, databaseEnabled=false, handlesAlerts=true, hasTouchScreen=false, version=67.0.3396.99, platform=XP, browserConnectionEnabled=false, nativeEvents=true, acceptSslCerts=false, acceptInsecureCerts=false, locationContextEnabled=true, webStorageEnabled=true, browserName=chrome, takesScreenshot=true, javascriptEnabled=true, cssSelectorsEnabled=true, setWindowRect=true, unexpectedAlertBehaviour=}]
Session ID: 392901d37edb32839138066137e0c914
	at org.openqa.selenium.remote.ErrorHandler.createThrowable(ErrorHandler.java:206)
	at org.openqa.selenium.remote.ErrorHandler.throwIfResponseFailed(ErrorHandler.java:158)
	at org.openqa.selenium.remote.RemoteWebDriver.execute(RemoteWebDriver.java:678)
	at org.openqa.selenium.remote.RemoteWebElement.execute(RemoteWebElement.java:327)
	at org.openqa.selenium.remote.RemoteWebElement.isDisplayed(RemoteWebElement.java:368)
	at com.c2info.RMS_UIActions.HomePage.getEmployeeNamesInGridView(HomePage.java:396)
	at com.c2info.RMS_HomePageTCs.TC_006_VerifySearchForEmployeeName.verifyEmployeeSearchInGridView(TC_006_VerifySearchForEmployeeName.java:33)
... Removed 28 stack frames</div></td></tr></table><p class="totop"><a href="#summary">back to summary</a></p>
<h3 id="m10">com.c2info.RMS_NewRequestTCs.TC003_VerifyQtyField#verifyQtyField</h3><table class="result"><tr><th>Messages</th></tr><tr><td><div class="messages"><a href='E:\workspace\com.c2info.RMS\src\main\java\com\c2info\RMS_Screenshots\FailureScreenshots\verifyQtyField_2018_06_178_12_06_385.png' ><img src = 'E:\workspace\com.c2info.RMS\src\main\java\com\c2info\RMS_Screenshots\FailureScreenshots\verifyQtyField_2018_06_178_12_06_385.png' hieght='100' width='100' /></a></div></td></tr><tr><th>Exception</th></tr><tr><td><div class="stacktrace">java.lang.NullPointerException
	at com.c2info.RMS_NewRequestTCs.TC003_VerifyQtyField.verifyQtyField(TC003_VerifyQtyField.java:46)
... Removed 25 stack frames</div></td></tr></table><p class="totop"><a href="#summary">back to summary</a></p>
<h3 id="m11">com.c2info.RMS_NewRequestTCs.TC004_VerifyQtyFieldAfterUpdate#verifyQtyIncreaseAfterUpdate</h3><table class="result"><tr><th>Messages</th></tr><tr><td><div class="messages"><a href='E:\workspace\com.c2info.RMS\src\main\java\com\c2info\RMS_Screenshots\FailureScreenshots\verifyQtyIncreaseAfterUpdate_2018_06_178_12_06_577.png' ><img src = 'E:\workspace\com.c2info.RMS\src\main\java\com\c2info\RMS_Screenshots\FailureScreenshots\verifyQtyIncreaseAfterUpdate_2018_06_178_12_06_577.png' hieght='100' width='100' /></a></div></td></tr><tr><th>Exception</th></tr><tr><td><div class="stacktrace">java.lang.NullPointerException
	at com.c2info.RMS_NewRequestTCs.TC004_VerifyQtyFieldAfterUpdate.verifyQtyIncreaseAfterUpdate(TC004_VerifyQtyFieldAfterUpdate.java:46)
... Removed 25 stack frames</div></td></tr></table><p class="totop"><a href="#summary">back to summary</a></p>
<h3 id="m12">com.c2info.RMS_NewRequestTCs.TC006_VerifyPriceFieldAfterUpdate#verifyPriceFieldAfterUpdate</h3><table class="result"><tr><th>Messages</th></tr><tr><td><div class="messages"><a href='E:\workspace\com.c2info.RMS\src\main\java\com\c2info\RMS_Screenshots\FailureScreenshots\verifyPriceFieldAfterUpdate_2018_06_178_12_06_57.png' ><img src = 'E:\workspace\com.c2info.RMS\src\main\java\com\c2info\RMS_Screenshots\FailureScreenshots\verifyPriceFieldAfterUpdate_2018_06_178_12_06_57.png' hieght='100' width='100' /></a></div></td></tr><tr><th>Exception</th></tr><tr><td><div class="stacktrace">org.openqa.selenium.InvalidElementStateException: invalid element state: Element is not currently interactable and may not be manipulated
  (Session info: chrome=67.0.3396.99)
  (Driver info: chromedriver=2.37.544315 (730aa6a5fdba159ac9f4c1e8cbc59bf1b5ce12b7),platform=Windows NT 10.0.17134 x86_64) (WARNING: The server did not provide any stacktrace information)
Command duration or timeout: 29 milliseconds
Build info: version: &apos;2.53.1&apos;, revision: &apos;a36b8b1cd5757287168e54b817830adce9b0158d&apos;, time: &apos;2016-06-30 19:26:09&apos;
System info: host: &apos;ChethanBidare-pc&apos;, ip: &apos;172.16.18.209&apos;, os.name: &apos;Windows 10&apos;, os.arch: &apos;amd64&apos;, os.version: &apos;10.0&apos;, java.version: &apos;1.8.0_144&apos;
Driver info: org.openqa.selenium.chrome.ChromeDriver
Capabilities [{applicationCacheEnabled=false, rotatable=false, mobileEmulationEnabled=false, networkConnectionEnabled=false, chrome={chromedriverVersion=2.37.544315 (730aa6a5fdba159ac9f4c1e8cbc59bf1b5ce12b7), userDataDir=C:\Users\User1\AppData\Local\Temp\scoped_dir17228_9873}, takesHeapSnapshot=true, pageLoadStrategy=normal, databaseEnabled=false, handlesAlerts=true, hasTouchScreen=false, version=67.0.3396.99, platform=XP, browserConnectionEnabled=false, nativeEvents=true, acceptSslCerts=false, acceptInsecureCerts=false, locationContextEnabled=true, webStorageEnabled=true, browserName=chrome, takesScreenshot=true, javascriptEnabled=true, cssSelectorsEnabled=true, setWindowRect=true, unexpectedAlertBehaviour=}]
Session ID: c128489e972edaede98ffaa4487cebae
	at org.openqa.selenium.remote.ErrorHandler.createThrowable(ErrorHandler.java:206)
	at org.openqa.selenium.remote.ErrorHandler.throwIfResponseFailed(ErrorHandler.java:158)
	at org.openqa.selenium.remote.RemoteWebDriver.execute(RemoteWebDriver.java:678)
	at org.openqa.selenium.remote.RemoteWebElement.execute(RemoteWebElement.java:327)
	at org.openqa.selenium.remote.RemoteWebElement.clear(RemoteWebElement.java:140)
	at org.openqa.selenium.support.pagefactory.internal.LocatingElementHandler.invoke(LocatingElementHandler.java:51)
	at com.sun.proxy.$Proxy9.clear(Unknown Source)
	at com.c2info.RMS_UIActions.NewRequestPage.enterAmount(NewRequestPage.java:177)
	at com.c2info.RMS_NewRequestTCs.TC006_VerifyPriceFieldAfterUpdate.verifyPriceFieldAfterUpdate(TC006_VerifyPriceFieldAfterUpdate.java:42)
... Removed 33 stack frames</div></td></tr></table><p class="totop"><a href="#summary">back to summary</a></p>
<h3 id="m13">com.c2info.RMS_POGeneratorTCs.TC001_VerifyPOGenerationFunctionality#verifyUptoCostCenterApprovalFunctionality</h3><table class="result"><tr><th>Messages</th></tr><tr><td><div class="messages"><a href='E:\workspace\com.c2info.RMS\src\main\java\com\c2info\RMS_Screenshots\FailureScreenshots\verifyUptoCostCenterApprovalFunctionality_2018_06_178_12_06_214.png' ><img src = 'E:\workspace\com.c2info.RMS\src\main\java\com\c2info\RMS_Screenshots\FailureScreenshots\verifyUptoCostCenterApprovalFunctionality_2018_06_178_12_06_214.png' hieght='100' width='100' /></a></div></td></tr><tr><th>Exception</th></tr><tr><td><div class="stacktrace">org.openqa.selenium.TimeoutException: Timed out after 60 seconds waiting for element to be clickable: Proxy element for: DefaultElementLocator &apos;By.id: select2-empname-container&apos;
Build info: version: &apos;2.53.1&apos;, revision: &apos;a36b8b1cd5757287168e54b817830adce9b0158d&apos;, time: &apos;2016-06-30 19:26:09&apos;
System info: host: &apos;ChethanBidare-pc&apos;, ip: &apos;172.16.18.209&apos;, os.name: &apos;Windows 10&apos;, os.arch: &apos;amd64&apos;, os.version: &apos;10.0&apos;, java.version: &apos;1.8.0_144&apos;
Driver info: org.openqa.selenium.chrome.ChromeDriver
Capabilities [{applicationCacheEnabled=false, rotatable=false, mobileEmulationEnabled=false, networkConnectionEnabled=false, chrome={chromedriverVersion=2.37.544315 (730aa6a5fdba159ac9f4c1e8cbc59bf1b5ce12b7), userDataDir=C:\Users\User1\AppData\Local\Temp\scoped_dir3648_8405}, takesHeapSnapshot=true, pageLoadStrategy=normal, databaseEnabled=false, handlesAlerts=true, hasTouchScreen=false, version=67.0.3396.99, platform=XP, browserConnectionEnabled=false, nativeEvents=true, acceptSslCerts=false, acceptInsecureCerts=false, locationContextEnabled=true, webStorageEnabled=true, browserName=chrome, takesScreenshot=true, javascriptEnabled=true, cssSelectorsEnabled=true, setWindowRect=true, unexpectedAlertBehaviour=}]
Session ID: 7c89ea1fd37b19645d7fb5aba0231b97
	at org.openqa.selenium.support.ui.WebDriverWait.timeoutException(WebDriverWait.java:80)
	at org.openqa.selenium.support.ui.FluentWait.until(FluentWait.java:261)
	at com.c2info.RMS_UIActions.DeskConfirmationPage.selectSupplierAndLoadData(DeskConfirmationPage.java:115)
	at com.c2info.RMS_POGeneratorTCs.TC001_VerifyPOGenerationFunctionality.verifyUptoCostCenterApprovalFunctionality(TC001_VerifyPOGenerationFunctionality.java:81)
Caused by: org.openqa.selenium.NoSuchElementException: no such element: Unable to locate element: {&quot;method&quot;:&quot;id&quot;,&quot;selector&quot;:&quot;select2-empname-container&quot;}
  (Session info: chrome=67.0.3396.99)
  (Driver info: chromedriver=2.37.544315 (730aa6a5fdba159ac9f4c1e8cbc59bf1b5ce12b7),platform=Windows NT 10.0.17134 x86_64) (WARNING: The server did not provide any stacktrace information)
Command duration or timeout: 60.03 seconds
For documentation on this error, please visit: http://seleniumhq.org/exceptions/no_such_element.html
Build info: version: &apos;2.53.1&apos;, revision: &apos;a36b8b1cd5757287168e54b817830adce9b0158d&apos;, time: &apos;2016-06-30 19:26:09&apos;
System info: host: &apos;ChethanBidare-pc&apos;, ip: &apos;172.16.18.209&apos;, os.name: &apos;Windows 10&apos;, os.arch: &apos;amd64&apos;, os.version: &apos;10.0&apos;, java.version: &apos;1.8.0_144&apos;
Driver info: org.openqa.selenium.chrome.ChromeDriver
Capabilities [{applicationCacheEnabled=false, rotatable=false, mobileEmulationEnabled=false, networkConnectionEnabled=false, chrome={chromedriverVersion=2.37.544315 (730aa6a5fdba159ac9f4c1e8cbc59bf1b5ce12b7), userDataDir=C:\Users\User1\AppData\Local\Temp\scoped_dir3648_8405}, takesHeapSnapshot=true, pageLoadStrategy=normal, databaseEnabled=false, handlesAlerts=true, hasTouchScreen=false, version=67.0.3396.99, platform=XP, browserConnectionEnabled=false, nativeEvents=true, acceptSslCerts=false, acceptInsecureCerts=false, locationContextEnabled=true, webStorageEnabled=true, browserName=chrome, takesScreenshot=true, javascriptEnabled=true, cssSelectorsEnabled=true, setWindowRect=true, unexpectedAlertBehaviour=}]
Session ID: 7c89ea1fd37b19645d7fb5aba0231b97
*** Element info: {Using=id, value=select2-empname-container}
	at org.openqa.selenium.remote.ErrorHandler.createThrowable(ErrorHandler.java:206)
	at org.openqa.selenium.remote.ErrorHandler.throwIfResponseFailed(ErrorHandler.java:158)
	at org.openqa.selenium.remote.RemoteWebDriver.execute(RemoteWebDriver.java:678)
	at org.openqa.selenium.remote.RemoteWebDriver.findElement(RemoteWebDriver.java:363)
	at org.openqa.selenium.remote.RemoteWebDriver.findElementById(RemoteWebDriver.java:413)
	at org.openqa.selenium.By$ById.findElement(By.java:218)
	at org.openqa.selenium.remote.RemoteWebDriver.findElement(RemoteWebDriver.java:355)
	at org.openqa.selenium.support.pagefactory.DefaultElementLocator.findElement(DefaultElementLocator.java:69)
	at org.openqa.selenium.support.pagefactory.internal.LocatingElementHandler.invoke(LocatingElementHandler.java:38)
	at com.sun.proxy.$Proxy9.isDisplayed(Unknown Source)
	at org.openqa.selenium.support.ui.ExpectedConditions.elementIfVisible(ExpectedConditions.java:302)
	at org.openqa.selenium.support.ui.ExpectedConditions.access$100(ExpectedConditions.java:41)
	at org.openqa.selenium.support.ui.ExpectedConditions$10.apply(ExpectedConditions.java:288)
	at org.openqa.selenium.support.ui.ExpectedConditions$10.apply(ExpectedConditions.java:285)
	at org.openqa.selenium.support.ui.ExpectedConditions$23.apply(ExpectedConditions.java:687)
	at org.openqa.selenium.support.ui.ExpectedConditions$23.apply(ExpectedConditions.java:680)
	at org.openqa.selenium.support.ui.FluentWait.until(FluentWait.java:238)
	... 27 more
... Removed 29 stack frames</div></td></tr></table><p class="totop"><a href="#summary">back to summary</a></p>
<h3 id="m14">com.c2info.RMS_HomePageTCs.TC_004_VerifySortingFunctionalityInListView#afterMethod</h3><table class="result"><tr><th class="invisible"/></tr></table><p class="totop"><a href="#summary">back to summary</a></p>
<h3 id="m15">com.c2info.RMS_HomePageTCs.TC_004_VerifySortingFunctionalityInListView#beforeMethod</h3><table class="result"><tr><th class="invisible"/></tr></table><p class="totop"><a href="#summary">back to summary</a></p>
<h3 id="m16">com.c2info.RMS_HomePageTCs.TC_004_VerifySortingFunctionalityInListView#setup</h3><table class="result"><tr><th class="invisible"/></tr></table><p class="totop"><a href="#summary">back to summary</a></p>
<h3 id="m17">com.c2info.RMS_HomePageTCs.TC_005_VerifySearchForItemName#afterMethod</h3><table class="result"><tr><th class="invisible"/></tr></table><p class="totop"><a href="#summary">back to summary</a></p>
<h3 id="m18">com.c2info.RMS_HomePageTCs.TC_005_VerifySearchForItemName#beforeMethod</h3><table class="result"><tr><th class="invisible"/></tr></table><p class="totop"><a href="#summary">back to summary</a></p>
<h3 id="m19">com.c2info.RMS_HomePageTCs.TC_004_VerifySortingFunctionalityInListView#verifySortAscendingInListView</h3><table class="result"><tr><th>Exception</th></tr><tr><td><div class="stacktrace">org.openqa.selenium.remote.SessionNotFoundException: no such session
  (Driver info: chromedriver=2.37.544315 (730aa6a5fdba159ac9f4c1e8cbc59bf1b5ce12b7),platform=Windows NT 10.0.17134 x86_64) (WARNING: The server did not provide any stacktrace information)
Command duration or timeout: 1 milliseconds
Build info: version: &apos;2.53.1&apos;, revision: &apos;a36b8b1cd5757287168e54b817830adce9b0158d&apos;, time: &apos;2016-06-30 19:26:09&apos;
System info: host: &apos;ChethanBidare-pc&apos;, ip: &apos;172.16.18.209&apos;, os.name: &apos;Windows 10&apos;, os.arch: &apos;amd64&apos;, os.version: &apos;10.0&apos;, java.version: &apos;1.8.0_144&apos;
Driver info: org.openqa.selenium.chrome.ChromeDriver
Capabilities [{applicationCacheEnabled=false, rotatable=false, mobileEmulationEnabled=false, networkConnectionEnabled=false, chrome={chromedriverVersion=2.37.544315 (730aa6a5fdba159ac9f4c1e8cbc59bf1b5ce12b7), userDataDir=C:\Users\User1\AppData\Local\Temp\scoped_dir6156_25596}, takesHeapSnapshot=true, pageLoadStrategy=normal, databaseEnabled=false, handlesAlerts=true, hasTouchScreen=false, version=67.0.3396.99, platform=XP, browserConnectionEnabled=false, nativeEvents=true, acceptSslCerts=false, acceptInsecureCerts=false, locationContextEnabled=true, webStorageEnabled=true, browserName=chrome, takesScreenshot=true, javascriptEnabled=true, cssSelectorsEnabled=true, setWindowRect=true, unexpectedAlertBehaviour=}]
Session ID: 6b4048fd3e89e9e48273265fa7f15292
	at org.openqa.selenium.remote.ErrorHandler.createThrowable(ErrorHandler.java:206)
	at org.openqa.selenium.remote.ErrorHandler.throwIfResponseFailed(ErrorHandler.java:158)
	at org.openqa.selenium.remote.RemoteWebDriver.execute(RemoteWebDriver.java:678)
	at org.openqa.selenium.remote.RemoteWebDriver.execute(RemoteWebDriver.java:701)
	at org.openqa.selenium.remote.RemoteWebDriver.close(RemoteWebDriver.java:521)
	at com.c2info.RMS_TestBase.TestBase.endTest(TestBase.java:268)
... Removed 28 stack frames</div></td></tr></table><p class="totop"><a href="#summary">back to summary</a></p>
<h3 id="m20">com.c2info.RMS_HomePageTCs.TC_005_VerifySearchForItemName#verifyItemSearchInListViewForMyRequest</h3><table class="result"><tr><th>Exception</th></tr><tr><td><div class="stacktrace">org.openqa.selenium.remote.SessionNotFoundException: no such session
  (Driver info: chromedriver=2.37.544315 (730aa6a5fdba159ac9f4c1e8cbc59bf1b5ce12b7),platform=Windows NT 10.0.17134 x86_64) (WARNING: The server did not provide any stacktrace information)
Command duration or timeout: 1 milliseconds
Build info: version: &apos;2.53.1&apos;, revision: &apos;a36b8b1cd5757287168e54b817830adce9b0158d&apos;, time: &apos;2016-06-30 19:26:09&apos;
System info: host: &apos;ChethanBidare-pc&apos;, ip: &apos;172.16.18.209&apos;, os.name: &apos;Windows 10&apos;, os.arch: &apos;amd64&apos;, os.version: &apos;10.0&apos;, java.version: &apos;1.8.0_144&apos;
Driver info: org.openqa.selenium.chrome.ChromeDriver
Capabilities [{applicationCacheEnabled=false, rotatable=false, mobileEmulationEnabled=false, networkConnectionEnabled=false, chrome={chromedriverVersion=2.37.544315 (730aa6a5fdba159ac9f4c1e8cbc59bf1b5ce12b7), userDataDir=C:\Users\User1\AppData\Local\Temp\scoped_dir6156_25596}, takesHeapSnapshot=true, pageLoadStrategy=normal, databaseEnabled=false, handlesAlerts=true, hasTouchScreen=false, version=67.0.3396.99, platform=XP, browserConnectionEnabled=false, nativeEvents=true, acceptSslCerts=false, acceptInsecureCerts=false, locationContextEnabled=true, webStorageEnabled=true, browserName=chrome, takesScreenshot=true, javascriptEnabled=true, cssSelectorsEnabled=true, setWindowRect=true, unexpectedAlertBehaviour=}]
Session ID: 6b4048fd3e89e9e48273265fa7f15292
	at org.openqa.selenium.remote.ErrorHandler.createThrowable(ErrorHandler.java:206)
	at org.openqa.selenium.remote.ErrorHandler.throwIfResponseFailed(ErrorHandler.java:158)
	at org.openqa.selenium.remote.RemoteWebDriver.execute(RemoteWebDriver.java:678)
	at org.openqa.selenium.remote.RemoteWebDriver.execute(RemoteWebDriver.java:701)
	at org.openqa.selenium.remote.RemoteWebDriver.close(RemoteWebDriver.java:521)
	at com.c2info.RMS_TestBase.TestBase.endTest(TestBase.java:268)
... Removed 28 stack frames</div></td></tr></table><p class="totop"><a href="#summary">back to summary</a></p>
<h3 id="m21">com.c2info.RMS_CostCenterApproverTCs.TC002_VerifyItemDetailsInCostCenterPage#verifyItemDetails</h3><table class="result"><tr><th>Messages</th></tr><tr><td><div class="messages"><a href='E:\workspace\com.c2info.RMS\src\main\java\com\c2info\RMS_Screenshots\SuccessScreenshots\verifyItemDetails_2018_06_178_12_06_499.png' ><img src = 'E:\workspace\com.c2info.RMS\src\main\java\com\c2info\RMS_Screenshots\SuccessScreenshots\verifyItemDetails_2018_06_178_12_06_499.png' hieght='100' width='100' /></a></div></td></tr></table><p class="totop"><a href="#summary">back to summary</a></p>
<h3 id="m22">com.c2info.RMS_CostCenterApproverTCs.TC003_VerifyNewRequestStatusInCostCenterPage#verifyStatusInCostCenterPage</h3><table class="result"><tr><th>Messages</th></tr><tr><td><div class="messages"><a href='E:\workspace\com.c2info.RMS\src\main\java\com\c2info\RMS_Screenshots\SuccessScreenshots\verifyStatusInCostCenterPage_2018_06_178_12_06_846.png' ><img src = 'E:\workspace\com.c2info.RMS\src\main\java\com\c2info\RMS_Screenshots\SuccessScreenshots\verifyStatusInCostCenterPage_2018_06_178_12_06_846.png' hieght='100' width='100' /></a></div></td></tr></table><p class="totop"><a href="#summary">back to summary</a></p>
<h3 id="m23">com.c2info.RMS_DeskConfirmerTCs.TC001_VerifyDeskConfimationApprovalLink#verifyDeskConfirmationLink</h3><table class="result"><tr><th>Messages</th></tr><tr><td><div class="messages"><a href='E:\workspace\com.c2info.RMS\src\main\java\com\c2info\RMS_Screenshots\SuccessScreenshots\verifyDeskConfirmationLink_2018_06_178_12_06_793.png' ><img src = 'E:\workspace\com.c2info.RMS\src\main\java\com\c2info\RMS_Screenshots\SuccessScreenshots\verifyDeskConfirmationLink_2018_06_178_12_06_793.png' hieght='100' width='100' /></a></div></td></tr></table><p class="totop"><a href="#summary">back to summary</a></p>
<h3 id="m24">com.c2info.RMS_DeskConfirmerTCs.TC003_VerifyItemName_Qty_Price_InDeskConfirmPage#VerifyItemName_Qty_Price_InApprovalPage</h3><table class="result"><tr><th>Messages</th></tr><tr><td><div class="messages"><a href='E:\workspace\com.c2info.RMS\src\main\java\com\c2info\RMS_Screenshots\SuccessScreenshots\VerifyItemName_Qty_Price_InApprovalPage_2018_06_178_11_06_471.png' ><img src = 'E:\workspace\com.c2info.RMS\src\main\java\com\c2info\RMS_Screenshots\SuccessScreenshots\VerifyItemName_Qty_Price_InApprovalPage_2018_06_178_11_06_471.png' hieght='100' width='100' /></a></div></td></tr></table><p class="totop"><a href="#summary">back to summary</a></p>
<h3 id="m25">com.c2info.RMS_DeskConfirmerTCs.TC004_VerifyNewRequestStatusInDeskConfirmationPage#verifyStatusInDeskPage</h3><table class="result"><tr><th>Messages</th></tr><tr><td><div class="messages"><a href='E:\workspace\com.c2info.RMS\src\main\java\com\c2info\RMS_Screenshots\SuccessScreenshots\verifyStatusInDeskPage_2018_06_178_12_06_520.png' ><img src = 'E:\workspace\com.c2info.RMS\src\main\java\com\c2info\RMS_Screenshots\SuccessScreenshots\verifyStatusInDeskPage_2018_06_178_12_06_520.png' hieght='100' width='100' /></a></div></td></tr></table><p class="totop"><a href="#summary">back to summary</a></p>
<h3 id="m26">com.c2info.RMS_HomePageTCs.TC_001_VerifyLoginLogOut#verifyLogin</h3><table class="result"><tr><th>Messages</th></tr><tr><td><div class="messages"><a href='E:\workspace\com.c2info.RMS\src\main\java\com\c2info\RMS_Screenshots\SuccessScreenshots\verifyLogin_2018_06_178_12_06_367.png' ><img src = 'E:\workspace\com.c2info.RMS\src\main\java\com\c2info\RMS_Screenshots\SuccessScreenshots\verifyLogin_2018_06_178_12_06_367.png' hieght='100' width='100' /></a></div></td></tr></table><p class="totop"><a href="#summary">back to summary</a></p>
<h3 id="m27">com.c2info.RMS_HomePageTCs.TC_002_Check#check</h3><table class="result"><tr><th>Messages</th></tr><tr><td><div class="messages"><a href='E:\workspace\com.c2info.RMS\src\main\java\com\c2info\RMS_Screenshots\SuccessScreenshots\check_2018_06_178_12_06_298.png' ><img src = 'E:\workspace\com.c2info.RMS\src\main\java\com\c2info\RMS_Screenshots\SuccessScreenshots\check_2018_06_178_12_06_298.png' hieght='100' width='100' /></a></div></td></tr></table><p class="totop"><a href="#summary">back to summary</a></p>
<h3 id="m28">com.c2info.RMS_HomePageTCs.TC_005_VerifySearchForItemName#verifyItemSearchInGridViewForMyRequest</h3><table class="result"><tr><th>Messages</th></tr><tr><td><div class="messages"><a href='E:\workspace\com.c2info.RMS\src\main\java\com\c2info\RMS_Screenshots\SuccessScreenshots\verifyItemSearchInGridViewForMyRequest_2018_06_178_12_06_844.png' ><img src = 'E:\workspace\com.c2info.RMS\src\main\java\com\c2info\RMS_Screenshots\SuccessScreenshots\verifyItemSearchInGridViewForMyRequest_2018_06_178_12_06_844.png' hieght='100' width='100' /></a></div></td></tr></table><p class="totop"><a href="#summary">back to summary</a></p>
<h3 id="m29">com.c2info.RMS_HomePageTCs.TC_007_VerifyGridAndListButtonFunctionality#verifyListViewButtonFunctionality</h3><table class="result"><tr><th>Messages</th></tr><tr><td><div class="messages"><a href='E:\workspace\com.c2info.RMS\src\main\java\com\c2info\RMS_Screenshots\SuccessScreenshots\verifyListViewButtonFunctionality_2018_06_178_12_06_200.png' ><img src = 'E:\workspace\com.c2info.RMS\src\main\java\com\c2info\RMS_Screenshots\SuccessScreenshots\verifyListViewButtonFunctionality_2018_06_178_12_06_200.png' hieght='100' width='100' /></a></div></td></tr></table><p class="totop"><a href="#summary">back to summary</a></p>
<h3 id="m30">com.c2info.RMS_HomePageTCs.TC_008_VerifyBrokenLinks#verifyBrokenLinks</h3><table class="result"><tr><th>Messages</th></tr><tr><td><div class="messages"><a href='E:\workspace\com.c2info.RMS\src\main\java\com\c2info\RMS_Screenshots\SuccessScreenshots\verifyBrokenLinks_2018_06_178_12_06_206.png' ><img src = 'E:\workspace\com.c2info.RMS\src\main\java\com\c2info\RMS_Screenshots\SuccessScreenshots\verifyBrokenLinks_2018_06_178_12_06_206.png' hieght='100' width='100' /></a></div></td></tr></table><p class="totop"><a href="#summary">back to summary</a></p>
<h3 id="m31">com.c2info.RMS_NewRequestTCs.TC001_VerifyNewRequestFunctionailtyForSingleProduct#verifyNewRequestFunctionality</h3><table class="result"><tr><th>Messages</th></tr><tr><td><div class="messages"><a href='E:\workspace\com.c2info.RMS\src\main\java\com\c2info\RMS_Screenshots\SuccessScreenshots\verifyNewRequestFunctionality_2018_06_178_12_06_11.png' ><img src = 'E:\workspace\com.c2info.RMS\src\main\java\com\c2info\RMS_Screenshots\SuccessScreenshots\verifyNewRequestFunctionality_2018_06_178_12_06_11.png' hieght='100' width='100' /></a></div></td></tr></table><p class="totop"><a href="#summary">back to summary</a></p>
<h3 id="m32">com.c2info.RMS_NewRequestTCs.TC002_VerifyByAddingItemsInRequest#verifyAddingItems</h3><table class="result"><tr><th>Messages</th></tr><tr><td><div class="messages"><a href='E:\workspace\com.c2info.RMS\src\main\java\com\c2info\RMS_Screenshots\SuccessScreenshots\verifyAddingItems_2018_06_178_12_06_167.png' ><img src = 'E:\workspace\com.c2info.RMS\src\main\java\com\c2info\RMS_Screenshots\SuccessScreenshots\verifyAddingItems_2018_06_178_12_06_167.png' hieght='100' width='100' /></a></div></td></tr></table><p class="totop"><a href="#summary">back to summary</a></p>
<h3 id="m33">com.c2info.RMS_NewRequestTCs.TC005_VerifyPriceField#verifyPriceField</h3><table class="result"><tr><th>Messages</th></tr><tr><td><div class="messages"><a href='E:\workspace\com.c2info.RMS\src\main\java\com\c2info\RMS_Screenshots\SuccessScreenshots\verifyPriceField_2018_06_178_12_06_75.png' ><img src = 'E:\workspace\com.c2info.RMS\src\main\java\com\c2info\RMS_Screenshots\SuccessScreenshots\verifyPriceField_2018_06_178_12_06_75.png' hieght='100' width='100' /></a></div></td></tr></table><p class="totop"><a href="#summary">back to summary</a></p>
<h3 id="m34">com.c2info.RMS_NewRequestTCs.TC007_VerifyNewRequestStatusInRequestorPage#verifyNewRequestStatus</h3><table class="result"><tr><th>Messages</th></tr><tr><td><div class="messages"><a href='E:\workspace\com.c2info.RMS\src\main\java\com\c2info\RMS_Screenshots\SuccessScreenshots\verifyNewRequestStatus_2018_06_178_11_06_274.png' ><img src = 'E:\workspace\com.c2info.RMS\src\main\java\com\c2info\RMS_Screenshots\SuccessScreenshots\verifyNewRequestStatus_2018_06_178_11_06_274.png' hieght='100' width='100' /></a></div></td></tr></table><p class="totop"><a href="#summary">back to summary</a></p>
<h3 id="m35">com.c2info.RMS_NewRequestTCs.TC008_VerifyApprovalStatusInRequestorLogin#verifyStatusInHomePage</h3><table class="result"><tr><th>Messages</th></tr><tr><td><div class="messages"><a href='E:\workspace\com.c2info.RMS\src\main\java\com\c2info\RMS_Screenshots\SuccessScreenshots\verifyStatusInHomePage_2018_06_178_12_06_267.png' ><img src = 'E:\workspace\com.c2info.RMS\src\main\java\com\c2info\RMS_Screenshots\SuccessScreenshots\verifyStatusInHomePage_2018_06_178_12_06_267.png' hieght='100' width='100' /></a></div></td></tr></table><p class="totop"><a href="#summary">back to summary</a></p>
<h3 id="m36">com.c2info.RMS_NewRequestTCs.TC009_VerifyRateConfirmationStatusInRequestorLogin#verifyStatusInRequestorLoginPage</h3><table class="result"><tr><th>Messages</th></tr><tr><td><div class="messages"><a href='E:\workspace\com.c2info.RMS\src\main\java\com\c2info\RMS_Screenshots\SuccessScreenshots\verifyStatusInRequestorLoginPage_2018_06_178_12_06_859.png' ><img src = 'E:\workspace\com.c2info.RMS\src\main\java\com\c2info\RMS_Screenshots\SuccessScreenshots\verifyStatusInRequestorLoginPage_2018_06_178_12_06_859.png' hieght='100' width='100' /></a></div></td></tr></table><p class="totop"><a href="#summary">back to summary</a></p>
<h3 id="m37">com.c2info.RMS_POGeneratorTCs.TC002_VerifyItemDetailsInPOpage#verifyItemDetails</h3><table class="result"><tr><th>Messages</th></tr><tr><td><div class="messages"><a href='E:\workspace\com.c2info.RMS\src\main\java\com\c2info\RMS_Screenshots\SuccessScreenshots\verifyItemDetails_2018_06_178_12_06_545.png' ><img src = 'E:\workspace\com.c2info.RMS\src\main\java\com\c2info\RMS_Screenshots\SuccessScreenshots\verifyItemDetails_2018_06_178_12_06_545.png' hieght='100' width='100' /></a></div></td></tr></table><p class="totop"><a href="#summary">back to summary</a></p>
<h3 id="m38">com.c2info.RMS_RequestApproverTCs.TC001_VerifyUptoRequestApprovalFunctionality#verifyRequestApprovalFunctionality</h3><table class="result"><tr><th>Messages</th></tr><tr><td><div class="messages"><a href='E:\workspace\com.c2info.RMS\src\main\java\com\c2info\RMS_Screenshots\SuccessScreenshots\verifyRequestApprovalFunctionality_2018_06_178_12_06_494.png' ><img src = 'E:\workspace\com.c2info.RMS\src\main\java\com\c2info\RMS_Screenshots\SuccessScreenshots\verifyRequestApprovalFunctionality_2018_06_178_12_06_494.png' hieght='100' width='100' /></a></div></td></tr></table><p class="totop"><a href="#summary">back to summary</a></p>
<h3 id="m39">com.c2info.RMS_RequestApproverTCs.TC002_VerifyRequestCreationInApprovalPage#verifyRequestCreationInApprovalPage</h3><table class="result"><tr><th>Messages</th></tr><tr><td><div class="messages"><a href='E:\workspace\com.c2info.RMS\src\main\java\com\c2info\RMS_Screenshots\SuccessScreenshots\verifyRequestCreationInApprovalPage_2018_06_178_12_06_339.png' ><img src = 'E:\workspace\com.c2info.RMS\src\main\java\com\c2info\RMS_Screenshots\SuccessScreenshots\verifyRequestCreationInApprovalPage_2018_06_178_12_06_339.png' hieght='100' width='100' /></a></div></td></tr></table><p class="totop"><a href="#summary">back to summary</a></p>
<h3 id="m40">com.c2info.RMS_RequestApproverTCs.TC003_VerifyItemName_Qty_Price_InApprovalPage#VerifyItemName_Qty_Price_InApprovalPage</h3><table class="result"><tr><th>Messages</th></tr><tr><td><div class="messages"><a href='E:\workspace\com.c2info.RMS\src\main\java\com\c2info\RMS_Screenshots\SuccessScreenshots\VerifyItemName_Qty_Price_InApprovalPage_2018_06_178_11_06_549.png' ><img src = 'E:\workspace\com.c2info.RMS\src\main\java\com\c2info\RMS_Screenshots\SuccessScreenshots\VerifyItemName_Qty_Price_InApprovalPage_2018_06_178_11_06_549.png' hieght='100' width='100' /></a></div></td></tr></table><p class="totop"><a href="#summary">back to summary</a></p>
<h3 id="m41">com.c2info.RMS_RequestApproverTCs.TC004_VerifyNewRequestStatusInApprovalPage#verifyStatusInApprovalPage</h3><table class="result"><tr><th>Messages</th></tr><tr><td><div class="messages"><a href='E:\workspace\com.c2info.RMS\src\main\java\com\c2info\RMS_Screenshots\SuccessScreenshots\verifyStatusInApprovalPage_2018_06_178_12_06_699.png' ><img src = 'E:\workspace\com.c2info.RMS\src\main\java\com\c2info\RMS_Screenshots\SuccessScreenshots\verifyStatusInApprovalPage_2018_06_178_12_06_699.png' hieght='100' width='100' /></a></div></td></tr></table><p class="totop"><a href="#summary">back to summary</a></p>
</body>
</html>
