<!DOCTYPE html>

<html>
  <head>
  <meta charset='utf-8'>
  <title>TestNG reports</title>

    <link type="text/css" href="testng-reports.css" rel="stylesheet" />
    <script type="text/javascript" src="jquery-1.7.1.min.js"></script>
    <script type="text/javascript" src="testng-reports.js"></script>
    <script type="text/javascript" src="https://www.google.com/jsapi"></script>
    <script type='text/javascript'>
      google.load('visualization', '1', {packages:['table']});
      google.setOnLoadCallback(drawTable);
      var suiteTableInitFunctions = new Array();
      var suiteTableData = new Array();
    </script>
    <!--
      <script type="text/javascript" src="jquery-ui/js/jquery-ui-1.8.16.custom.min.js"></script>
     -->
  </head>

  <body>
    <div class="top-banner-root">
      <span class="top-banner-title-font">Test results</span>
      <br/>
      <span class="top-banner-font-1">1 suite, 11 failed tests</span>
    </div> <!-- top-banner-root -->
    <div class="navigator-root">
      <div class="navigator-suite-header">
        <span>All suites</span>
        <a href="#" class="collapse-all-link" title="Collapse/expand all the suites">
          <img class="collapse-all-icon" src="collapseall.gif">
          </img> <!-- collapse-all-icon -->
        </a> <!-- collapse-all-link -->
      </div> <!-- navigator-suite-header -->
      <div class="suite">
        <div class="rounded-window">
          <div class="suite-header light-rounded-window-top">
            <a href="#" class="navigator-link" panel-name="suite-Functional_Suite">
              <span class="suite-name border-failed">Functional_Suite</span>
            </a> <!-- navigator-link -->
          </div> <!-- suite-header light-rounded-window-top -->
          <div class="navigator-suite-content">
            <div class="suite-section-title">
              <span>Info</span>
            </div> <!-- suite-section-title -->
            <div class="suite-section-content">
              <ul>
                <li>
                  <a href="#" class="navigator-link " panel-name="test-xml-Functional_Suite">
                    <span>E:\workspace\com.c2info.RMS\testng.xml</span>
                  </a> <!-- navigator-link  -->
                </li>
                <li>
                  <a href="#" class="navigator-link " panel-name="testlist-Functional_Suite">
                    <span class="test-stats">1 test</span>
                  </a> <!-- navigator-link  -->
                </li>
                <li>
                  <a href="#" class="navigator-link " panel-name="group-Functional_Suite">
                    <span>0 groups</span>
                  </a> <!-- navigator-link  -->
                </li>
                <li>
                  <a href="#" class="navigator-link " panel-name="times-Functional_Suite">
                    <span>Times</span>
                  </a> <!-- navigator-link  -->
                </li>
                <li>
                  <a href="#" class="navigator-link " panel-name="reporter-Functional_Suite">
                    <span>Reporter output</span>
                  </a> <!-- navigator-link  -->
                </li>
                <li>
                  <a href="#" class="navigator-link " panel-name="ignored-methods-Functional_Suite">
                    <span>Ignored methods</span>
                  </a> <!-- navigator-link  -->
                </li>
                <li>
                  <a href="#" class="navigator-link " panel-name="chronological-Functional_Suite">
                    <span>Chronological view</span>
                  </a> <!-- navigator-link  -->
                </li>
              </ul>
            </div> <!-- suite-section-content -->
            <div class="result-section">
              <div class="suite-section-title">
                <span>Results</span>
              </div> <!-- suite-section-title -->
              <div class="suite-section-content">
                <ul>
                  <li>
                    <span class="method-stats">34 methods, 11 failed,  2 skipped,  21 passed</span>
                  </li>
                  <li>
                    <span class="method-list-title failed">Failed methods</span>
                    <span class="show-or-hide-methods failed">
                      <a href="#" panel-name="suite-Functional_Suite" class="hide-methods failed suite-Functional_Suite"> (hide)</a> <!-- hide-methods failed suite-Functional_Suite -->
                      <a href="#" panel-name="suite-Functional_Suite" class="show-methods failed suite-Functional_Suite"> (show)</a> <!-- show-methods failed suite-Functional_Suite -->
                    </span>
                    <div class="method-list-content failed suite-Functional_Suite">
                      <span>
                        <img width="3%" src="failed.png"/>
                        <a href="#" class="method navigator-link" panel-name="suite-Functional_Suite" title="com.c2info.RMS_DeskConfirmerTCs.TC002_VerifyUptoDeskConfirmationFunctionality" hash-for-method="verifyDeskConfirmationFunctionality">verifyDeskConfirmationFunctionality</a> <!-- method navigator-link -->
                      </span>
                      <br/>
                      <span>
                        <img width="3%" src="failed.png"/>
                        <a href="#" class="method navigator-link" panel-name="suite-Functional_Suite" title="com.c2info.RMS_HomePageTCs.TC_006_VerifySearchForEmployeeName" hash-for-method="verifyEmployeeSearchInGridView">verifyEmployeeSearchInGridView</a> <!-- method navigator-link -->
                      </span>
                      <br/>
                      <span>
                        <img width="3%" src="failed.png"/>
                        <a href="#" class="method navigator-link" panel-name="suite-Functional_Suite" title="com.c2info.RMS_FinancialApproverTCs.TC002_VerifyItemDetailsInFinancialPage" hash-for-method="verifyItemDetails">verifyItemDetails</a> <!-- method navigator-link -->
                      </span>
                      <br/>
                      <span>
                        <img width="3%" src="failed.png"/>
                        <a href="#" class="method navigator-link" panel-name="suite-Functional_Suite" title="com.c2info.RMS_HomePageTCs.TC_001_VerifyLoginLogOut" hash-for-method="verifyLogOut">verifyLogOut</a> <!-- method navigator-link -->
                      </span>
                      <br/>
                      <span>
                        <img width="3%" src="failed.png"/>
                        <a href="#" class="method navigator-link" panel-name="suite-Functional_Suite" title="com.c2info.RMS_NewRequestTCs.TC006_VerifyPriceFieldAfterUpdate" hash-for-method="verifyPriceFieldAfterUpdate">verifyPriceFieldAfterUpdate</a> <!-- method navigator-link -->
                      </span>
                      <br/>
                      <span>
                        <img width="3%" src="failed.png"/>
                        <a href="#" class="method navigator-link" panel-name="suite-Functional_Suite" title="com.c2info.RMS_NewRequestTCs.TC003_VerifyQtyField" hash-for-method="verifyQtyField">verifyQtyField</a> <!-- method navigator-link -->
                      </span>
                      <br/>
                      <span>
                        <img width="3%" src="failed.png"/>
                        <a href="#" class="method navigator-link" panel-name="suite-Functional_Suite" title="com.c2info.RMS_NewRequestTCs.TC004_VerifyQtyFieldAfterUpdate" hash-for-method="verifyQtyIncreaseAfterUpdate">verifyQtyIncreaseAfterUpdate</a> <!-- method navigator-link -->
                      </span>
                      <br/>
                      <span>
                        <img width="3%" src="failed.png"/>
                        <a href="#" class="method navigator-link" panel-name="suite-Functional_Suite" title="com.c2info.RMS_FinancialApproverTCs.TC003_VerifyNewRequestStatusInFinancialPage" hash-for-method="verifyStatusInFinancialPage">verifyStatusInFinancialPage</a> <!-- method navigator-link -->
                      </span>
                      <br/>
                      <span>
                        <img width="3%" src="failed.png"/>
                        <a href="#" class="method navigator-link" panel-name="suite-Functional_Suite" title="com.c2info.RMS_POGeneratorTCs.TC001_VerifyPOGenerationFunctionality" hash-for-method="verifyUptoCostCenterApprovalFunctionality">verifyUptoCostCenterApprovalFunctionality</a> <!-- method navigator-link -->
                      </span>
                      <br/>
                      <span>
                        <img width="3%" src="failed.png"/>
                        <a href="#" class="method navigator-link" panel-name="suite-Functional_Suite" title="com.c2info.RMS_FinancialApproverTCs.TC001_VerifyUptoFinancialApprovalPage" hash-for-method="verifyUptoCostCenterApprovalFunctionality">verifyUptoCostCenterApprovalFunctionality</a> <!-- method navigator-link -->
                      </span>
                      <br/>
                      <span>
                        <img width="3%" src="failed.png"/>
                        <a href="#" class="method navigator-link" panel-name="suite-Functional_Suite" title="com.c2info.RMS_CostCenterApproverTCs.TC001_VerifyUptoCostCenterApprovalFunctionality" hash-for-method="verifyUptoCostCenterApprovalFunctionality">verifyUptoCostCenterApprovalFunctionality</a> <!-- method navigator-link -->
                      </span>
                      <br/>
                    </div> <!-- method-list-content failed suite-Functional_Suite -->
                  </li>
                  <li>
                    <span class="method-list-title skipped">Skipped methods</span>
                    <span class="show-or-hide-methods skipped">
                      <a href="#" panel-name="suite-Functional_Suite" class="hide-methods skipped suite-Functional_Suite"> (hide)</a> <!-- hide-methods skipped suite-Functional_Suite -->
                      <a href="#" panel-name="suite-Functional_Suite" class="show-methods skipped suite-Functional_Suite"> (show)</a> <!-- show-methods skipped suite-Functional_Suite -->
                    </span>
                    <div class="method-list-content skipped suite-Functional_Suite">
                      <span>
                        <img width="3%" src="skipped.png"/>
                        <a href="#" class="method navigator-link" panel-name="suite-Functional_Suite" title="com.c2info.RMS_HomePageTCs.TC_005_VerifySearchForItemName" hash-for-method="verifyItemSearchInListViewForMyRequest">verifyItemSearchInListViewForMyRequest</a> <!-- method navigator-link -->
                      </span>
                      <br/>
                      <span>
                        <img width="3%" src="skipped.png"/>
                        <a href="#" class="method navigator-link" panel-name="suite-Functional_Suite" title="com.c2info.RMS_HomePageTCs.TC_004_VerifySortingFunctionalityInListView" hash-for-method="verifySortAscendingInListView">verifySortAscendingInListView</a> <!-- method navigator-link -->
                      </span>
                      <br/>
                    </div> <!-- method-list-content skipped suite-Functional_Suite -->
                  </li>
                  <li>
                    <span class="method-list-title passed">Passed methods</span>
                    <span class="show-or-hide-methods passed">
                      <a href="#" panel-name="suite-Functional_Suite" class="hide-methods passed suite-Functional_Suite"> (hide)</a> <!-- hide-methods passed suite-Functional_Suite -->
                      <a href="#" panel-name="suite-Functional_Suite" class="show-methods passed suite-Functional_Suite"> (show)</a> <!-- show-methods passed suite-Functional_Suite -->
                    </span>
                    <div class="method-list-content passed suite-Functional_Suite">
                      <span>
                        <img width="3%" src="passed.png"/>
                        <a href="#" class="method navigator-link" panel-name="suite-Functional_Suite" title="com.c2info.RMS_DeskConfirmerTCs.TC003_VerifyItemName_Qty_Price_InDeskConfirmPage" hash-for-method="VerifyItemName_Qty_Price_InApprovalPage">VerifyItemName_Qty_Price_InApprovalPage</a> <!-- method navigator-link -->
                      </span>
                      <br/>
                      <span>
                        <img width="3%" src="passed.png"/>
                        <a href="#" class="method navigator-link" panel-name="suite-Functional_Suite" title="com.c2info.RMS_RequestApproverTCs.TC003_VerifyItemName_Qty_Price_InApprovalPage" hash-for-method="VerifyItemName_Qty_Price_InApprovalPage">VerifyItemName_Qty_Price_InApprovalPage</a> <!-- method navigator-link -->
                      </span>
                      <br/>
                      <span>
                        <img width="3%" src="passed.png"/>
                        <a href="#" class="method navigator-link" panel-name="suite-Functional_Suite" title="com.c2info.RMS_HomePageTCs.TC_002_Check" hash-for-method="check">check</a> <!-- method navigator-link -->
                      </span>
                      <br/>
                      <span>
                        <img width="3%" src="passed.png"/>
                        <a href="#" class="method navigator-link" panel-name="suite-Functional_Suite" title="com.c2info.RMS_NewRequestTCs.TC002_VerifyByAddingItemsInRequest" hash-for-method="verifyAddingItems">verifyAddingItems</a> <!-- method navigator-link -->
                      </span>
                      <br/>
                      <span>
                        <img width="3%" src="passed.png"/>
                        <a href="#" class="method navigator-link" panel-name="suite-Functional_Suite" title="com.c2info.RMS_HomePageTCs.TC_008_VerifyBrokenLinks" hash-for-method="verifyBrokenLinks">verifyBrokenLinks</a> <!-- method navigator-link -->
                      </span>
                      <br/>
                      <span>
                        <img width="3%" src="passed.png"/>
                        <a href="#" class="method navigator-link" panel-name="suite-Functional_Suite" title="com.c2info.RMS_DeskConfirmerTCs.TC001_VerifyDeskConfimationApprovalLink" hash-for-method="verifyDeskConfirmationLink">verifyDeskConfirmationLink</a> <!-- method navigator-link -->
                      </span>
                      <br/>
                      <span>
                        <img width="3%" src="passed.png"/>
                        <a href="#" class="method navigator-link" panel-name="suite-Functional_Suite" title="com.c2info.RMS_CostCenterApproverTCs.TC002_VerifyItemDetailsInCostCenterPage" hash-for-method="verifyItemDetails">verifyItemDetails</a> <!-- method navigator-link -->
                      </span>
                      <br/>
                      <span>
                        <img width="3%" src="passed.png"/>
                        <a href="#" class="method navigator-link" panel-name="suite-Functional_Suite" title="com.c2info.RMS_POGeneratorTCs.TC002_VerifyItemDetailsInPOpage" hash-for-method="verifyItemDetails">verifyItemDetails</a> <!-- method navigator-link -->
                      </span>
                      <br/>
                      <span>
                        <img width="3%" src="passed.png"/>
                        <a href="#" class="method navigator-link" panel-name="suite-Functional_Suite" title="com.c2info.RMS_HomePageTCs.TC_005_VerifySearchForItemName" hash-for-method="verifyItemSearchInGridViewForMyRequest">verifyItemSearchInGridViewForMyRequest</a> <!-- method navigator-link -->
                      </span>
                      <br/>
                      <span>
                        <img width="3%" src="passed.png"/>
                        <a href="#" class="method navigator-link" panel-name="suite-Functional_Suite" title="com.c2info.RMS_HomePageTCs.TC_007_VerifyGridAndListButtonFunctionality" hash-for-method="verifyListViewButtonFunctionality">verifyListViewButtonFunctionality</a> <!-- method navigator-link -->
                      </span>
                      <br/>
                      <span>
                        <img width="3%" src="passed.png"/>
                        <a href="#" class="method navigator-link" panel-name="suite-Functional_Suite" title="com.c2info.RMS_HomePageTCs.TC_001_VerifyLoginLogOut" hash-for-method="verifyLogin">verifyLogin</a> <!-- method navigator-link -->
                      </span>
                      <br/>
                      <span>
                        <img width="3%" src="passed.png"/>
                        <a href="#" class="method navigator-link" panel-name="suite-Functional_Suite" title="com.c2info.RMS_NewRequestTCs.TC001_VerifyNewRequestFunctionailtyForSingleProduct" hash-for-method="verifyNewRequestFunctionality">verifyNewRequestFunctionality</a> <!-- method navigator-link -->
                      </span>
                      <br/>
                      <span>
                        <img width="3%" src="passed.png"/>
                        <a href="#" class="method navigator-link" panel-name="suite-Functional_Suite" title="com.c2info.RMS_NewRequestTCs.TC007_VerifyNewRequestStatusInRequestorPage" hash-for-method="verifyNewRequestStatus">verifyNewRequestStatus</a> <!-- method navigator-link -->
                      </span>
                      <br/>
                      <span>
                        <img width="3%" src="passed.png"/>
                        <a href="#" class="method navigator-link" panel-name="suite-Functional_Suite" title="com.c2info.RMS_NewRequestTCs.TC005_VerifyPriceField" hash-for-method="verifyPriceField">verifyPriceField</a> <!-- method navigator-link -->
                      </span>
                      <br/>
                      <span>
                        <img width="3%" src="passed.png"/>
                        <a href="#" class="method navigator-link" panel-name="suite-Functional_Suite" title="com.c2info.RMS_RequestApproverTCs.TC001_VerifyUptoRequestApprovalFunctionality" hash-for-method="verifyRequestApprovalFunctionality">verifyRequestApprovalFunctionality</a> <!-- method navigator-link -->
                      </span>
                      <br/>
                      <span>
                        <img width="3%" src="passed.png"/>
                        <a href="#" class="method navigator-link" panel-name="suite-Functional_Suite" title="com.c2info.RMS_RequestApproverTCs.TC002_VerifyRequestCreationInApprovalPage" hash-for-method="verifyRequestCreationInApprovalPage">verifyRequestCreationInApprovalPage</a> <!-- method navigator-link -->
                      </span>
                      <br/>
                      <span>
                        <img width="3%" src="passed.png"/>
                        <a href="#" class="method navigator-link" panel-name="suite-Functional_Suite" title="com.c2info.RMS_RequestApproverTCs.TC004_VerifyNewRequestStatusInApprovalPage" hash-for-method="verifyStatusInApprovalPage">verifyStatusInApprovalPage</a> <!-- method navigator-link -->
                      </span>
                      <br/>
                      <span>
                        <img width="3%" src="passed.png"/>
                        <a href="#" class="method navigator-link" panel-name="suite-Functional_Suite" title="com.c2info.RMS_CostCenterApproverTCs.TC003_VerifyNewRequestStatusInCostCenterPage" hash-for-method="verifyStatusInCostCenterPage">verifyStatusInCostCenterPage</a> <!-- method navigator-link -->
                      </span>
                      <br/>
                      <span>
                        <img width="3%" src="passed.png"/>
                        <a href="#" class="method navigator-link" panel-name="suite-Functional_Suite" title="com.c2info.RMS_DeskConfirmerTCs.TC004_VerifyNewRequestStatusInDeskConfirmationPage" hash-for-method="verifyStatusInDeskPage">verifyStatusInDeskPage</a> <!-- method navigator-link -->
                      </span>
                      <br/>
                      <span>
                        <img width="3%" src="passed.png"/>
                        <a href="#" class="method navigator-link" panel-name="suite-Functional_Suite" title="com.c2info.RMS_NewRequestTCs.TC008_VerifyApprovalStatusInRequestorLogin" hash-for-method="verifyStatusInHomePage">verifyStatusInHomePage</a> <!-- method navigator-link -->
                      </span>
                      <br/>
                      <span>
                        <img width="3%" src="passed.png"/>
                        <a href="#" class="method navigator-link" panel-name="suite-Functional_Suite" title="com.c2info.RMS_NewRequestTCs.TC009_VerifyRateConfirmationStatusInRequestorLogin" hash-for-method="verifyStatusInRequestorLoginPage">verifyStatusInRequestorLoginPage</a> <!-- method navigator-link -->
                      </span>
                      <br/>
                    </div> <!-- method-list-content passed suite-Functional_Suite -->
                  </li>
                </ul>
              </div> <!-- suite-section-content -->
            </div> <!-- result-section -->
          </div> <!-- navigator-suite-content -->
        </div> <!-- rounded-window -->
      </div> <!-- suite -->
    </div> <!-- navigator-root -->
    <div class="wrapper">
      <div class="main-panel-root">
        <div panel-name="suite-Functional_Suite" class="panel Functional_Suite">
          <div class="suite-Functional_Suite-class-failed">
            <div class="main-panel-header rounded-window-top">
              <img src="failed.png"/>
              <span class="class-name">com.c2info.RMS_NewRequestTCs.TC003_VerifyQtyField</span>
            </div> <!-- main-panel-header rounded-window-top -->
            <div class="main-panel-content rounded-window-bottom">
              <div class="method">
                <div class="method-content">
                  <a name="verifyQtyField">
                  </a> <!-- verifyQtyField -->
                  <span class="method-name">verifyQtyField</span>
                  <div class="stack-trace">java.lang.NullPointerException
	at com.c2info.RMS_NewRequestTCs.TC003_VerifyQtyField.verifyQtyField(TC003_VerifyQtyField.java:46)
... Removed 25 stack frames
</div> <!-- stack-trace -->
                </div> <!-- method-content -->
              </div> <!-- method -->
            </div> <!-- main-panel-content rounded-window-bottom -->
          </div> <!-- suite-Functional_Suite-class-failed -->
          <div class="suite-Functional_Suite-class-failed">
            <div class="main-panel-header rounded-window-top">
              <img src="failed.png"/>
              <span class="class-name">com.c2info.RMS_NewRequestTCs.TC006_VerifyPriceFieldAfterUpdate</span>
            </div> <!-- main-panel-header rounded-window-top -->
            <div class="main-panel-content rounded-window-bottom">
              <div class="method">
                <div class="method-content">
                  <a name="verifyPriceFieldAfterUpdate">
                  </a> <!-- verifyPriceFieldAfterUpdate -->
                  <span class="method-name">verifyPriceFieldAfterUpdate</span>
                  <div class="stack-trace">org.openqa.selenium.InvalidElementStateException: invalid element state: Element is not currently interactable and may not be manipulated
  (Session info: chrome=67.0.3396.99)
  (Driver info: chromedriver=2.37.544315 (730aa6a5fdba159ac9f4c1e8cbc59bf1b5ce12b7),platform=Windows NT 10.0.17134 x86_64) (WARNING: The server did not provide any stacktrace information)
Command duration or timeout: 29 milliseconds
Build info: version: &apos;2.53.1&apos;, revision: &apos;a36b8b1cd5757287168e54b817830adce9b0158d&apos;, time: &apos;2016-06-30 19:26:09&apos;
System info: host: &apos;ChethanBidare-pc&apos;, ip: &apos;172.16.18.209&apos;, os.name: &apos;Windows 10&apos;, os.arch: &apos;amd64&apos;, os.version: &apos;10.0&apos;, java.version: &apos;1.8.0_144&apos;
Driver info: org.openqa.selenium.chrome.ChromeDriver
Capabilities [{applicationCacheEnabled=false, rotatable=false, mobileEmulationEnabled=false, networkConnectionEnabled=false, chrome={chromedriverVersion=2.37.544315 (730aa6a5fdba159ac9f4c1e8cbc59bf1b5ce12b7), userDataDir=C:\Users\User1\AppData\Local\Temp\scoped_dir17228_9873}, takesHeapSnapshot=true, pageLoadStrategy=normal, databaseEnabled=false, handlesAlerts=true, hasTouchScreen=false, version=67.0.3396.99, platform=XP, browserConnectionEnabled=false, nativeEvents=true, acceptSslCerts=false, acceptInsecureCerts=false, locationContextEnabled=true, webStorageEnabled=true, browserName=chrome, takesScreenshot=true, javascriptEnabled=true, cssSelectorsEnabled=true, setWindowRect=true, unexpectedAlertBehaviour=}]
Session ID: c128489e972edaede98ffaa4487cebae
	at org.openqa.selenium.remote.ErrorHandler.createThrowable(ErrorHandler.java:206)
	at org.openqa.selenium.remote.ErrorHandler.throwIfResponseFailed(ErrorHandler.java:158)
	at org.openqa.selenium.remote.RemoteWebDriver.execute(RemoteWebDriver.java:678)
	at org.openqa.selenium.remote.RemoteWebElement.execute(RemoteWebElement.java:327)
	at org.openqa.selenium.remote.RemoteWebElement.clear(RemoteWebElement.java:140)
	at org.openqa.selenium.support.pagefactory.internal.LocatingElementHandler.invoke(LocatingElementHandler.java:51)
	at com.sun.proxy.$Proxy9.clear(Unknown Source)
	at com.c2info.RMS_UIActions.NewRequestPage.enterAmount(NewRequestPage.java:177)
	at com.c2info.RMS_NewRequestTCs.TC006_VerifyPriceFieldAfterUpdate.verifyPriceFieldAfterUpdate(TC006_VerifyPriceFieldAfterUpdate.java:42)
... Removed 33 stack frames
</div> <!-- stack-trace -->
                </div> <!-- method-content -->
              </div> <!-- method -->
            </div> <!-- main-panel-content rounded-window-bottom -->
          </div> <!-- suite-Functional_Suite-class-failed -->
          <div class="suite-Functional_Suite-class-failed">
            <div class="main-panel-header rounded-window-top">
              <img src="failed.png"/>
              <span class="class-name">com.c2info.RMS_NewRequestTCs.TC004_VerifyQtyFieldAfterUpdate</span>
            </div> <!-- main-panel-header rounded-window-top -->
            <div class="main-panel-content rounded-window-bottom">
              <div class="method">
                <div class="method-content">
                  <a name="verifyQtyIncreaseAfterUpdate">
                  </a> <!-- verifyQtyIncreaseAfterUpdate -->
                  <span class="method-name">verifyQtyIncreaseAfterUpdate</span>
                  <div class="stack-trace">java.lang.NullPointerException
	at com.c2info.RMS_NewRequestTCs.TC004_VerifyQtyFieldAfterUpdate.verifyQtyIncreaseAfterUpdate(TC004_VerifyQtyFieldAfterUpdate.java:46)
... Removed 25 stack frames
</div> <!-- stack-trace -->
                </div> <!-- method-content -->
              </div> <!-- method -->
            </div> <!-- main-panel-content rounded-window-bottom -->
          </div> <!-- suite-Functional_Suite-class-failed -->
          <div class="suite-Functional_Suite-class-failed">
            <div class="main-panel-header rounded-window-top">
              <img src="failed.png"/>
              <span class="class-name">com.c2info.RMS_FinancialApproverTCs.TC002_VerifyItemDetailsInFinancialPage</span>
            </div> <!-- main-panel-header rounded-window-top -->
            <div class="main-panel-content rounded-window-bottom">
              <div class="method">
                <div class="method-content">
                  <a name="verifyItemDetails">
                  </a> <!-- verifyItemDetails -->
                  <span class="method-name">verifyItemDetails</span>
                  <div class="stack-trace">org.openqa.selenium.WebDriverException: unknown error: Element &lt;li&gt;...&lt;/li&gt; is not clickable at point (807, 38). Other element would receive the click: &lt;div class=&quot;mobile-loading-bg&quot;&gt;&lt;/div&gt;
  (Session info: chrome=67.0.3396.99)
  (Driver info: chromedriver=2.37.544315 (730aa6a5fdba159ac9f4c1e8cbc59bf1b5ce12b7),platform=Windows NT 10.0.17134 x86_64) (WARNING: The server did not provide any stacktrace information)
Command duration or timeout: 33 milliseconds
Build info: version: &apos;2.53.1&apos;, revision: &apos;a36b8b1cd5757287168e54b817830adce9b0158d&apos;, time: &apos;2016-06-30 19:26:09&apos;
System info: host: &apos;ChethanBidare-pc&apos;, ip: &apos;172.16.18.209&apos;, os.name: &apos;Windows 10&apos;, os.arch: &apos;amd64&apos;, os.version: &apos;10.0&apos;, java.version: &apos;1.8.0_144&apos;
Driver info: org.openqa.selenium.chrome.ChromeDriver
Capabilities [{applicationCacheEnabled=false, rotatable=false, mobileEmulationEnabled=false, networkConnectionEnabled=false, chrome={chromedriverVersion=2.37.544315 (730aa6a5fdba159ac9f4c1e8cbc59bf1b5ce12b7), userDataDir=C:\Users\User1\AppData\Local\Temp\scoped_dir11276_26617}, takesHeapSnapshot=true, pageLoadStrategy=normal, databaseEnabled=false, handlesAlerts=true, hasTouchScreen=false, version=67.0.3396.99, platform=XP, browserConnectionEnabled=false, nativeEvents=true, acceptSslCerts=false, acceptInsecureCerts=false, locationContextEnabled=true, webStorageEnabled=true, browserName=chrome, takesScreenshot=true, javascriptEnabled=true, cssSelectorsEnabled=true, setWindowRect=true, unexpectedAlertBehaviour=}]
Session ID: 584ef603dccfadeb2f26e12f9cbf5e3b
	at org.openqa.selenium.remote.ErrorHandler.createThrowable(ErrorHandler.java:206)
	at org.openqa.selenium.remote.ErrorHandler.throwIfResponseFailed(ErrorHandler.java:158)
	at org.openqa.selenium.remote.RemoteWebDriver.execute(RemoteWebDriver.java:678)
	at org.openqa.selenium.remote.RemoteWebElement.execute(RemoteWebElement.java:327)
	at org.openqa.selenium.remote.RemoteWebElement.click(RemoteWebElement.java:85)
	at com.c2info.RMS_UIActions.HomePage.doLogOut(HomePage.java:91)
	at com.c2info.RMS_FinancialApproverTCs.TC002_VerifyItemDetailsInFinancialPage.verifyItemDetails(TC002_VerifyItemDetailsInFinancialPage.java:98)
... Removed 29 stack frames
</div> <!-- stack-trace -->
                </div> <!-- method-content -->
              </div> <!-- method -->
            </div> <!-- main-panel-content rounded-window-bottom -->
          </div> <!-- suite-Functional_Suite-class-failed -->
          <div class="suite-Functional_Suite-class-failed">
            <div class="main-panel-header rounded-window-top">
              <img src="failed.png"/>
              <span class="class-name">com.c2info.RMS_HomePageTCs.TC_001_VerifyLoginLogOut</span>
            </div> <!-- main-panel-header rounded-window-top -->
            <div class="main-panel-content rounded-window-bottom">
              <div class="method">
                <div class="method-content">
                  <a name="verifyLogOut">
                  </a> <!-- verifyLogOut -->
                  <span class="method-name">verifyLogOut</span>
                  <div class="stack-trace">org.openqa.selenium.remote.SessionNotFoundException: no such session
  (Driver info: chromedriver=2.37.544315 (730aa6a5fdba159ac9f4c1e8cbc59bf1b5ce12b7),platform=Windows NT 10.0.17134 x86_64) (WARNING: The server did not provide any stacktrace information)
Command duration or timeout: 11 milliseconds
Build info: version: &apos;2.53.1&apos;, revision: &apos;a36b8b1cd5757287168e54b817830adce9b0158d&apos;, time: &apos;2016-06-30 19:26:09&apos;
System info: host: &apos;ChethanBidare-pc&apos;, ip: &apos;172.16.18.209&apos;, os.name: &apos;Windows 10&apos;, os.arch: &apos;amd64&apos;, os.version: &apos;10.0&apos;, java.version: &apos;1.8.0_144&apos;
Driver info: org.openqa.selenium.chrome.ChromeDriver
Capabilities [{applicationCacheEnabled=false, rotatable=false, mobileEmulationEnabled=false, networkConnectionEnabled=false, chrome={chromedriverVersion=2.37.544315 (730aa6a5fdba159ac9f4c1e8cbc59bf1b5ce12b7), userDataDir=C:\Users\User1\AppData\Local\Temp\scoped_dir6156_25596}, takesHeapSnapshot=true, pageLoadStrategy=normal, databaseEnabled=false, handlesAlerts=true, hasTouchScreen=false, version=67.0.3396.99, platform=XP, browserConnectionEnabled=false, nativeEvents=true, acceptSslCerts=false, acceptInsecureCerts=false, locationContextEnabled=true, webStorageEnabled=true, browserName=chrome, takesScreenshot=true, javascriptEnabled=true, cssSelectorsEnabled=true, setWindowRect=true, unexpectedAlertBehaviour=}]
Session ID: 6b4048fd3e89e9e48273265fa7f15292
*** Element info: {Using=tag name, value=li}
	at org.openqa.selenium.remote.ErrorHandler.createThrowable(ErrorHandler.java:206)
	at org.openqa.selenium.remote.ErrorHandler.throwIfResponseFailed(ErrorHandler.java:158)
	at org.openqa.selenium.remote.RemoteWebDriver.execute(RemoteWebDriver.java:678)
	at org.openqa.selenium.remote.RemoteWebDriver.findElements(RemoteWebDriver.java:388)
	at org.openqa.selenium.remote.RemoteWebDriver.findElementsByTagName(RemoteWebDriver.java:453)
	at org.openqa.selenium.By$ByTagName.findElements(By.java:327)
	at org.openqa.selenium.remote.RemoteWebDriver.findElements(RemoteWebDriver.java:351)
	at com.c2info.RMS_UIActions.HomePage.doLogOut(HomePage.java:88)
	at com.c2info.RMS_HomePageTCs.TC_001_VerifyLoginLogOut.verifyLogOut(TC_001_VerifyLoginLogOut.java:39)
... Removed 29 stack frames
</div> <!-- stack-trace -->
                </div> <!-- method-content -->
              </div> <!-- method -->
            </div> <!-- main-panel-content rounded-window-bottom -->
          </div> <!-- suite-Functional_Suite-class-failed -->
          <div class="suite-Functional_Suite-class-failed">
            <div class="main-panel-header rounded-window-top">
              <img src="failed.png"/>
              <span class="class-name">com.c2info.RMS_POGeneratorTCs.TC001_VerifyPOGenerationFunctionality</span>
            </div> <!-- main-panel-header rounded-window-top -->
            <div class="main-panel-content rounded-window-bottom">
              <div class="method">
                <div class="method-content">
                  <a name="verifyUptoCostCenterApprovalFunctionality">
                  </a> <!-- verifyUptoCostCenterApprovalFunctionality -->
                  <span class="method-name">verifyUptoCostCenterApprovalFunctionality</span>
                  <div class="stack-trace">org.openqa.selenium.TimeoutException: Timed out after 60 seconds waiting for element to be clickable: Proxy element for: DefaultElementLocator &apos;By.id: select2-empname-container&apos;
Build info: version: &apos;2.53.1&apos;, revision: &apos;a36b8b1cd5757287168e54b817830adce9b0158d&apos;, time: &apos;2016-06-30 19:26:09&apos;
System info: host: &apos;ChethanBidare-pc&apos;, ip: &apos;172.16.18.209&apos;, os.name: &apos;Windows 10&apos;, os.arch: &apos;amd64&apos;, os.version: &apos;10.0&apos;, java.version: &apos;1.8.0_144&apos;
Driver info: org.openqa.selenium.chrome.ChromeDriver
Capabilities [{applicationCacheEnabled=false, rotatable=false, mobileEmulationEnabled=false, networkConnectionEnabled=false, chrome={chromedriverVersion=2.37.544315 (730aa6a5fdba159ac9f4c1e8cbc59bf1b5ce12b7), userDataDir=C:\Users\User1\AppData\Local\Temp\scoped_dir3648_8405}, takesHeapSnapshot=true, pageLoadStrategy=normal, databaseEnabled=false, handlesAlerts=true, hasTouchScreen=false, version=67.0.3396.99, platform=XP, browserConnectionEnabled=false, nativeEvents=true, acceptSslCerts=false, acceptInsecureCerts=false, locationContextEnabled=true, webStorageEnabled=true, browserName=chrome, takesScreenshot=true, javascriptEnabled=true, cssSelectorsEnabled=true, setWindowRect=true, unexpectedAlertBehaviour=}]
Session ID: 7c89ea1fd37b19645d7fb5aba0231b97
	at org.openqa.selenium.support.ui.WebDriverWait.timeoutException(WebDriverWait.java:80)
	at org.openqa.selenium.support.ui.FluentWait.until(FluentWait.java:261)
	at com.c2info.RMS_UIActions.DeskConfirmationPage.selectSupplierAndLoadData(DeskConfirmationPage.java:115)
	at com.c2info.RMS_POGeneratorTCs.TC001_VerifyPOGenerationFunctionality.verifyUptoCostCenterApprovalFunctionality(TC001_VerifyPOGenerationFunctionality.java:81)
Caused by: org.openqa.selenium.NoSuchElementException: no such element: Unable to locate element: {&quot;method&quot;:&quot;id&quot;,&quot;selector&quot;:&quot;select2-empname-container&quot;}
  (Session info: chrome=67.0.3396.99)
  (Driver info: chromedriver=2.37.544315 (730aa6a5fdba159ac9f4c1e8cbc59bf1b5ce12b7),platform=Windows NT 10.0.17134 x86_64) (WARNING: The server did not provide any stacktrace information)
Command duration or timeout: 60.03 seconds
For documentation on this error, please visit: http://seleniumhq.org/exceptions/no_such_element.html
Build info: version: &apos;2.53.1&apos;, revision: &apos;a36b8b1cd5757287168e54b817830adce9b0158d&apos;, time: &apos;2016-06-30 19:26:09&apos;
System info: host: &apos;ChethanBidare-pc&apos;, ip: &apos;172.16.18.209&apos;, os.name: &apos;Windows 10&apos;, os.arch: &apos;amd64&apos;, os.version: &apos;10.0&apos;, java.version: &apos;1.8.0_144&apos;
Driver info: org.openqa.selenium.chrome.ChromeDriver
Capabilities [{applicationCacheEnabled=false, rotatable=false, mobileEmulationEnabled=false, networkConnectionEnabled=false, chrome={chromedriverVersion=2.37.544315 (730aa6a5fdba159ac9f4c1e8cbc59bf1b5ce12b7), userDataDir=C:\Users\User1\AppData\Local\Temp\scoped_dir3648_8405}, takesHeapSnapshot=true, pageLoadStrategy=normal, databaseEnabled=false, handlesAlerts=true, hasTouchScreen=false, version=67.0.3396.99, platform=XP, browserConnectionEnabled=false, nativeEvents=true, acceptSslCerts=false, acceptInsecureCerts=false, locationContextEnabled=true, webStorageEnabled=true, browserName=chrome, takesScreenshot=true, javascriptEnabled=true, cssSelectorsEnabled=true, setWindowRect=true, unexpectedAlertBehaviour=}]
Session ID: 7c89ea1fd37b19645d7fb5aba0231b97
*** Element info: {Using=id, value=select2-empname-container}
	at org.openqa.selenium.remote.ErrorHandler.createThrowable(ErrorHandler.java:206)
	at org.openqa.selenium.remote.ErrorHandler.throwIfResponseFailed(ErrorHandler.java:158)
	at org.openqa.selenium.remote.RemoteWebDriver.execute(RemoteWebDriver.java:678)
	at org.openqa.selenium.remote.RemoteWebDriver.findElement(RemoteWebDriver.java:363)
	at org.openqa.selenium.remote.RemoteWebDriver.findElementById(RemoteWebDriver.java:413)
	at org.openqa.selenium.By$ById.findElement(By.java:218)
	at org.openqa.selenium.remote.RemoteWebDriver.findElement(RemoteWebDriver.java:355)
	at org.openqa.selenium.support.pagefactory.DefaultElementLocator.findElement(DefaultElementLocator.java:69)
	at org.openqa.selenium.support.pagefactory.internal.LocatingElementHandler.invoke(LocatingElementHandler.java:38)
	at com.sun.proxy.$Proxy9.isDisplayed(Unknown Source)
	at org.openqa.selenium.support.ui.ExpectedConditions.elementIfVisible(ExpectedConditions.java:302)
	at org.openqa.selenium.support.ui.ExpectedConditions.access$100(ExpectedConditions.java:41)
	at org.openqa.selenium.support.ui.ExpectedConditions$10.apply(ExpectedConditions.java:288)
	at org.openqa.selenium.support.ui.ExpectedConditions$10.apply(ExpectedConditions.java:285)
	at org.openqa.selenium.support.ui.ExpectedConditions$23.apply(ExpectedConditions.java:687)
	at org.openqa.selenium.support.ui.ExpectedConditions$23.apply(ExpectedConditions.java:680)
	at org.openqa.selenium.support.ui.FluentWait.until(FluentWait.java:238)
	... 27 more
... Removed 29 stack frames
</div> <!-- stack-trace -->
                </div> <!-- method-content -->
              </div> <!-- method -->
            </div> <!-- main-panel-content rounded-window-bottom -->
          </div> <!-- suite-Functional_Suite-class-failed -->
          <div class="suite-Functional_Suite-class-failed">
            <div class="main-panel-header rounded-window-top">
              <img src="failed.png"/>
              <span class="class-name">com.c2info.RMS_FinancialApproverTCs.TC003_VerifyNewRequestStatusInFinancialPage</span>
            </div> <!-- main-panel-header rounded-window-top -->
            <div class="main-panel-content rounded-window-bottom">
              <div class="method">
                <div class="method-content">
                  <a name="verifyStatusInFinancialPage">
                  </a> <!-- verifyStatusInFinancialPage -->
                  <span class="method-name">verifyStatusInFinancialPage</span>
                  <div class="stack-trace">org.openqa.selenium.InvalidElementStateException: invalid element state: Element is not currently interactable and may not be manipulated
  (Session info: chrome=67.0.3396.99)
  (Driver info: chromedriver=2.37.544315 (730aa6a5fdba159ac9f4c1e8cbc59bf1b5ce12b7),platform=Windows NT 10.0.17134 x86_64) (WARNING: The server did not provide any stacktrace information)
Command duration or timeout: 31 milliseconds
Build info: version: &apos;2.53.1&apos;, revision: &apos;a36b8b1cd5757287168e54b817830adce9b0158d&apos;, time: &apos;2016-06-30 19:26:09&apos;
System info: host: &apos;ChethanBidare-pc&apos;, ip: &apos;172.16.18.209&apos;, os.name: &apos;Windows 10&apos;, os.arch: &apos;amd64&apos;, os.version: &apos;10.0&apos;, java.version: &apos;1.8.0_144&apos;
Driver info: org.openqa.selenium.chrome.ChromeDriver
Capabilities [{applicationCacheEnabled=false, rotatable=false, mobileEmulationEnabled=false, networkConnectionEnabled=false, chrome={chromedriverVersion=2.37.544315 (730aa6a5fdba159ac9f4c1e8cbc59bf1b5ce12b7), userDataDir=C:\Users\User1\AppData\Local\Temp\scoped_dir5396_15570}, takesHeapSnapshot=true, pageLoadStrategy=normal, databaseEnabled=false, handlesAlerts=true, hasTouchScreen=false, version=67.0.3396.99, platform=XP, browserConnectionEnabled=false, nativeEvents=true, acceptSslCerts=false, acceptInsecureCerts=false, locationContextEnabled=true, webStorageEnabled=true, browserName=chrome, takesScreenshot=true, javascriptEnabled=true, cssSelectorsEnabled=true, setWindowRect=true, unexpectedAlertBehaviour=}]
Session ID: 6104b9fa4105db3847f5014749619a01
	at org.openqa.selenium.remote.ErrorHandler.createThrowable(ErrorHandler.java:206)
	at org.openqa.selenium.remote.ErrorHandler.throwIfResponseFailed(ErrorHandler.java:158)
	at org.openqa.selenium.remote.RemoteWebDriver.execute(RemoteWebDriver.java:678)
	at org.openqa.selenium.remote.RemoteWebElement.execute(RemoteWebElement.java:327)
	at org.openqa.selenium.remote.RemoteWebElement.clear(RemoteWebElement.java:140)
	at org.openqa.selenium.support.pagefactory.internal.LocatingElementHandler.invoke(LocatingElementHandler.java:51)
	at com.sun.proxy.$Proxy9.clear(Unknown Source)
	at com.c2info.RMS_UIActions.NewRequestPage.enterQty(NewRequestPage.java:171)
	at com.c2info.RMS_FinancialApproverTCs.TC003_VerifyNewRequestStatusInFinancialPage.verifyStatusInFinancialPage(TC003_VerifyNewRequestStatusInFinancialPage.java:48)
... Removed 32 stack frames
</div> <!-- stack-trace -->
                </div> <!-- method-content -->
              </div> <!-- method -->
            </div> <!-- main-panel-content rounded-window-bottom -->
          </div> <!-- suite-Functional_Suite-class-failed -->
          <div class="suite-Functional_Suite-class-failed">
            <div class="main-panel-header rounded-window-top">
              <img src="failed.png"/>
              <span class="class-name">com.c2info.RMS_FinancialApproverTCs.TC001_VerifyUptoFinancialApprovalPage</span>
            </div> <!-- main-panel-header rounded-window-top -->
            <div class="main-panel-content rounded-window-bottom">
              <div class="method">
                <div class="method-content">
                  <a name="verifyUptoCostCenterApprovalFunctionality">
                  </a> <!-- verifyUptoCostCenterApprovalFunctionality -->
                  <span class="method-name">verifyUptoCostCenterApprovalFunctionality</span>
                  <div class="stack-trace">org.openqa.selenium.TimeoutException: Timed out after 60 seconds waiting for element to be clickable: Proxy element for: DefaultElementLocator &apos;By.id: select2-empname-container&apos;
Build info: version: &apos;2.53.1&apos;, revision: &apos;a36b8b1cd5757287168e54b817830adce9b0158d&apos;, time: &apos;2016-06-30 19:26:09&apos;
System info: host: &apos;ChethanBidare-pc&apos;, ip: &apos;172.16.18.209&apos;, os.name: &apos;Windows 10&apos;, os.arch: &apos;amd64&apos;, os.version: &apos;10.0&apos;, java.version: &apos;1.8.0_144&apos;
Driver info: org.openqa.selenium.chrome.ChromeDriver
Capabilities [{applicationCacheEnabled=false, rotatable=false, mobileEmulationEnabled=false, networkConnectionEnabled=false, chrome={chromedriverVersion=2.37.544315 (730aa6a5fdba159ac9f4c1e8cbc59bf1b5ce12b7), userDataDir=C:\Users\User1\AppData\Local\Temp\scoped_dir628_18074}, takesHeapSnapshot=true, pageLoadStrategy=normal, databaseEnabled=false, handlesAlerts=true, hasTouchScreen=false, version=67.0.3396.99, platform=XP, browserConnectionEnabled=false, nativeEvents=true, acceptSslCerts=false, acceptInsecureCerts=false, locationContextEnabled=true, webStorageEnabled=true, browserName=chrome, takesScreenshot=true, javascriptEnabled=true, cssSelectorsEnabled=true, setWindowRect=true, unexpectedAlertBehaviour=}]
Session ID: 4fe833394eea591ea044484f2fa32f49
	at org.openqa.selenium.support.ui.WebDriverWait.timeoutException(WebDriverWait.java:80)
	at org.openqa.selenium.support.ui.FluentWait.until(FluentWait.java:261)
	at com.c2info.RMS_UIActions.DeskConfirmationPage.selectSupplierAndLoadData(DeskConfirmationPage.java:115)
	at com.c2info.RMS_FinancialApproverTCs.TC001_VerifyUptoFinancialApprovalPage.verifyUptoCostCenterApprovalFunctionality(TC001_VerifyUptoFinancialApprovalPage.java:81)
Caused by: org.openqa.selenium.NoSuchElementException: no such element: Unable to locate element: {&quot;method&quot;:&quot;id&quot;,&quot;selector&quot;:&quot;select2-empname-container&quot;}
  (Session info: chrome=67.0.3396.99)
  (Driver info: chromedriver=2.37.544315 (730aa6a5fdba159ac9f4c1e8cbc59bf1b5ce12b7),platform=Windows NT 10.0.17134 x86_64) (WARNING: The server did not provide any stacktrace information)
Command duration or timeout: 60.02 seconds
For documentation on this error, please visit: http://seleniumhq.org/exceptions/no_such_element.html
Build info: version: &apos;2.53.1&apos;, revision: &apos;a36b8b1cd5757287168e54b817830adce9b0158d&apos;, time: &apos;2016-06-30 19:26:09&apos;
System info: host: &apos;ChethanBidare-pc&apos;, ip: &apos;172.16.18.209&apos;, os.name: &apos;Windows 10&apos;, os.arch: &apos;amd64&apos;, os.version: &apos;10.0&apos;, java.version: &apos;1.8.0_144&apos;
Driver info: org.openqa.selenium.chrome.ChromeDriver
Capabilities [{applicationCacheEnabled=false, rotatable=false, mobileEmulationEnabled=false, networkConnectionEnabled=false, chrome={chromedriverVersion=2.37.544315 (730aa6a5fdba159ac9f4c1e8cbc59bf1b5ce12b7), userDataDir=C:\Users\User1\AppData\Local\Temp\scoped_dir628_18074}, takesHeapSnapshot=true, pageLoadStrategy=normal, databaseEnabled=false, handlesAlerts=true, hasTouchScreen=false, version=67.0.3396.99, platform=XP, browserConnectionEnabled=false, nativeEvents=true, acceptSslCerts=false, acceptInsecureCerts=false, locationContextEnabled=true, webStorageEnabled=true, browserName=chrome, takesScreenshot=true, javascriptEnabled=true, cssSelectorsEnabled=true, setWindowRect=true, unexpectedAlertBehaviour=}]
Session ID: 4fe833394eea591ea044484f2fa32f49
*** Element info: {Using=id, value=select2-empname-container}
	at org.openqa.selenium.remote.ErrorHandler.createThrowable(ErrorHandler.java:206)
	at org.openqa.selenium.remote.ErrorHandler.throwIfResponseFailed(ErrorHandler.java:158)
	at org.openqa.selenium.remote.RemoteWebDriver.execute(RemoteWebDriver.java:678)
	at org.openqa.selenium.remote.RemoteWebDriver.findElement(RemoteWebDriver.java:363)
	at org.openqa.selenium.remote.RemoteWebDriver.findElementById(RemoteWebDriver.java:413)
	at org.openqa.selenium.By$ById.findElement(By.java:218)
	at org.openqa.selenium.remote.RemoteWebDriver.findElement(RemoteWebDriver.java:355)
	at org.openqa.selenium.support.pagefactory.DefaultElementLocator.findElement(DefaultElementLocator.java:69)
	at org.openqa.selenium.support.pagefactory.internal.LocatingElementHandler.invoke(LocatingElementHandler.java:38)
	at com.sun.proxy.$Proxy9.isDisplayed(Unknown Source)
	at org.openqa.selenium.support.ui.ExpectedConditions.elementIfVisible(ExpectedConditions.java:302)
	at org.openqa.selenium.support.ui.ExpectedConditions.access$100(ExpectedConditions.java:41)
	at org.openqa.selenium.support.ui.ExpectedConditions$10.apply(ExpectedConditions.java:288)
	at org.openqa.selenium.support.ui.ExpectedConditions$10.apply(ExpectedConditions.java:285)
	at org.openqa.selenium.support.ui.ExpectedConditions$23.apply(ExpectedConditions.java:687)
	at org.openqa.selenium.support.ui.ExpectedConditions$23.apply(ExpectedConditions.java:680)
	at org.openqa.selenium.support.ui.FluentWait.until(FluentWait.java:238)
	... 27 more
... Removed 29 stack frames
</div> <!-- stack-trace -->
                </div> <!-- method-content -->
              </div> <!-- method -->
            </div> <!-- main-panel-content rounded-window-bottom -->
          </div> <!-- suite-Functional_Suite-class-failed -->
          <div class="suite-Functional_Suite-class-failed">
            <div class="main-panel-header rounded-window-top">
              <img src="failed.png"/>
              <span class="class-name">com.c2info.RMS_DeskConfirmerTCs.TC002_VerifyUptoDeskConfirmationFunctionality</span>
            </div> <!-- main-panel-header rounded-window-top -->
            <div class="main-panel-content rounded-window-bottom">
              <div class="method">
                <div class="method-content">
                  <a name="verifyDeskConfirmationFunctionality">
                  </a> <!-- verifyDeskConfirmationFunctionality -->
                  <span class="method-name">verifyDeskConfirmationFunctionality</span>
                  <div class="stack-trace">org.openqa.selenium.TimeoutException: Timed out after 60 seconds waiting for element to be clickable: Proxy element for: DefaultElementLocator &apos;By.id: select2-empname-container&apos;
Build info: version: &apos;2.53.1&apos;, revision: &apos;a36b8b1cd5757287168e54b817830adce9b0158d&apos;, time: &apos;2016-06-30 19:26:09&apos;
System info: host: &apos;ChethanBidare-pc&apos;, ip: &apos;172.16.18.209&apos;, os.name: &apos;Windows 10&apos;, os.arch: &apos;amd64&apos;, os.version: &apos;10.0&apos;, java.version: &apos;1.8.0_144&apos;
Driver info: org.openqa.selenium.chrome.ChromeDriver
Capabilities [{applicationCacheEnabled=false, rotatable=false, mobileEmulationEnabled=false, networkConnectionEnabled=false, chrome={chromedriverVersion=2.37.544315 (730aa6a5fdba159ac9f4c1e8cbc59bf1b5ce12b7), userDataDir=C:\Users\User1\AppData\Local\Temp\scoped_dir12468_5305}, takesHeapSnapshot=true, pageLoadStrategy=normal, databaseEnabled=false, handlesAlerts=true, hasTouchScreen=false, version=67.0.3396.99, platform=XP, browserConnectionEnabled=false, nativeEvents=true, acceptSslCerts=false, acceptInsecureCerts=false, locationContextEnabled=true, webStorageEnabled=true, browserName=chrome, takesScreenshot=true, javascriptEnabled=true, cssSelectorsEnabled=true, setWindowRect=true, unexpectedAlertBehaviour=}]
Session ID: 4fb1a0359a71131d638a2197bf69cdb9
	at org.openqa.selenium.support.ui.WebDriverWait.timeoutException(WebDriverWait.java:80)
	at org.openqa.selenium.support.ui.FluentWait.until(FluentWait.java:261)
	at com.c2info.RMS_UIActions.DeskConfirmationPage.selectSupplierAndLoadData(DeskConfirmationPage.java:115)
	at com.c2info.RMS_DeskConfirmerTCs.TC002_VerifyUptoDeskConfirmationFunctionality.verifyDeskConfirmationFunctionality(TC002_VerifyUptoDeskConfirmationFunctionality.java:78)
Caused by: org.openqa.selenium.NoSuchElementException: no such element: Unable to locate element: {&quot;method&quot;:&quot;id&quot;,&quot;selector&quot;:&quot;select2-empname-container&quot;}
  (Session info: chrome=67.0.3396.99)
  (Driver info: chromedriver=2.37.544315 (730aa6a5fdba159ac9f4c1e8cbc59bf1b5ce12b7),platform=Windows NT 10.0.17134 x86_64) (WARNING: The server did not provide any stacktrace information)
Command duration or timeout: 60.03 seconds
For documentation on this error, please visit: http://seleniumhq.org/exceptions/no_such_element.html
Build info: version: &apos;2.53.1&apos;, revision: &apos;a36b8b1cd5757287168e54b817830adce9b0158d&apos;, time: &apos;2016-06-30 19:26:09&apos;
System info: host: &apos;ChethanBidare-pc&apos;, ip: &apos;172.16.18.209&apos;, os.name: &apos;Windows 10&apos;, os.arch: &apos;amd64&apos;, os.version: &apos;10.0&apos;, java.version: &apos;1.8.0_144&apos;
Driver info: org.openqa.selenium.chrome.ChromeDriver
Capabilities [{applicationCacheEnabled=false, rotatable=false, mobileEmulationEnabled=false, networkConnectionEnabled=false, chrome={chromedriverVersion=2.37.544315 (730aa6a5fdba159ac9f4c1e8cbc59bf1b5ce12b7), userDataDir=C:\Users\User1\AppData\Local\Temp\scoped_dir12468_5305}, takesHeapSnapshot=true, pageLoadStrategy=normal, databaseEnabled=false, handlesAlerts=true, hasTouchScreen=false, version=67.0.3396.99, platform=XP, browserConnectionEnabled=false, nativeEvents=true, acceptSslCerts=false, acceptInsecureCerts=false, locationContextEnabled=true, webStorageEnabled=true, browserName=chrome, takesScreenshot=true, javascriptEnabled=true, cssSelectorsEnabled=true, setWindowRect=true, unexpectedAlertBehaviour=}]
Session ID: 4fb1a0359a71131d638a2197bf69cdb9
*** Element info: {Using=id, value=select2-empname-container}
	at org.openqa.selenium.remote.ErrorHandler.createThrowable(ErrorHandler.java:206)
	at org.openqa.selenium.remote.ErrorHandler.throwIfResponseFailed(ErrorHandler.java:158)
	at org.openqa.selenium.remote.RemoteWebDriver.execute(RemoteWebDriver.java:678)
	at org.openqa.selenium.remote.RemoteWebDriver.findElement(RemoteWebDriver.java:363)
	at org.openqa.selenium.remote.RemoteWebDriver.findElementById(RemoteWebDriver.java:413)
	at org.openqa.selenium.By$ById.findElement(By.java:218)
	at org.openqa.selenium.remote.RemoteWebDriver.findElement(RemoteWebDriver.java:355)
	at org.openqa.selenium.support.pagefactory.DefaultElementLocator.findElement(DefaultElementLocator.java:69)
	at org.openqa.selenium.support.pagefactory.internal.LocatingElementHandler.invoke(LocatingElementHandler.java:38)
	at com.sun.proxy.$Proxy9.isDisplayed(Unknown Source)
	at org.openqa.selenium.support.ui.ExpectedConditions.elementIfVisible(ExpectedConditions.java:302)
	at org.openqa.selenium.support.ui.ExpectedConditions.access$100(ExpectedConditions.java:41)
	at org.openqa.selenium.support.ui.ExpectedConditions$10.apply(ExpectedConditions.java:288)
	at org.openqa.selenium.support.ui.ExpectedConditions$10.apply(ExpectedConditions.java:285)
	at org.openqa.selenium.support.ui.ExpectedConditions$23.apply(ExpectedConditions.java:687)
	at org.openqa.selenium.support.ui.ExpectedConditions$23.apply(ExpectedConditions.java:680)
	at org.openqa.selenium.support.ui.FluentWait.until(FluentWait.java:238)
	... 27 more
... Removed 29 stack frames
</div> <!-- stack-trace -->
                </div> <!-- method-content -->
              </div> <!-- method -->
            </div> <!-- main-panel-content rounded-window-bottom -->
          </div> <!-- suite-Functional_Suite-class-failed -->
          <div class="suite-Functional_Suite-class-failed">
            <div class="main-panel-header rounded-window-top">
              <img src="failed.png"/>
              <span class="class-name">com.c2info.RMS_CostCenterApproverTCs.TC001_VerifyUptoCostCenterApprovalFunctionality</span>
            </div> <!-- main-panel-header rounded-window-top -->
            <div class="main-panel-content rounded-window-bottom">
              <div class="method">
                <div class="method-content">
                  <a name="verifyUptoCostCenterApprovalFunctionality">
                  </a> <!-- verifyUptoCostCenterApprovalFunctionality -->
                  <span class="method-name">verifyUptoCostCenterApprovalFunctionality</span>
                  <div class="stack-trace">org.openqa.selenium.TimeoutException: Timed out after 60 seconds waiting for element to be clickable: Proxy element for: DefaultElementLocator &apos;By.id: select2-empname-container&apos;
Build info: version: &apos;2.53.1&apos;, revision: &apos;a36b8b1cd5757287168e54b817830adce9b0158d&apos;, time: &apos;2016-06-30 19:26:09&apos;
System info: host: &apos;ChethanBidare-pc&apos;, ip: &apos;172.16.18.209&apos;, os.name: &apos;Windows 10&apos;, os.arch: &apos;amd64&apos;, os.version: &apos;10.0&apos;, java.version: &apos;1.8.0_144&apos;
Driver info: org.openqa.selenium.chrome.ChromeDriver
Capabilities [{applicationCacheEnabled=false, rotatable=false, mobileEmulationEnabled=false, networkConnectionEnabled=false, chrome={chromedriverVersion=2.37.544315 (730aa6a5fdba159ac9f4c1e8cbc59bf1b5ce12b7), userDataDir=C:\Users\User1\AppData\Local\Temp\scoped_dir2628_24734}, takesHeapSnapshot=true, pageLoadStrategy=normal, databaseEnabled=false, handlesAlerts=true, hasTouchScreen=false, version=67.0.3396.99, platform=XP, browserConnectionEnabled=false, nativeEvents=true, acceptSslCerts=false, acceptInsecureCerts=false, locationContextEnabled=true, webStorageEnabled=true, browserName=chrome, takesScreenshot=true, javascriptEnabled=true, cssSelectorsEnabled=true, setWindowRect=true, unexpectedAlertBehaviour=}]
Session ID: b0d9adc4d2e97cec010237442dcac660
	at org.openqa.selenium.support.ui.WebDriverWait.timeoutException(WebDriverWait.java:80)
	at org.openqa.selenium.support.ui.FluentWait.until(FluentWait.java:261)
	at com.c2info.RMS_UIActions.DeskConfirmationPage.selectSupplierAndLoadData(DeskConfirmationPage.java:115)
	at com.c2info.RMS_CostCenterApproverTCs.TC001_VerifyUptoCostCenterApprovalFunctionality.verifyUptoCostCenterApprovalFunctionality(TC001_VerifyUptoCostCenterApprovalFunctionality.java:80)
Caused by: org.openqa.selenium.NoSuchElementException: no such element: Unable to locate element: {&quot;method&quot;:&quot;id&quot;,&quot;selector&quot;:&quot;select2-empname-container&quot;}
  (Session info: chrome=67.0.3396.99)
  (Driver info: chromedriver=2.37.544315 (730aa6a5fdba159ac9f4c1e8cbc59bf1b5ce12b7),platform=Windows NT 10.0.17134 x86_64) (WARNING: The server did not provide any stacktrace information)
Command duration or timeout: 60.03 seconds
For documentation on this error, please visit: http://seleniumhq.org/exceptions/no_such_element.html
Build info: version: &apos;2.53.1&apos;, revision: &apos;a36b8b1cd5757287168e54b817830adce9b0158d&apos;, time: &apos;2016-06-30 19:26:09&apos;
System info: host: &apos;ChethanBidare-pc&apos;, ip: &apos;172.16.18.209&apos;, os.name: &apos;Windows 10&apos;, os.arch: &apos;amd64&apos;, os.version: &apos;10.0&apos;, java.version: &apos;1.8.0_144&apos;
Driver info: org.openqa.selenium.chrome.ChromeDriver
Capabilities [{applicationCacheEnabled=false, rotatable=false, mobileEmulationEnabled=false, networkConnectionEnabled=false, chrome={chromedriverVersion=2.37.544315 (730aa6a5fdba159ac9f4c1e8cbc59bf1b5ce12b7), userDataDir=C:\Users\User1\AppData\Local\Temp\scoped_dir2628_24734}, takesHeapSnapshot=true, pageLoadStrategy=normal, databaseEnabled=false, handlesAlerts=true, hasTouchScreen=false, version=67.0.3396.99, platform=XP, browserConnectionEnabled=false, nativeEvents=true, acceptSslCerts=false, acceptInsecureCerts=false, locationContextEnabled=true, webStorageEnabled=true, browserName=chrome, takesScreenshot=true, javascriptEnabled=true, cssSelectorsEnabled=true, setWindowRect=true, unexpectedAlertBehaviour=}]
Session ID: b0d9adc4d2e97cec010237442dcac660
*** Element info: {Using=id, value=select2-empname-container}
	at org.openqa.selenium.remote.ErrorHandler.createThrowable(ErrorHandler.java:206)
	at org.openqa.selenium.remote.ErrorHandler.throwIfResponseFailed(ErrorHandler.java:158)
	at org.openqa.selenium.remote.RemoteWebDriver.execute(RemoteWebDriver.java:678)
	at org.openqa.selenium.remote.RemoteWebDriver.findElement(RemoteWebDriver.java:363)
	at org.openqa.selenium.remote.RemoteWebDriver.findElementById(RemoteWebDriver.java:413)
	at org.openqa.selenium.By$ById.findElement(By.java:218)
	at org.openqa.selenium.remote.RemoteWebDriver.findElement(RemoteWebDriver.java:355)
	at org.openqa.selenium.support.pagefactory.DefaultElementLocator.findElement(DefaultElementLocator.java:69)
	at org.openqa.selenium.support.pagefactory.internal.LocatingElementHandler.invoke(LocatingElementHandler.java:38)
	at com.sun.proxy.$Proxy9.isDisplayed(Unknown Source)
	at org.openqa.selenium.support.ui.ExpectedConditions.elementIfVisible(ExpectedConditions.java:302)
	at org.openqa.selenium.support.ui.ExpectedConditions.access$100(ExpectedConditions.java:41)
	at org.openqa.selenium.support.ui.ExpectedConditions$10.apply(ExpectedConditions.java:288)
	at org.openqa.selenium.support.ui.ExpectedConditions$10.apply(ExpectedConditions.java:285)
	at org.openqa.selenium.support.ui.ExpectedConditions$23.apply(ExpectedConditions.java:687)
	at org.openqa.selenium.support.ui.ExpectedConditions$23.apply(ExpectedConditions.java:680)
	at org.openqa.selenium.support.ui.FluentWait.until(FluentWait.java:238)
	... 27 more
... Removed 29 stack frames
</div> <!-- stack-trace -->
                </div> <!-- method-content -->
              </div> <!-- method -->
            </div> <!-- main-panel-content rounded-window-bottom -->
          </div> <!-- suite-Functional_Suite-class-failed -->
          <div class="suite-Functional_Suite-class-failed">
            <div class="main-panel-header rounded-window-top">
              <img src="failed.png"/>
              <span class="class-name">com.c2info.RMS_HomePageTCs.TC_006_VerifySearchForEmployeeName</span>
            </div> <!-- main-panel-header rounded-window-top -->
            <div class="main-panel-content rounded-window-bottom">
              <div class="method">
                <div class="method-content">
                  <a name="verifyEmployeeSearchInGridView">
                  </a> <!-- verifyEmployeeSearchInGridView -->
                  <span class="method-name">verifyEmployeeSearchInGridView</span>
                  <div class="stack-trace">org.openqa.selenium.StaleElementReferenceException: stale element reference: element is not attached to the page document
  (Session info: chrome=67.0.3396.99)
  (Driver info: chromedriver=2.37.544315 (730aa6a5fdba159ac9f4c1e8cbc59bf1b5ce12b7),platform=Windows NT 10.0.17134 x86_64) (WARNING: The server did not provide any stacktrace information)
Command duration or timeout: 15 milliseconds
For documentation on this error, please visit: http://seleniumhq.org/exceptions/stale_element_reference.html
Build info: version: &apos;2.53.1&apos;, revision: &apos;a36b8b1cd5757287168e54b817830adce9b0158d&apos;, time: &apos;2016-06-30 19:26:09&apos;
System info: host: &apos;ChethanBidare-pc&apos;, ip: &apos;172.16.18.209&apos;, os.name: &apos;Windows 10&apos;, os.arch: &apos;amd64&apos;, os.version: &apos;10.0&apos;, java.version: &apos;1.8.0_144&apos;
Driver info: org.openqa.selenium.chrome.ChromeDriver
Capabilities [{applicationCacheEnabled=false, rotatable=false, mobileEmulationEnabled=false, networkConnectionEnabled=false, chrome={chromedriverVersion=2.37.544315 (730aa6a5fdba159ac9f4c1e8cbc59bf1b5ce12b7), userDataDir=C:\Users\User1\AppData\Local\Temp\scoped_dir4372_22633}, takesHeapSnapshot=true, pageLoadStrategy=normal, databaseEnabled=false, handlesAlerts=true, hasTouchScreen=false, version=67.0.3396.99, platform=XP, browserConnectionEnabled=false, nativeEvents=true, acceptSslCerts=false, acceptInsecureCerts=false, locationContextEnabled=true, webStorageEnabled=true, browserName=chrome, takesScreenshot=true, javascriptEnabled=true, cssSelectorsEnabled=true, setWindowRect=true, unexpectedAlertBehaviour=}]
Session ID: 392901d37edb32839138066137e0c914
	at org.openqa.selenium.remote.ErrorHandler.createThrowable(ErrorHandler.java:206)
	at org.openqa.selenium.remote.ErrorHandler.throwIfResponseFailed(ErrorHandler.java:158)
	at org.openqa.selenium.remote.RemoteWebDriver.execute(RemoteWebDriver.java:678)
	at org.openqa.selenium.remote.RemoteWebElement.execute(RemoteWebElement.java:327)
	at org.openqa.selenium.remote.RemoteWebElement.isDisplayed(RemoteWebElement.java:368)
	at com.c2info.RMS_UIActions.HomePage.getEmployeeNamesInGridView(HomePage.java:396)
	at com.c2info.RMS_HomePageTCs.TC_006_VerifySearchForEmployeeName.verifyEmployeeSearchInGridView(TC_006_VerifySearchForEmployeeName.java:33)
... Removed 28 stack frames
</div> <!-- stack-trace -->
                </div> <!-- method-content -->
              </div> <!-- method -->
            </div> <!-- main-panel-content rounded-window-bottom -->
          </div> <!-- suite-Functional_Suite-class-failed -->
          <div class="suite-Functional_Suite-class-skipped">
            <div class="main-panel-header rounded-window-top">
              <img src="skipped.png"/>
              <span class="class-name">com.c2info.RMS_HomePageTCs.TC_004_VerifySortingFunctionalityInListView</span>
            </div> <!-- main-panel-header rounded-window-top -->
            <div class="main-panel-content rounded-window-bottom">
              <div class="method">
                <div class="method-content">
                  <a name="verifySortAscendingInListView">
                  </a> <!-- verifySortAscendingInListView -->
                  <span class="method-name">verifySortAscendingInListView</span>
                  <div class="stack-trace">org.openqa.selenium.remote.SessionNotFoundException: no such session
  (Driver info: chromedriver=2.37.544315 (730aa6a5fdba159ac9f4c1e8cbc59bf1b5ce12b7),platform=Windows NT 10.0.17134 x86_64) (WARNING: The server did not provide any stacktrace information)
Command duration or timeout: 1 milliseconds
Build info: version: &apos;2.53.1&apos;, revision: &apos;a36b8b1cd5757287168e54b817830adce9b0158d&apos;, time: &apos;2016-06-30 19:26:09&apos;
System info: host: &apos;ChethanBidare-pc&apos;, ip: &apos;172.16.18.209&apos;, os.name: &apos;Windows 10&apos;, os.arch: &apos;amd64&apos;, os.version: &apos;10.0&apos;, java.version: &apos;1.8.0_144&apos;
Driver info: org.openqa.selenium.chrome.ChromeDriver
Capabilities [{applicationCacheEnabled=false, rotatable=false, mobileEmulationEnabled=false, networkConnectionEnabled=false, chrome={chromedriverVersion=2.37.544315 (730aa6a5fdba159ac9f4c1e8cbc59bf1b5ce12b7), userDataDir=C:\Users\User1\AppData\Local\Temp\scoped_dir6156_25596}, takesHeapSnapshot=true, pageLoadStrategy=normal, databaseEnabled=false, handlesAlerts=true, hasTouchScreen=false, version=67.0.3396.99, platform=XP, browserConnectionEnabled=false, nativeEvents=true, acceptSslCerts=false, acceptInsecureCerts=false, locationContextEnabled=true, webStorageEnabled=true, browserName=chrome, takesScreenshot=true, javascriptEnabled=true, cssSelectorsEnabled=true, setWindowRect=true, unexpectedAlertBehaviour=}]
Session ID: 6b4048fd3e89e9e48273265fa7f15292
	at org.openqa.selenium.remote.ErrorHandler.createThrowable(ErrorHandler.java:206)
	at org.openqa.selenium.remote.ErrorHandler.throwIfResponseFailed(ErrorHandler.java:158)
	at org.openqa.selenium.remote.RemoteWebDriver.execute(RemoteWebDriver.java:678)
	at org.openqa.selenium.remote.RemoteWebDriver.execute(RemoteWebDriver.java:701)
	at org.openqa.selenium.remote.RemoteWebDriver.close(RemoteWebDriver.java:521)
	at com.c2info.RMS_TestBase.TestBase.endTest(TestBase.java:268)
... Removed 28 stack frames
</div> <!-- stack-trace -->
                </div> <!-- method-content -->
              </div> <!-- method -->
            </div> <!-- main-panel-content rounded-window-bottom -->
          </div> <!-- suite-Functional_Suite-class-skipped -->
          <div class="suite-Functional_Suite-class-skipped">
            <div class="main-panel-header rounded-window-top">
              <img src="skipped.png"/>
              <span class="class-name">com.c2info.RMS_HomePageTCs.TC_005_VerifySearchForItemName</span>
            </div> <!-- main-panel-header rounded-window-top -->
            <div class="main-panel-content rounded-window-bottom">
              <div class="method">
                <div class="method-content">
                  <a name="verifyItemSearchInListViewForMyRequest">
                  </a> <!-- verifyItemSearchInListViewForMyRequest -->
                  <span class="method-name">verifyItemSearchInListViewForMyRequest</span>
                  <div class="stack-trace">org.openqa.selenium.remote.SessionNotFoundException: no such session
  (Driver info: chromedriver=2.37.544315 (730aa6a5fdba159ac9f4c1e8cbc59bf1b5ce12b7),platform=Windows NT 10.0.17134 x86_64) (WARNING: The server did not provide any stacktrace information)
Command duration or timeout: 1 milliseconds
Build info: version: &apos;2.53.1&apos;, revision: &apos;a36b8b1cd5757287168e54b817830adce9b0158d&apos;, time: &apos;2016-06-30 19:26:09&apos;
System info: host: &apos;ChethanBidare-pc&apos;, ip: &apos;172.16.18.209&apos;, os.name: &apos;Windows 10&apos;, os.arch: &apos;amd64&apos;, os.version: &apos;10.0&apos;, java.version: &apos;1.8.0_144&apos;
Driver info: org.openqa.selenium.chrome.ChromeDriver
Capabilities [{applicationCacheEnabled=false, rotatable=false, mobileEmulationEnabled=false, networkConnectionEnabled=false, chrome={chromedriverVersion=2.37.544315 (730aa6a5fdba159ac9f4c1e8cbc59bf1b5ce12b7), userDataDir=C:\Users\User1\AppData\Local\Temp\scoped_dir6156_25596}, takesHeapSnapshot=true, pageLoadStrategy=normal, databaseEnabled=false, handlesAlerts=true, hasTouchScreen=false, version=67.0.3396.99, platform=XP, browserConnectionEnabled=false, nativeEvents=true, acceptSslCerts=false, acceptInsecureCerts=false, locationContextEnabled=true, webStorageEnabled=true, browserName=chrome, takesScreenshot=true, javascriptEnabled=true, cssSelectorsEnabled=true, setWindowRect=true, unexpectedAlertBehaviour=}]
Session ID: 6b4048fd3e89e9e48273265fa7f15292
	at org.openqa.selenium.remote.ErrorHandler.createThrowable(ErrorHandler.java:206)
	at org.openqa.selenium.remote.ErrorHandler.throwIfResponseFailed(ErrorHandler.java:158)
	at org.openqa.selenium.remote.RemoteWebDriver.execute(RemoteWebDriver.java:678)
	at org.openqa.selenium.remote.RemoteWebDriver.execute(RemoteWebDriver.java:701)
	at org.openqa.selenium.remote.RemoteWebDriver.close(RemoteWebDriver.java:521)
	at com.c2info.RMS_TestBase.TestBase.endTest(TestBase.java:268)
... Removed 28 stack frames
</div> <!-- stack-trace -->
                </div> <!-- method-content -->
              </div> <!-- method -->
            </div> <!-- main-panel-content rounded-window-bottom -->
          </div> <!-- suite-Functional_Suite-class-skipped -->
          <div class="suite-Functional_Suite-class-passed">
            <div class="main-panel-header rounded-window-top">
              <img src="passed.png"/>
              <span class="class-name">com.c2info.RMS_CostCenterApproverTCs.TC002_VerifyItemDetailsInCostCenterPage</span>
            </div> <!-- main-panel-header rounded-window-top -->
            <div class="main-panel-content rounded-window-bottom">
              <div class="method">
                <div class="method-content">
                  <a name="verifyItemDetails">
                  </a> <!-- verifyItemDetails -->
                  <span class="method-name">verifyItemDetails</span>
                </div> <!-- method-content -->
              </div> <!-- method -->
            </div> <!-- main-panel-content rounded-window-bottom -->
          </div> <!-- suite-Functional_Suite-class-passed -->
          <div class="suite-Functional_Suite-class-passed">
            <div class="main-panel-header rounded-window-top">
              <img src="passed.png"/>
              <span class="class-name">com.c2info.RMS_NewRequestTCs.TC001_VerifyNewRequestFunctionailtyForSingleProduct</span>
            </div> <!-- main-panel-header rounded-window-top -->
            <div class="main-panel-content rounded-window-bottom">
              <div class="method">
                <div class="method-content">
                  <a name="verifyNewRequestFunctionality">
                  </a> <!-- verifyNewRequestFunctionality -->
                  <span class="method-name">verifyNewRequestFunctionality</span>
                </div> <!-- method-content -->
              </div> <!-- method -->
            </div> <!-- main-panel-content rounded-window-bottom -->
          </div> <!-- suite-Functional_Suite-class-passed -->
          <div class="suite-Functional_Suite-class-passed">
            <div class="main-panel-header rounded-window-top">
              <img src="passed.png"/>
              <span class="class-name">com.c2info.RMS_CostCenterApproverTCs.TC003_VerifyNewRequestStatusInCostCenterPage</span>
            </div> <!-- main-panel-header rounded-window-top -->
            <div class="main-panel-content rounded-window-bottom">
              <div class="method">
                <div class="method-content">
                  <a name="verifyStatusInCostCenterPage">
                  </a> <!-- verifyStatusInCostCenterPage -->
                  <span class="method-name">verifyStatusInCostCenterPage</span>
                </div> <!-- method-content -->
              </div> <!-- method -->
            </div> <!-- main-panel-content rounded-window-bottom -->
          </div> <!-- suite-Functional_Suite-class-passed -->
          <div class="suite-Functional_Suite-class-passed">
            <div class="main-panel-header rounded-window-top">
              <img src="passed.png"/>
              <span class="class-name">com.c2info.RMS_RequestApproverTCs.TC004_VerifyNewRequestStatusInApprovalPage</span>
            </div> <!-- main-panel-header rounded-window-top -->
            <div class="main-panel-content rounded-window-bottom">
              <div class="method">
                <div class="method-content">
                  <a name="verifyStatusInApprovalPage">
                  </a> <!-- verifyStatusInApprovalPage -->
                  <span class="method-name">verifyStatusInApprovalPage</span>
                </div> <!-- method-content -->
              </div> <!-- method -->
            </div> <!-- main-panel-content rounded-window-bottom -->
          </div> <!-- suite-Functional_Suite-class-passed -->
          <div class="suite-Functional_Suite-class-passed">
            <div class="main-panel-header rounded-window-top">
              <img src="passed.png"/>
              <span class="class-name">com.c2info.RMS_RequestApproverTCs.TC003_VerifyItemName_Qty_Price_InApprovalPage</span>
            </div> <!-- main-panel-header rounded-window-top -->
            <div class="main-panel-content rounded-window-bottom">
              <div class="method">
                <div class="method-content">
                  <a name="VerifyItemName_Qty_Price_InApprovalPage">
                  </a> <!-- VerifyItemName_Qty_Price_InApprovalPage -->
                  <span class="method-name">VerifyItemName_Qty_Price_InApprovalPage</span>
                </div> <!-- method-content -->
              </div> <!-- method -->
            </div> <!-- main-panel-content rounded-window-bottom -->
          </div> <!-- suite-Functional_Suite-class-passed -->
          <div class="suite-Functional_Suite-class-passed">
            <div class="main-panel-header rounded-window-top">
              <img src="passed.png"/>
              <span class="class-name">com.c2info.RMS_HomePageTCs.TC_001_VerifyLoginLogOut</span>
            </div> <!-- main-panel-header rounded-window-top -->
            <div class="main-panel-content rounded-window-bottom">
              <div class="method">
                <div class="method-content">
                  <a name="verifyLogin">
                  </a> <!-- verifyLogin -->
                  <span class="method-name">verifyLogin</span>
                </div> <!-- method-content -->
              </div> <!-- method -->
            </div> <!-- main-panel-content rounded-window-bottom -->
          </div> <!-- suite-Functional_Suite-class-passed -->
          <div class="suite-Functional_Suite-class-passed">
            <div class="main-panel-header rounded-window-top">
              <img src="passed.png"/>
              <span class="class-name">com.c2info.RMS_HomePageTCs.TC_008_VerifyBrokenLinks</span>
            </div> <!-- main-panel-header rounded-window-top -->
            <div class="main-panel-content rounded-window-bottom">
              <div class="method">
                <div class="method-content">
                  <a name="verifyBrokenLinks">
                  </a> <!-- verifyBrokenLinks -->
                  <span class="method-name">verifyBrokenLinks</span>
                </div> <!-- method-content -->
              </div> <!-- method -->
            </div> <!-- main-panel-content rounded-window-bottom -->
          </div> <!-- suite-Functional_Suite-class-passed -->
          <div class="suite-Functional_Suite-class-passed">
            <div class="main-panel-header rounded-window-top">
              <img src="passed.png"/>
              <span class="class-name">com.c2info.RMS_HomePageTCs.TC_002_Check</span>
            </div> <!-- main-panel-header rounded-window-top -->
            <div class="main-panel-content rounded-window-bottom">
              <div class="method">
                <div class="method-content">
                  <a name="check">
                  </a> <!-- check -->
                  <span class="method-name">check</span>
                </div> <!-- method-content -->
              </div> <!-- method -->
            </div> <!-- main-panel-content rounded-window-bottom -->
          </div> <!-- suite-Functional_Suite-class-passed -->
          <div class="suite-Functional_Suite-class-passed">
            <div class="main-panel-header rounded-window-top">
              <img src="passed.png"/>
              <span class="class-name">com.c2info.RMS_RequestApproverTCs.TC002_VerifyRequestCreationInApprovalPage</span>
            </div> <!-- main-panel-header rounded-window-top -->
            <div class="main-panel-content rounded-window-bottom">
              <div class="method">
                <div class="method-content">
                  <a name="verifyRequestCreationInApprovalPage">
                  </a> <!-- verifyRequestCreationInApprovalPage -->
                  <span class="method-name">verifyRequestCreationInApprovalPage</span>
                </div> <!-- method-content -->
              </div> <!-- method -->
            </div> <!-- main-panel-content rounded-window-bottom -->
          </div> <!-- suite-Functional_Suite-class-passed -->
          <div class="suite-Functional_Suite-class-passed">
            <div class="main-panel-header rounded-window-top">
              <img src="passed.png"/>
              <span class="class-name">com.c2info.RMS_HomePageTCs.TC_005_VerifySearchForItemName</span>
            </div> <!-- main-panel-header rounded-window-top -->
            <div class="main-panel-content rounded-window-bottom">
              <div class="method">
                <div class="method-content">
                  <a name="verifyItemSearchInGridViewForMyRequest">
                  </a> <!-- verifyItemSearchInGridViewForMyRequest -->
                  <span class="method-name">verifyItemSearchInGridViewForMyRequest</span>
                </div> <!-- method-content -->
              </div> <!-- method -->
            </div> <!-- main-panel-content rounded-window-bottom -->
          </div> <!-- suite-Functional_Suite-class-passed -->
          <div class="suite-Functional_Suite-class-passed">
            <div class="main-panel-header rounded-window-top">
              <img src="passed.png"/>
              <span class="class-name">com.c2info.RMS_HomePageTCs.TC_007_VerifyGridAndListButtonFunctionality</span>
            </div> <!-- main-panel-header rounded-window-top -->
            <div class="main-panel-content rounded-window-bottom">
              <div class="method">
                <div class="method-content">
                  <a name="verifyListViewButtonFunctionality">
                  </a> <!-- verifyListViewButtonFunctionality -->
                  <span class="method-name">verifyListViewButtonFunctionality</span>
                </div> <!-- method-content -->
              </div> <!-- method -->
            </div> <!-- main-panel-content rounded-window-bottom -->
          </div> <!-- suite-Functional_Suite-class-passed -->
          <div class="suite-Functional_Suite-class-passed">
            <div class="main-panel-header rounded-window-top">
              <img src="passed.png"/>
              <span class="class-name">com.c2info.RMS_NewRequestTCs.TC005_VerifyPriceField</span>
            </div> <!-- main-panel-header rounded-window-top -->
            <div class="main-panel-content rounded-window-bottom">
              <div class="method">
                <div class="method-content">
                  <a name="verifyPriceField">
                  </a> <!-- verifyPriceField -->
                  <span class="method-name">verifyPriceField</span>
                </div> <!-- method-content -->
              </div> <!-- method -->
            </div> <!-- main-panel-content rounded-window-bottom -->
          </div> <!-- suite-Functional_Suite-class-passed -->
          <div class="suite-Functional_Suite-class-passed">
            <div class="main-panel-header rounded-window-top">
              <img src="passed.png"/>
              <span class="class-name">com.c2info.RMS_DeskConfirmerTCs.TC004_VerifyNewRequestStatusInDeskConfirmationPage</span>
            </div> <!-- main-panel-header rounded-window-top -->
            <div class="main-panel-content rounded-window-bottom">
              <div class="method">
                <div class="method-content">
                  <a name="verifyStatusInDeskPage">
                  </a> <!-- verifyStatusInDeskPage -->
                  <span class="method-name">verifyStatusInDeskPage</span>
                </div> <!-- method-content -->
              </div> <!-- method -->
            </div> <!-- main-panel-content rounded-window-bottom -->
          </div> <!-- suite-Functional_Suite-class-passed -->
          <div class="suite-Functional_Suite-class-passed">
            <div class="main-panel-header rounded-window-top">
              <img src="passed.png"/>
              <span class="class-name">com.c2info.RMS_NewRequestTCs.TC002_VerifyByAddingItemsInRequest</span>
            </div> <!-- main-panel-header rounded-window-top -->
            <div class="main-panel-content rounded-window-bottom">
              <div class="method">
                <div class="method-content">
                  <a name="verifyAddingItems">
                  </a> <!-- verifyAddingItems -->
                  <span class="method-name">verifyAddingItems</span>
                </div> <!-- method-content -->
              </div> <!-- method -->
            </div> <!-- main-panel-content rounded-window-bottom -->
          </div> <!-- suite-Functional_Suite-class-passed -->
          <div class="suite-Functional_Suite-class-passed">
            <div class="main-panel-header rounded-window-top">
              <img src="passed.png"/>
              <span class="class-name">com.c2info.RMS_NewRequestTCs.TC007_VerifyNewRequestStatusInRequestorPage</span>
            </div> <!-- main-panel-header rounded-window-top -->
            <div class="main-panel-content rounded-window-bottom">
              <div class="method">
                <div class="method-content">
                  <a name="verifyNewRequestStatus">
                  </a> <!-- verifyNewRequestStatus -->
                  <span class="method-name">verifyNewRequestStatus</span>
                </div> <!-- method-content -->
              </div> <!-- method -->
            </div> <!-- main-panel-content rounded-window-bottom -->
          </div> <!-- suite-Functional_Suite-class-passed -->
          <div class="suite-Functional_Suite-class-passed">
            <div class="main-panel-header rounded-window-top">
              <img src="passed.png"/>
              <span class="class-name">com.c2info.RMS_RequestApproverTCs.TC001_VerifyUptoRequestApprovalFunctionality</span>
            </div> <!-- main-panel-header rounded-window-top -->
            <div class="main-panel-content rounded-window-bottom">
              <div class="method">
                <div class="method-content">
                  <a name="verifyRequestApprovalFunctionality">
                  </a> <!-- verifyRequestApprovalFunctionality -->
                  <span class="method-name">verifyRequestApprovalFunctionality</span>
                </div> <!-- method-content -->
              </div> <!-- method -->
            </div> <!-- main-panel-content rounded-window-bottom -->
          </div> <!-- suite-Functional_Suite-class-passed -->
          <div class="suite-Functional_Suite-class-passed">
            <div class="main-panel-header rounded-window-top">
              <img src="passed.png"/>
              <span class="class-name">com.c2info.RMS_POGeneratorTCs.TC002_VerifyItemDetailsInPOpage</span>
            </div> <!-- main-panel-header rounded-window-top -->
            <div class="main-panel-content rounded-window-bottom">
              <div class="method">
                <div class="method-content">
                  <a name="verifyItemDetails">
                  </a> <!-- verifyItemDetails -->
                  <span class="method-name">verifyItemDetails</span>
                </div> <!-- method-content -->
              </div> <!-- method -->
            </div> <!-- main-panel-content rounded-window-bottom -->
          </div> <!-- suite-Functional_Suite-class-passed -->
          <div class="suite-Functional_Suite-class-passed">
            <div class="main-panel-header rounded-window-top">
              <img src="passed.png"/>
              <span class="class-name">com.c2info.RMS_DeskConfirmerTCs.TC001_VerifyDeskConfimationApprovalLink</span>
            </div> <!-- main-panel-header rounded-window-top -->
            <div class="main-panel-content rounded-window-bottom">
              <div class="method">
                <div class="method-content">
                  <a name="verifyDeskConfirmationLink">
                  </a> <!-- verifyDeskConfirmationLink -->
                  <span class="method-name">verifyDeskConfirmationLink</span>
                </div> <!-- method-content -->
              </div> <!-- method -->
            </div> <!-- main-panel-content rounded-window-bottom -->
          </div> <!-- suite-Functional_Suite-class-passed -->
          <div class="suite-Functional_Suite-class-passed">
            <div class="main-panel-header rounded-window-top">
              <img src="passed.png"/>
              <span class="class-name">com.c2info.RMS_NewRequestTCs.TC008_VerifyApprovalStatusInRequestorLogin</span>
            </div> <!-- main-panel-header rounded-window-top -->
            <div class="main-panel-content rounded-window-bottom">
              <div class="method">
                <div class="method-content">
                  <a name="verifyStatusInHomePage">
                  </a> <!-- verifyStatusInHomePage -->
                  <span class="method-name">verifyStatusInHomePage</span>
                </div> <!-- method-content -->
              </div> <!-- method -->
            </div> <!-- main-panel-content rounded-window-bottom -->
          </div> <!-- suite-Functional_Suite-class-passed -->
          <div class="suite-Functional_Suite-class-passed">
            <div class="main-panel-header rounded-window-top">
              <img src="passed.png"/>
              <span class="class-name">com.c2info.RMS_DeskConfirmerTCs.TC003_VerifyItemName_Qty_Price_InDeskConfirmPage</span>
            </div> <!-- main-panel-header rounded-window-top -->
            <div class="main-panel-content rounded-window-bottom">
              <div class="method">
                <div class="method-content">
                  <a name="VerifyItemName_Qty_Price_InApprovalPage">
                  </a> <!-- VerifyItemName_Qty_Price_InApprovalPage -->
                  <span class="method-name">VerifyItemName_Qty_Price_InApprovalPage</span>
                </div> <!-- method-content -->
              </div> <!-- method -->
            </div> <!-- main-panel-content rounded-window-bottom -->
          </div> <!-- suite-Functional_Suite-class-passed -->
          <div class="suite-Functional_Suite-class-passed">
            <div class="main-panel-header rounded-window-top">
              <img src="passed.png"/>
              <span class="class-name">com.c2info.RMS_NewRequestTCs.TC009_VerifyRateConfirmationStatusInRequestorLogin</span>
            </div> <!-- main-panel-header rounded-window-top -->
            <div class="main-panel-content rounded-window-bottom">
              <div class="method">
                <div class="method-content">
                  <a name="verifyStatusInRequestorLoginPage">
                  </a> <!-- verifyStatusInRequestorLoginPage -->
                  <span class="method-name">verifyStatusInRequestorLoginPage</span>
                </div> <!-- method-content -->
              </div> <!-- method -->
            </div> <!-- main-panel-content rounded-window-bottom -->
          </div> <!-- suite-Functional_Suite-class-passed -->
        </div> <!-- panel Functional_Suite -->
        <div panel-name="test-xml-Functional_Suite" class="panel">
          <div class="main-panel-header rounded-window-top">
            <span class="header-content">E:\workspace\com.c2info.RMS\testng.xml</span>
          </div> <!-- main-panel-header rounded-window-top -->
          <div class="main-panel-content rounded-window-bottom">
            <pre>
&lt;?xml version=&quot;1.0&quot; encoding=&quot;UTF-8&quot;?&gt;
&lt;!DOCTYPE suite SYSTEM &quot;http://testng.org/testng-1.0.dtd&quot;&gt;
&lt;suite guice-stage=&quot;DEVELOPMENT&quot; name=&quot;Functional_Suite&quot;&gt;
  &lt;listeners&gt;
    &lt;listener class-name=&quot;com.c2info.RMS_Listeners.Listeners&quot;/&gt;
  &lt;/listeners&gt;
  &lt;test name=&quot;FunctionalTest&quot;&gt;
    &lt;classes&gt;
      &lt;class name=&quot;com.c2info.RMS_NewRequestTCs.TC007_VerifyNewRequestStatusInRequestorPage&quot;/&gt;
      &lt;class name=&quot;com.c2info.RMS_FinancialApproverTCs.TC001_VerifyUptoFinancialApprovalPage&quot;/&gt;
      &lt;class name=&quot;com.c2info.RMS_RequestApproverTCs.TC003_VerifyItemName_Qty_Price_InApprovalPage&quot;/&gt;
      &lt;class name=&quot;com.c2info.RMS_DeskConfirmerTCs.TC003_VerifyItemName_Qty_Price_InDeskConfirmPage&quot;/&gt;
      &lt;class name=&quot;com.c2info.RMS_POGeneratorTCs.TC002_VerifyItemDetailsInPOpage&quot;/&gt;
      &lt;class name=&quot;com.c2info.RMS_HomePageTCs.TC_001_VerifyLoginLogOut&quot;/&gt;
      &lt;class name=&quot;com.c2info.RMS_NewRequestTCs.TC006_VerifyPriceFieldAfterUpdate&quot;/&gt;
      &lt;class name=&quot;com.c2info.RMS_HomePageTCs.TC_005_VerifySearchForItemName&quot;/&gt;
      &lt;class name=&quot;com.c2info.RMS_HomePageTCs.TC_002_Check&quot;/&gt;
      &lt;class name=&quot;com.c2info.RMS_HomePageTCs.TC_004_VerifySortingFunctionalityInListView&quot;/&gt;
      &lt;class name=&quot;com.c2info.RMS_NewRequestTCs.TC009_VerifyRateConfirmationStatusInRequestorLogin&quot;/&gt;
      &lt;class name=&quot;com.c2info.RMS_DeskConfirmerTCs.TC002_VerifyUptoDeskConfirmationFunctionality&quot;/&gt;
      &lt;class name=&quot;com.c2info.RMS_HomePageTCs.TC_006_VerifySearchForEmployeeName&quot;/&gt;
      &lt;class name=&quot;com.c2info.RMS_RequestApproverTCs.TC002_VerifyRequestCreationInApprovalPage&quot;/&gt;
      &lt;class name=&quot;com.c2info.RMS_RequestApproverTCs.TC004_VerifyNewRequestStatusInApprovalPage&quot;/&gt;
      &lt;class name=&quot;com.c2info.RMS_DeskConfirmerTCs.TC004_VerifyNewRequestStatusInDeskConfirmationPage&quot;/&gt;
      &lt;class name=&quot;com.c2info.RMS_CostCenterApproverTCs.TC001_VerifyUptoCostCenterApprovalFunctionality&quot;/&gt;
      &lt;class name=&quot;com.c2info.RMS_POGeneratorTCs.TC001_VerifyPOGenerationFunctionality&quot;/&gt;
      &lt;class name=&quot;com.c2info.RMS_NewRequestTCs.TC003_VerifyQtyField&quot;/&gt;
      &lt;class name=&quot;com.c2info.RMS_NewRequestTCs.TC008_VerifyApprovalStatusInRequestorLogin&quot;/&gt;
      &lt;class name=&quot;com.c2info.RMS_FinancialApproverTCs.TC003_VerifyNewRequestStatusInFinancialPage&quot;/&gt;
      &lt;class name=&quot;com.c2info.RMS_NewRequestTCs.TC005_VerifyPriceField&quot;/&gt;
      &lt;class name=&quot;com.c2info.RMS_DeskConfirmerTCs.TC001_VerifyDeskConfimationApprovalLink&quot;/&gt;
      &lt;class name=&quot;com.c2info.RMS_FinancialApproverTCs.TC002_VerifyItemDetailsInFinancialPage&quot;/&gt;
      &lt;class name=&quot;com.c2info.RMS_NewRequestTCs.TC001_VerifyNewRequestFunctionailtyForSingleProduct&quot;/&gt;
      &lt;class name=&quot;com.c2info.RMS_HomePageTCs.TC_003_VerifySortingFunctionalityInGridView&quot;/&gt;
      &lt;class name=&quot;com.c2info.RMS_NewRequestTCs.TC004_VerifyQtyFieldAfterUpdate&quot;/&gt;
      &lt;class name=&quot;com.c2info.RMS_RequestApproverTCs.TC001_VerifyUptoRequestApprovalFunctionality&quot;/&gt;
      &lt;class name=&quot;com.c2info.RMS_CostCenterApproverTCs.TC003_VerifyNewRequestStatusInCostCenterPage&quot;/&gt;
      &lt;class name=&quot;com.c2info.RMS_HomePageTCs.TC_007_VerifyGridAndListButtonFunctionality&quot;/&gt;
      &lt;class name=&quot;com.c2info.RMS_HomePageTCs.TC_008_VerifyBrokenLinks&quot;/&gt;
      &lt;class name=&quot;com.c2info.RMS_CostCenterApproverTCs.TC002_VerifyItemDetailsInCostCenterPage&quot;/&gt;
      &lt;class name=&quot;com.c2info.RMS_NewRequestTCs.TC002_VerifyByAddingItemsInRequest&quot;/&gt;
    &lt;/classes&gt;
  &lt;/test&gt; &lt;!-- FunctionalTest --&gt;
&lt;/suite&gt; &lt;!-- Functional_Suite --&gt;
            </pre>
          </div> <!-- main-panel-content rounded-window-bottom -->
        </div> <!-- panel -->
        <div panel-name="testlist-Functional_Suite" class="panel">
          <div class="main-panel-header rounded-window-top">
            <span class="header-content">Tests for Functional_Suite</span>
          </div> <!-- main-panel-header rounded-window-top -->
          <div class="main-panel-content rounded-window-bottom">
            <ul>
              <li>
                <span class="test-name">FunctionalTest (33 classes)</span>
              </li>
            </ul>
          </div> <!-- main-panel-content rounded-window-bottom -->
        </div> <!-- panel -->
        <div panel-name="group-Functional_Suite" class="panel">
          <div class="main-panel-header rounded-window-top">
            <span class="header-content">Groups for Functional_Suite</span>
          </div> <!-- main-panel-header rounded-window-top -->
          <div class="main-panel-content rounded-window-bottom">
          </div> <!-- main-panel-content rounded-window-bottom -->
        </div> <!-- panel -->
        <div panel-name="times-Functional_Suite" class="panel">
          <div class="main-panel-header rounded-window-top">
            <span class="header-content">Times for Functional_Suite</span>
          </div> <!-- main-panel-header rounded-window-top -->
          <div class="main-panel-content rounded-window-bottom">
            <div class="times-div">
              <script type="text/javascript">
suiteTableInitFunctions.push('tableData_Functional_Suite');
function tableData_Functional_Suite() {
var data = new google.visualization.DataTable();
data.addColumn('number', 'Number');
data.addColumn('string', 'Method');
data.addColumn('string', 'Class');
data.addColumn('number', 'Time (ms)');
data.addRows(34);
data.setCell(0, 0, 0)
data.setCell(0, 1, 'verifyUptoCostCenterApprovalFunctionality')
data.setCell(0, 2, 'com.c2info.RMS_CostCenterApproverTCs.TC001_VerifyUptoCostCenterApprovalFunctionality')
data.setCell(0, 3, 224211);
data.setCell(1, 0, 1)
data.setCell(1, 1, 'verifyUptoCostCenterApprovalFunctionality')
data.setCell(1, 2, 'com.c2info.RMS_FinancialApproverTCs.TC001_VerifyUptoFinancialApprovalPage')
data.setCell(1, 3, 220619);
data.setCell(2, 0, 2)
data.setCell(2, 1, 'verifyDeskConfirmationFunctionality')
data.setCell(2, 2, 'com.c2info.RMS_DeskConfirmerTCs.TC002_VerifyUptoDeskConfirmationFunctionality')
data.setCell(2, 3, 211792);
data.setCell(3, 0, 3)
data.setCell(3, 1, 'verifyUptoCostCenterApprovalFunctionality')
data.setCell(3, 2, 'com.c2info.RMS_POGeneratorTCs.TC001_VerifyPOGenerationFunctionality')
data.setCell(3, 3, 206874);
data.setCell(4, 0, 4)
data.setCell(4, 1, 'verifyStatusInRequestorLoginPage')
data.setCell(4, 2, 'com.c2info.RMS_NewRequestTCs.TC009_VerifyRateConfirmationStatusInRequestorLogin')
data.setCell(4, 3, 160414);
data.setCell(5, 0, 5)
data.setCell(5, 1, 'verifyItemDetails')
data.setCell(5, 2, 'com.c2info.RMS_POGeneratorTCs.TC002_VerifyItemDetailsInPOpage')
data.setCell(5, 3, 140365);
data.setCell(6, 0, 6)
data.setCell(6, 1, 'verifyStatusInCostCenterPage')
data.setCell(6, 2, 'com.c2info.RMS_CostCenterApproverTCs.TC003_VerifyNewRequestStatusInCostCenterPage')
data.setCell(6, 3, 126269);
data.setCell(7, 0, 7)
data.setCell(7, 1, 'verifyItemDetails')
data.setCell(7, 2, 'com.c2info.RMS_FinancialApproverTCs.TC002_VerifyItemDetailsInFinancialPage')
data.setCell(7, 3, 115994);
data.setCell(8, 0, 8)
data.setCell(8, 1, 'verifyStatusInHomePage')
data.setCell(8, 2, 'com.c2info.RMS_NewRequestTCs.TC008_VerifyApprovalStatusInRequestorLogin')
data.setCell(8, 3, 110151);
data.setCell(9, 0, 9)
data.setCell(9, 1, 'verifyItemDetails')
data.setCell(9, 2, 'com.c2info.RMS_CostCenterApproverTCs.TC002_VerifyItemDetailsInCostCenterPage')
data.setCell(9, 3, 97655);
data.setCell(10, 0, 10)
data.setCell(10, 1, 'verifyRequestApprovalFunctionality')
data.setCell(10, 2, 'com.c2info.RMS_RequestApproverTCs.TC001_VerifyUptoRequestApprovalFunctionality')
data.setCell(10, 3, 96494);
data.setCell(11, 0, 11)
data.setCell(11, 1, 'verifyStatusInDeskPage')
data.setCell(11, 2, 'com.c2info.RMS_DeskConfirmerTCs.TC004_VerifyNewRequestStatusInDeskConfirmationPage')
data.setCell(11, 3, 76052);
data.setCell(12, 0, 12)
data.setCell(12, 1, 'verifyNewRequestStatus')
data.setCell(12, 2, 'com.c2info.RMS_NewRequestTCs.TC007_VerifyNewRequestStatusInRequestorPage')
data.setCell(12, 3, 64820);
data.setCell(13, 0, 13)
data.setCell(13, 1, 'VerifyItemName_Qty_Price_InApprovalPage')
data.setCell(13, 2, 'com.c2info.RMS_DeskConfirmerTCs.TC003_VerifyItemName_Qty_Price_InDeskConfirmPage')
data.setCell(13, 3, 64016);
data.setCell(14, 0, 14)
data.setCell(14, 1, 'verifyRequestCreationInApprovalPage')
data.setCell(14, 2, 'com.c2info.RMS_RequestApproverTCs.TC002_VerifyRequestCreationInApprovalPage')
data.setCell(14, 3, 61429);
data.setCell(15, 0, 15)
data.setCell(15, 1, 'VerifyItemName_Qty_Price_InApprovalPage')
data.setCell(15, 2, 'com.c2info.RMS_RequestApproverTCs.TC003_VerifyItemName_Qty_Price_InApprovalPage')
data.setCell(15, 3, 52187);
data.setCell(16, 0, 16)
data.setCell(16, 1, 'verifyStatusInApprovalPage')
data.setCell(16, 2, 'com.c2info.RMS_RequestApproverTCs.TC004_VerifyNewRequestStatusInApprovalPage')
data.setCell(16, 3, 49843);
data.setCell(17, 0, 17)
data.setCell(17, 1, 'verifyNewRequestFunctionality')
data.setCell(17, 2, 'com.c2info.RMS_NewRequestTCs.TC001_VerifyNewRequestFunctionailtyForSingleProduct')
data.setCell(17, 3, 43061);
data.setCell(18, 0, 18)
data.setCell(18, 1, 'verifyItemSearchInGridViewForMyRequest')
data.setCell(18, 2, 'com.c2info.RMS_HomePageTCs.TC_005_VerifySearchForItemName')
data.setCell(18, 3, 27923);
data.setCell(19, 0, 19)
data.setCell(19, 1, 'verifyPriceField')
data.setCell(19, 2, 'com.c2info.RMS_NewRequestTCs.TC005_VerifyPriceField')
data.setCell(19, 3, 17965);
data.setCell(20, 0, 20)
data.setCell(20, 1, 'verifyAddingItems')
data.setCell(20, 2, 'com.c2info.RMS_NewRequestTCs.TC002_VerifyByAddingItemsInRequest')
data.setCell(20, 3, 16740);
data.setCell(21, 0, 21)
data.setCell(21, 1, 'verifyQtyIncreaseAfterUpdate')
data.setCell(21, 2, 'com.c2info.RMS_NewRequestTCs.TC004_VerifyQtyFieldAfterUpdate')
data.setCell(21, 3, 12994);
data.setCell(22, 0, 22)
data.setCell(22, 1, 'verifyQtyField')
data.setCell(22, 2, 'com.c2info.RMS_NewRequestTCs.TC003_VerifyQtyField')
data.setCell(22, 3, 12674);
data.setCell(23, 0, 23)
data.setCell(23, 1, 'verifyPriceFieldAfterUpdate')
data.setCell(23, 2, 'com.c2info.RMS_NewRequestTCs.TC006_VerifyPriceFieldAfterUpdate')
data.setCell(23, 3, 12531);
data.setCell(24, 0, 24)
data.setCell(24, 1, 'verifyBrokenLinks')
data.setCell(24, 2, 'com.c2info.RMS_HomePageTCs.TC_008_VerifyBrokenLinks')
data.setCell(24, 3, 11926);
data.setCell(25, 0, 25)
data.setCell(25, 1, 'verifyStatusInFinancialPage')
data.setCell(25, 2, 'com.c2info.RMS_FinancialApproverTCs.TC003_VerifyNewRequestStatusInFinancialPage')
data.setCell(25, 3, 7150);
data.setCell(26, 0, 26)
data.setCell(26, 1, 'verifyDeskConfirmationLink')
data.setCell(26, 2, 'com.c2info.RMS_DeskConfirmerTCs.TC001_VerifyDeskConfimationApprovalLink')
data.setCell(26, 3, 6042);
data.setCell(27, 0, 27)
data.setCell(27, 1, 'verifyLogin')
data.setCell(27, 2, 'com.c2info.RMS_HomePageTCs.TC_001_VerifyLoginLogOut')
data.setCell(27, 3, 5902);
data.setCell(28, 0, 28)
data.setCell(28, 1, 'check')
data.setCell(28, 2, 'com.c2info.RMS_HomePageTCs.TC_002_Check')
data.setCell(28, 3, 5001);
data.setCell(29, 0, 29)
data.setCell(29, 1, 'verifyEmployeeSearchInGridView')
data.setCell(29, 2, 'com.c2info.RMS_HomePageTCs.TC_006_VerifySearchForEmployeeName')
data.setCell(29, 3, 3743);
data.setCell(30, 0, 30)
data.setCell(30, 1, 'verifyListViewButtonFunctionality')
data.setCell(30, 2, 'com.c2info.RMS_HomePageTCs.TC_007_VerifyGridAndListButtonFunctionality')
data.setCell(30, 3, 2231);
data.setCell(31, 0, 31)
data.setCell(31, 1, 'verifyLogOut')
data.setCell(31, 2, 'com.c2info.RMS_HomePageTCs.TC_001_VerifyLoginLogOut')
data.setCell(31, 3, 12);
data.setCell(32, 0, 32)
data.setCell(32, 1, 'verifySortAscendingInListView')
data.setCell(32, 2, 'com.c2info.RMS_HomePageTCs.TC_004_VerifySortingFunctionalityInListView')
data.setCell(32, 3, 0);
data.setCell(33, 0, 33)
data.setCell(33, 1, 'verifyItemSearchInListViewForMyRequest')
data.setCell(33, 2, 'com.c2info.RMS_HomePageTCs.TC_005_VerifySearchForItemName')
data.setCell(33, 3, 0);
window.suiteTableData['Functional_Suite']= { tableData: data, tableDiv: 'times-div-Functional_Suite'}
return data;
}
              </script>
              <span class="suite-total-time">Total running time: 37 minutes</span>
              <div id="times-div-Functional_Suite">
              </div> <!-- times-div-Functional_Suite -->
            </div> <!-- times-div -->
          </div> <!-- main-panel-content rounded-window-bottom -->
        </div> <!-- panel -->
        <div panel-name="reporter-Functional_Suite" class="panel">
          <div class="main-panel-header rounded-window-top">
            <span class="header-content">Reporter output for Functional_Suite</span>
          </div> <!-- main-panel-header rounded-window-top -->
          <div class="main-panel-content rounded-window-bottom">
            <div class="reporter-method-div">
              <span class="reporter-method-name">verifyPriceField</span>
              <div class="reporter-method-output-div">
                <span class="reporter-method-output"><a href='E:\workspace\com.c2info.RMS\src\main\java\com\c2info\RMS_Screenshots\SuccessScreenshots\verifyPriceField_2018_06_178_12_06_75.png' ><img src = 'E:\workspace\com.c2info.RMS\src\main\java\com\c2info\RMS_Screenshots\SuccessScreenshots\verifyPriceField_2018_06_178_12_06_75.png' hieght='100' width='100' /></a></span>
              </div> <!-- reporter-method-output-div -->
            </div> <!-- reporter-method-div -->
            <div class="reporter-method-div">
              <span class="reporter-method-name">verifyListViewButtonFunctionality</span>
              <div class="reporter-method-output-div">
                <span class="reporter-method-output"><a href='E:\workspace\com.c2info.RMS\src\main\java\com\c2info\RMS_Screenshots\SuccessScreenshots\verifyListViewButtonFunctionality_2018_06_178_12_06_200.png' ><img src = 'E:\workspace\com.c2info.RMS\src\main\java\com\c2info\RMS_Screenshots\SuccessScreenshots\verifyListViewButtonFunctionality_2018_06_178_12_06_200.png' hieght='100' width='100' /></a></span>
              </div> <!-- reporter-method-output-div -->
            </div> <!-- reporter-method-div -->
            <div class="reporter-method-div">
              <span class="reporter-method-name">verifyStatusInHomePage</span>
              <div class="reporter-method-output-div">
                <span class="reporter-method-output"><a href='E:\workspace\com.c2info.RMS\src\main\java\com\c2info\RMS_Screenshots\SuccessScreenshots\verifyStatusInHomePage_2018_06_178_12_06_267.png' ><img src = 'E:\workspace\com.c2info.RMS\src\main\java\com\c2info\RMS_Screenshots\SuccessScreenshots\verifyStatusInHomePage_2018_06_178_12_06_267.png' hieght='100' width='100' /></a></span>
              </div> <!-- reporter-method-output-div -->
            </div> <!-- reporter-method-div -->
            <div class="reporter-method-div">
              <span class="reporter-method-name">verifyStatusInCostCenterPage</span>
              <div class="reporter-method-output-div">
                <span class="reporter-method-output"><a href='E:\workspace\com.c2info.RMS\src\main\java\com\c2info\RMS_Screenshots\SuccessScreenshots\verifyStatusInCostCenterPage_2018_06_178_12_06_846.png' ><img src = 'E:\workspace\com.c2info.RMS\src\main\java\com\c2info\RMS_Screenshots\SuccessScreenshots\verifyStatusInCostCenterPage_2018_06_178_12_06_846.png' hieght='100' width='100' /></a></span>
              </div> <!-- reporter-method-output-div -->
            </div> <!-- reporter-method-div -->
            <div class="reporter-method-div">
              <span class="reporter-method-name">verifyItemDetails</span>
              <div class="reporter-method-output-div">
                <span class="reporter-method-output"><a href='E:\workspace\com.c2info.RMS\src\main\java\com\c2info\RMS_Screenshots\SuccessScreenshots\verifyItemDetails_2018_06_178_12_06_499.png' ><img src = 'E:\workspace\com.c2info.RMS\src\main\java\com\c2info\RMS_Screenshots\SuccessScreenshots\verifyItemDetails_2018_06_178_12_06_499.png' hieght='100' width='100' /></a></span>
              </div> <!-- reporter-method-output-div -->
            </div> <!-- reporter-method-div -->
            <div class="reporter-method-div">
              <span class="reporter-method-name">verifyStatusInApprovalPage</span>
              <div class="reporter-method-output-div">
                <span class="reporter-method-output"><a href='E:\workspace\com.c2info.RMS\src\main\java\com\c2info\RMS_Screenshots\SuccessScreenshots\verifyStatusInApprovalPage_2018_06_178_12_06_699.png' ><img src = 'E:\workspace\com.c2info.RMS\src\main\java\com\c2info\RMS_Screenshots\SuccessScreenshots\verifyStatusInApprovalPage_2018_06_178_12_06_699.png' hieght='100' width='100' /></a></span>
              </div> <!-- reporter-method-output-div -->
            </div> <!-- reporter-method-div -->
            <div class="reporter-method-div">
              <span class="reporter-method-name">check</span>
              <div class="reporter-method-output-div">
                <span class="reporter-method-output"><a href='E:\workspace\com.c2info.RMS\src\main\java\com\c2info\RMS_Screenshots\SuccessScreenshots\check_2018_06_178_12_06_298.png' ><img src = 'E:\workspace\com.c2info.RMS\src\main\java\com\c2info\RMS_Screenshots\SuccessScreenshots\check_2018_06_178_12_06_298.png' hieght='100' width='100' /></a></span>
              </div> <!-- reporter-method-output-div -->
            </div> <!-- reporter-method-div -->
            <div class="reporter-method-div">
              <span class="reporter-method-name">verifyBrokenLinks</span>
              <div class="reporter-method-output-div">
                <span class="reporter-method-output"><a href='E:\workspace\com.c2info.RMS\src\main\java\com\c2info\RMS_Screenshots\SuccessScreenshots\verifyBrokenLinks_2018_06_178_12_06_206.png' ><img src = 'E:\workspace\com.c2info.RMS\src\main\java\com\c2info\RMS_Screenshots\SuccessScreenshots\verifyBrokenLinks_2018_06_178_12_06_206.png' hieght='100' width='100' /></a></span>
              </div> <!-- reporter-method-output-div -->
            </div> <!-- reporter-method-div -->
            <div class="reporter-method-div">
              <span class="reporter-method-name">verifyRequestCreationInApprovalPage</span>
              <div class="reporter-method-output-div">
                <span class="reporter-method-output"><a href='E:\workspace\com.c2info.RMS\src\main\java\com\c2info\RMS_Screenshots\SuccessScreenshots\verifyRequestCreationInApprovalPage_2018_06_178_12_06_339.png' ><img src = 'E:\workspace\com.c2info.RMS\src\main\java\com\c2info\RMS_Screenshots\SuccessScreenshots\verifyRequestCreationInApprovalPage_2018_06_178_12_06_339.png' hieght='100' width='100' /></a></span>
              </div> <!-- reporter-method-output-div -->
            </div> <!-- reporter-method-div -->
            <div class="reporter-method-div">
              <span class="reporter-method-name">VerifyItemName_Qty_Price_InApprovalPage</span>
              <div class="reporter-method-output-div">
                <span class="reporter-method-output"><a href='E:\workspace\com.c2info.RMS\src\main\java\com\c2info\RMS_Screenshots\SuccessScreenshots\VerifyItemName_Qty_Price_InApprovalPage_2018_06_178_11_06_471.png' ><img src = 'E:\workspace\com.c2info.RMS\src\main\java\com\c2info\RMS_Screenshots\SuccessScreenshots\VerifyItemName_Qty_Price_InApprovalPage_2018_06_178_11_06_471.png' hieght='100' width='100' /></a></span>
              </div> <!-- reporter-method-output-div -->
            </div> <!-- reporter-method-div -->
            <div class="reporter-method-div">
              <span class="reporter-method-name">verifyStatusInRequestorLoginPage</span>
              <div class="reporter-method-output-div">
                <span class="reporter-method-output"><a href='E:\workspace\com.c2info.RMS\src\main\java\com\c2info\RMS_Screenshots\SuccessScreenshots\verifyStatusInRequestorLoginPage_2018_06_178_12_06_859.png' ><img src = 'E:\workspace\com.c2info.RMS\src\main\java\com\c2info\RMS_Screenshots\SuccessScreenshots\verifyStatusInRequestorLoginPage_2018_06_178_12_06_859.png' hieght='100' width='100' /></a></span>
              </div> <!-- reporter-method-output-div -->
            </div> <!-- reporter-method-div -->
            <div class="reporter-method-div">
              <span class="reporter-method-name">verifyItemSearchInGridViewForMyRequest</span>
              <div class="reporter-method-output-div">
                <span class="reporter-method-output"><a href='E:\workspace\com.c2info.RMS\src\main\java\com\c2info\RMS_Screenshots\SuccessScreenshots\verifyItemSearchInGridViewForMyRequest_2018_06_178_12_06_844.png' ><img src = 'E:\workspace\com.c2info.RMS\src\main\java\com\c2info\RMS_Screenshots\SuccessScreenshots\verifyItemSearchInGridViewForMyRequest_2018_06_178_12_06_844.png' hieght='100' width='100' /></a></span>
              </div> <!-- reporter-method-output-div -->
            </div> <!-- reporter-method-div -->
            <div class="reporter-method-div">
              <span class="reporter-method-name">verifyAddingItems</span>
              <div class="reporter-method-output-div">
                <span class="reporter-method-output"><a href='E:\workspace\com.c2info.RMS\src\main\java\com\c2info\RMS_Screenshots\SuccessScreenshots\verifyAddingItems_2018_06_178_12_06_167.png' ><img src = 'E:\workspace\com.c2info.RMS\src\main\java\com\c2info\RMS_Screenshots\SuccessScreenshots\verifyAddingItems_2018_06_178_12_06_167.png' hieght='100' width='100' /></a></span>
              </div> <!-- reporter-method-output-div -->
            </div> <!-- reporter-method-div -->
            <div class="reporter-method-div">
              <span class="reporter-method-name">verifyItemDetails</span>
              <div class="reporter-method-output-div">
                <span class="reporter-method-output"><a href='E:\workspace\com.c2info.RMS\src\main\java\com\c2info\RMS_Screenshots\SuccessScreenshots\verifyItemDetails_2018_06_178_12_06_545.png' ><img src = 'E:\workspace\com.c2info.RMS\src\main\java\com\c2info\RMS_Screenshots\SuccessScreenshots\verifyItemDetails_2018_06_178_12_06_545.png' hieght='100' width='100' /></a></span>
              </div> <!-- reporter-method-output-div -->
            </div> <!-- reporter-method-div -->
            <div class="reporter-method-div">
              <span class="reporter-method-name">verifyStatusInDeskPage</span>
              <div class="reporter-method-output-div">
                <span class="reporter-method-output"><a href='E:\workspace\com.c2info.RMS\src\main\java\com\c2info\RMS_Screenshots\SuccessScreenshots\verifyStatusInDeskPage_2018_06_178_12_06_520.png' ><img src = 'E:\workspace\com.c2info.RMS\src\main\java\com\c2info\RMS_Screenshots\SuccessScreenshots\verifyStatusInDeskPage_2018_06_178_12_06_520.png' hieght='100' width='100' /></a></span>
              </div> <!-- reporter-method-output-div -->
            </div> <!-- reporter-method-div -->
            <div class="reporter-method-div">
              <span class="reporter-method-name">VerifyItemName_Qty_Price_InApprovalPage</span>
              <div class="reporter-method-output-div">
                <span class="reporter-method-output"><a href='E:\workspace\com.c2info.RMS\src\main\java\com\c2info\RMS_Screenshots\SuccessScreenshots\VerifyItemName_Qty_Price_InApprovalPage_2018_06_178_11_06_549.png' ><img src = 'E:\workspace\com.c2info.RMS\src\main\java\com\c2info\RMS_Screenshots\SuccessScreenshots\VerifyItemName_Qty_Price_InApprovalPage_2018_06_178_11_06_549.png' hieght='100' width='100' /></a></span>
              </div> <!-- reporter-method-output-div -->
            </div> <!-- reporter-method-div -->
            <div class="reporter-method-div">
              <span class="reporter-method-name">verifyNewRequestStatus</span>
              <div class="reporter-method-output-div">
                <span class="reporter-method-output"><a href='E:\workspace\com.c2info.RMS\src\main\java\com\c2info\RMS_Screenshots\SuccessScreenshots\verifyNewRequestStatus_2018_06_178_11_06_274.png' ><img src = 'E:\workspace\com.c2info.RMS\src\main\java\com\c2info\RMS_Screenshots\SuccessScreenshots\verifyNewRequestStatus_2018_06_178_11_06_274.png' hieght='100' width='100' /></a></span>
              </div> <!-- reporter-method-output-div -->
            </div> <!-- reporter-method-div -->
            <div class="reporter-method-div">
              <span class="reporter-method-name">verifyLogin</span>
              <div class="reporter-method-output-div">
                <span class="reporter-method-output"><a href='E:\workspace\com.c2info.RMS\src\main\java\com\c2info\RMS_Screenshots\SuccessScreenshots\verifyLogin_2018_06_178_12_06_367.png' ><img src = 'E:\workspace\com.c2info.RMS\src\main\java\com\c2info\RMS_Screenshots\SuccessScreenshots\verifyLogin_2018_06_178_12_06_367.png' hieght='100' width='100' /></a></span>
              </div> <!-- reporter-method-output-div -->
            </div> <!-- reporter-method-div -->
            <div class="reporter-method-div">
              <span class="reporter-method-name">verifyRequestApprovalFunctionality</span>
              <div class="reporter-method-output-div">
                <span class="reporter-method-output"><a href='E:\workspace\com.c2info.RMS\src\main\java\com\c2info\RMS_Screenshots\SuccessScreenshots\verifyRequestApprovalFunctionality_2018_06_178_12_06_494.png' ><img src = 'E:\workspace\com.c2info.RMS\src\main\java\com\c2info\RMS_Screenshots\SuccessScreenshots\verifyRequestApprovalFunctionality_2018_06_178_12_06_494.png' hieght='100' width='100' /></a></span>
              </div> <!-- reporter-method-output-div -->
            </div> <!-- reporter-method-div -->
            <div class="reporter-method-div">
              <span class="reporter-method-name">verifyDeskConfirmationLink</span>
              <div class="reporter-method-output-div">
                <span class="reporter-method-output"><a href='E:\workspace\com.c2info.RMS\src\main\java\com\c2info\RMS_Screenshots\SuccessScreenshots\verifyDeskConfirmationLink_2018_06_178_12_06_793.png' ><img src = 'E:\workspace\com.c2info.RMS\src\main\java\com\c2info\RMS_Screenshots\SuccessScreenshots\verifyDeskConfirmationLink_2018_06_178_12_06_793.png' hieght='100' width='100' /></a></span>
              </div> <!-- reporter-method-output-div -->
            </div> <!-- reporter-method-div -->
            <div class="reporter-method-div">
              <span class="reporter-method-name">verifyNewRequestFunctionality</span>
              <div class="reporter-method-output-div">
                <span class="reporter-method-output"><a href='E:\workspace\com.c2info.RMS\src\main\java\com\c2info\RMS_Screenshots\SuccessScreenshots\verifyNewRequestFunctionality_2018_06_178_12_06_11.png' ><img src = 'E:\workspace\com.c2info.RMS\src\main\java\com\c2info\RMS_Screenshots\SuccessScreenshots\verifyNewRequestFunctionality_2018_06_178_12_06_11.png' hieght='100' width='100' /></a></span>
              </div> <!-- reporter-method-output-div -->
            </div> <!-- reporter-method-div -->
            <div class="reporter-method-div">
              <span class="reporter-method-name">verifyUptoCostCenterApprovalFunctionality</span>
              <div class="reporter-method-output-div">
                <span class="reporter-method-output"><a href='E:\workspace\com.c2info.RMS\src\main\java\com\c2info\RMS_Screenshots\FailureScreenshots\verifyUptoCostCenterApprovalFunctionality_2018_06_178_12_06_214.png' ><img src = 'E:\workspace\com.c2info.RMS\src\main\java\com\c2info\RMS_Screenshots\FailureScreenshots\verifyUptoCostCenterApprovalFunctionality_2018_06_178_12_06_214.png' hieght='100' width='100' /></a></span>
              </div> <!-- reporter-method-output-div -->
            </div> <!-- reporter-method-div -->
            <div class="reporter-method-div">
              <span class="reporter-method-name">verifyItemDetails</span>
              <div class="reporter-method-output-div">
                <span class="reporter-method-output"><a href='E:\workspace\com.c2info.RMS\src\main\java\com\c2info\RMS_Screenshots\FailureScreenshots\verifyItemDetails_2018_06_178_12_06_725.png' ><img src = 'E:\workspace\com.c2info.RMS\src\main\java\com\c2info\RMS_Screenshots\FailureScreenshots\verifyItemDetails_2018_06_178_12_06_725.png' hieght='100' width='100' /></a></span>
              </div> <!-- reporter-method-output-div -->
            </div> <!-- reporter-method-div -->
            <div class="reporter-method-div">
              <span class="reporter-method-name">verifyDeskConfirmationFunctionality</span>
              <div class="reporter-method-output-div">
                <span class="reporter-method-output"><a href='E:\workspace\com.c2info.RMS\src\main\java\com\c2info\RMS_Screenshots\FailureScreenshots\verifyDeskConfirmationFunctionality_2018_06_178_12_06_65.png' ><img src = 'E:\workspace\com.c2info.RMS\src\main\java\com\c2info\RMS_Screenshots\FailureScreenshots\verifyDeskConfirmationFunctionality_2018_06_178_12_06_65.png' hieght='100' width='100' /></a></span>
              </div> <!-- reporter-method-output-div -->
            </div> <!-- reporter-method-div -->
            <div class="reporter-method-div">
              <span class="reporter-method-name">verifyUptoCostCenterApprovalFunctionality</span>
              <div class="reporter-method-output-div">
                <span class="reporter-method-output"><a href='E:\workspace\com.c2info.RMS\src\main\java\com\c2info\RMS_Screenshots\FailureScreenshots\verifyUptoCostCenterApprovalFunctionality_2018_06_178_11_06_595.png' ><img src = 'E:\workspace\com.c2info.RMS\src\main\java\com\c2info\RMS_Screenshots\FailureScreenshots\verifyUptoCostCenterApprovalFunctionality_2018_06_178_11_06_595.png' hieght='100' width='100' /></a></span>
              </div> <!-- reporter-method-output-div -->
            </div> <!-- reporter-method-div -->
            <div class="reporter-method-div">
              <span class="reporter-method-name">verifyEmployeeSearchInGridView</span>
              <div class="reporter-method-output-div">
                <span class="reporter-method-output"><a href='E:\workspace\com.c2info.RMS\src\main\java\com\c2info\RMS_Screenshots\FailureScreenshots\verifyEmployeeSearchInGridView_2018_06_178_12_06_303.png' ><img src = 'E:\workspace\com.c2info.RMS\src\main\java\com\c2info\RMS_Screenshots\FailureScreenshots\verifyEmployeeSearchInGridView_2018_06_178_12_06_303.png' hieght='100' width='100' /></a></span>
              </div> <!-- reporter-method-output-div -->
            </div> <!-- reporter-method-div -->
            <div class="reporter-method-div">
              <span class="reporter-method-name">verifyQtyField</span>
              <div class="reporter-method-output-div">
                <span class="reporter-method-output"><a href='E:\workspace\com.c2info.RMS\src\main\java\com\c2info\RMS_Screenshots\FailureScreenshots\verifyQtyField_2018_06_178_12_06_385.png' ><img src = 'E:\workspace\com.c2info.RMS\src\main\java\com\c2info\RMS_Screenshots\FailureScreenshots\verifyQtyField_2018_06_178_12_06_385.png' hieght='100' width='100' /></a></span>
              </div> <!-- reporter-method-output-div -->
            </div> <!-- reporter-method-div -->
            <div class="reporter-method-div">
              <span class="reporter-method-name">verifyUptoCostCenterApprovalFunctionality</span>
              <div class="reporter-method-output-div">
                <span class="reporter-method-output"><a href='E:\workspace\com.c2info.RMS\src\main\java\com\c2info\RMS_Screenshots\FailureScreenshots\verifyUptoCostCenterApprovalFunctionality_2018_06_178_12_06_896.png' ><img src = 'E:\workspace\com.c2info.RMS\src\main\java\com\c2info\RMS_Screenshots\FailureScreenshots\verifyUptoCostCenterApprovalFunctionality_2018_06_178_12_06_896.png' hieght='100' width='100' /></a></span>
              </div> <!-- reporter-method-output-div -->
            </div> <!-- reporter-method-div -->
            <div class="reporter-method-div">
              <span class="reporter-method-name">verifyQtyIncreaseAfterUpdate</span>
              <div class="reporter-method-output-div">
                <span class="reporter-method-output"><a href='E:\workspace\com.c2info.RMS\src\main\java\com\c2info\RMS_Screenshots\FailureScreenshots\verifyQtyIncreaseAfterUpdate_2018_06_178_12_06_577.png' ><img src = 'E:\workspace\com.c2info.RMS\src\main\java\com\c2info\RMS_Screenshots\FailureScreenshots\verifyQtyIncreaseAfterUpdate_2018_06_178_12_06_577.png' hieght='100' width='100' /></a></span>
              </div> <!-- reporter-method-output-div -->
            </div> <!-- reporter-method-div -->
            <div class="reporter-method-div">
              <span class="reporter-method-name">verifyStatusInFinancialPage</span>
              <div class="reporter-method-output-div">
                <span class="reporter-method-output"><a href='E:\workspace\com.c2info.RMS\src\main\java\com\c2info\RMS_Screenshots\FailureScreenshots\verifyStatusInFinancialPage_2018_06_178_12_06_401.png' ><img src = 'E:\workspace\com.c2info.RMS\src\main\java\com\c2info\RMS_Screenshots\FailureScreenshots\verifyStatusInFinancialPage_2018_06_178_12_06_401.png' hieght='100' width='100' /></a></span>
              </div> <!-- reporter-method-output-div -->
            </div> <!-- reporter-method-div -->
            <div class="reporter-method-div">
              <span class="reporter-method-name">verifyPriceFieldAfterUpdate</span>
              <div class="reporter-method-output-div">
                <span class="reporter-method-output"><a href='E:\workspace\com.c2info.RMS\src\main\java\com\c2info\RMS_Screenshots\FailureScreenshots\verifyPriceFieldAfterUpdate_2018_06_178_12_06_57.png' ><img src = 'E:\workspace\com.c2info.RMS\src\main\java\com\c2info\RMS_Screenshots\FailureScreenshots\verifyPriceFieldAfterUpdate_2018_06_178_12_06_57.png' hieght='100' width='100' /></a></span>
              </div> <!-- reporter-method-output-div -->
            </div> <!-- reporter-method-div -->
          </div> <!-- main-panel-content rounded-window-bottom -->
        </div> <!-- panel -->
        <div panel-name="ignored-methods-Functional_Suite" class="panel">
          <div class="main-panel-header rounded-window-top">
            <span class="header-content">0 ignored methods</span>
          </div> <!-- main-panel-header rounded-window-top -->
          <div class="main-panel-content rounded-window-bottom">
          </div> <!-- main-panel-content rounded-window-bottom -->
        </div> <!-- panel -->
        <div panel-name="chronological-Functional_Suite" class="panel">
          <div class="main-panel-header rounded-window-top">
            <span class="header-content">Methods in chronological order</span>
          </div> <!-- main-panel-header rounded-window-top -->
          <div class="main-panel-content rounded-window-bottom">
            <div class="chronological-class">
              <div class="chronological-class-name">com.c2info.RMS_NewRequestTCs.TC007_VerifyNewRequestStatusInRequestorPage</div> <!-- chronological-class-name -->
              <div class="configuration-class before">
                <span class="method-name">setup</span>
                <span class="method-start">0 ms</span>
              </div> <!-- configuration-class before -->
              <div class="configuration-method before">
                <span class="method-name">beforeMethod(public void com.c2info.RMS_NewRequestTCs.TC007_VerifyNewRequestStatusInRequestorPage.verifyNewReques...)</span>
                <span class="method-start">10858 ms</span>
              </div> <!-- configuration-method before -->
              <div class="test-method">
                <span class="method-name">verifyNewRequestStatus</span>
                <span class="method-start">10861 ms</span>
              </div> <!-- test-method -->
              <div class="configuration-method after">
                <span class="method-name">afterMethod([TestResult name=verifyNewRequestStatus status=SUCCESS method=TC007_VerifyNewRequestStatusInRequesto...)</span>
                <span class="method-start">76046 ms</span>
              </div> <!-- configuration-method after -->
              <div class="configuration-class after">
                <span class="method-name">endTest</span>
                <span class="method-start">76046 ms</span>
              </div> <!-- configuration-class after -->
            </div> <!-- chronological-class -->
            <div class="chronological-class">
              <div class="chronological-class-name">com.c2info.RMS_FinancialApproverTCs.TC001_VerifyUptoFinancialApprovalPage</div> <!-- chronological-class-name -->
              <div class="configuration-class before">
                <span class="method-name">setup</span>
                <span class="method-start">78583 ms</span>
              </div> <!-- configuration-class before -->
              <div class="configuration-method before">
                <span class="method-name">beforeMethod(public void com.c2info.RMS_FinancialApproverTCs.TC001_VerifyUptoFinancialApprovalPage.verifyUptoCost...)</span>
                <span class="method-start">88372 ms</span>
              </div> <!-- configuration-method before -->
              <div class="test-method">
                <img src="failed.png">
                </img>
                <span class="method-name">verifyUptoCostCenterApprovalFunctionality</span>
                <span class="method-start">88373 ms</span>
              </div> <!-- test-method -->
              <div class="configuration-method after">
                <span class="method-name">afterMethod([TestResult name=verifyUptoCostCenterApprovalFunctionality status=FAILURE method=TC001_VerifyUptoFin...)</span>
                <span class="method-start">309357 ms</span>
              </div> <!-- configuration-method after -->
              <div class="configuration-class after">
                <span class="method-name">endTest</span>
                <span class="method-start">309685 ms</span>
              </div> <!-- configuration-class after -->
            </div> <!-- chronological-class -->
            <div class="chronological-class">
              <div class="chronological-class-name">com.c2info.RMS_RequestApproverTCs.TC003_VerifyItemName_Qty_Price_InApprovalPage</div> <!-- chronological-class-name -->
              <div class="configuration-class before">
                <span class="method-name">setup</span>
                <span class="method-start">309841 ms</span>
              </div> <!-- configuration-class before -->
              <div class="test-method">
                <span class="method-name">VerifyItemName_Qty_Price_InApprovalPage</span>
                <span class="method-start">320769 ms</span>
              </div> <!-- test-method -->
              <div class="configuration-method before">
                <span class="method-name">beforeMethod(public void com.c2info.RMS_RequestApproverTCs.TC003_VerifyItemName_Qty_Price_InApprovalPage.VerifyIt...)</span>
                <span class="method-start">320769 ms</span>
              </div> <!-- configuration-method before -->
              <div class="configuration-method after">
                <span class="method-name">afterMethod([TestResult name=VerifyItemName_Qty_Price_InApprovalPage status=SUCCESS method=TC003_VerifyItemName_...)</span>
                <span class="method-start">373283 ms</span>
              </div> <!-- configuration-method after -->
              <div class="configuration-class after">
                <span class="method-name">endTest</span>
                <span class="method-start">373283 ms</span>
              </div> <!-- configuration-class after -->
            </div> <!-- chronological-class -->
            <div class="chronological-class">
              <div class="chronological-class-name">com.c2info.RMS_DeskConfirmerTCs.TC003_VerifyItemName_Qty_Price_InDeskConfirmPage</div> <!-- chronological-class-name -->
              <div class="configuration-class before">
                <span class="method-name">setup</span>
                <span class="method-start">375395 ms</span>
              </div> <!-- configuration-class before -->
              <div class="configuration-method before">
                <span class="method-name">beforeMethod(public void com.c2info.RMS_DeskConfirmerTCs.TC003_VerifyItemName_Qty_Price_InDeskConfirmPage.VerifyI...)</span>
                <span class="method-start">385861 ms</span>
              </div> <!-- configuration-method before -->
              <div class="test-method">
                <span class="method-name">VerifyItemName_Qty_Price_InApprovalPage</span>
                <span class="method-start">385862 ms</span>
              </div> <!-- test-method -->
              <div class="configuration-method after">
                <span class="method-name">afterMethod([TestResult name=VerifyItemName_Qty_Price_InApprovalPage status=SUCCESS method=TC003_VerifyItemName_...)</span>
                <span class="method-start">450182 ms</span>
              </div> <!-- configuration-method after -->
              <div class="configuration-class after">
                <span class="method-name">endTest</span>
                <span class="method-start">450182 ms</span>
              </div> <!-- configuration-class after -->
            </div> <!-- chronological-class -->
            <div class="chronological-class">
              <div class="chronological-class-name">com.c2info.RMS_POGeneratorTCs.TC002_VerifyItemDetailsInPOpage</div> <!-- chronological-class-name -->
              <div class="configuration-class before">
                <span class="method-name">setup</span>
                <span class="method-start">450320 ms</span>
              </div> <!-- configuration-class before -->
              <div class="configuration-method before">
                <span class="method-name">beforeMethod(public void com.c2info.RMS_POGeneratorTCs.TC002_VerifyItemDetailsInPOpage.verifyItemDetails() throws...)</span>
                <span class="method-start">461587 ms</span>
              </div> <!-- configuration-method before -->
              <div class="test-method">
                <span class="method-name">verifyItemDetails</span>
                <span class="method-start">461587 ms</span>
              </div> <!-- test-method -->
              <div class="configuration-method after">
                <span class="method-name">afterMethod([TestResult name=verifyItemDetails status=SUCCESS method=TC002_VerifyItemDetailsInPOpage.verifyItemD...)</span>
                <span class="method-start">602294 ms</span>
              </div> <!-- configuration-method after -->
              <div class="configuration-class after">
                <span class="method-name">endTest</span>
                <span class="method-start">602294 ms</span>
              </div> <!-- configuration-class after -->
            </div> <!-- chronological-class -->
            <div class="chronological-class">
              <div class="chronological-class-name">com.c2info.RMS_HomePageTCs.TC_001_VerifyLoginLogOut</div> <!-- chronological-class-name -->
              <div class="configuration-class before">
                <span class="method-name">setup</span>
                <span class="method-start">602402 ms</span>
              </div> <!-- configuration-class before -->
              <div class="configuration-method before">
                <span class="method-name">beforeMethod(public void com.c2info.RMS_HomePageTCs.TC_001_VerifyLoginLogOut.verifyLogin())</span>
                <span class="method-start">607871 ms</span>
              </div> <!-- configuration-method before -->
              <div class="test-method">
                <span class="method-name">verifyLogin</span>
                <span class="method-start">607872 ms</span>
              </div> <!-- test-method -->
              <div class="configuration-method after">
                <span class="method-name">afterMethod([TestResult name=verifyLogin status=SUCCESS method=TC_001_VerifyLoginLogOut.verifyLogin()[pri:0, ins...)</span>
                <span class="method-start">614126 ms</span>
              </div> <!-- configuration-method after -->
            </div> <!-- chronological-class -->
            <div class="chronological-class">
              <div class="chronological-class-name">com.c2info.RMS_NewRequestTCs.TC006_VerifyPriceFieldAfterUpdate</div> <!-- chronological-class-name -->
              <div class="configuration-class before">
                <span class="method-name">setup</span>
                <span class="method-start">614126 ms</span>
              </div> <!-- configuration-class before -->
              <div class="configuration-method before">
                <span class="method-name">beforeMethod(public void com.c2info.RMS_NewRequestTCs.TC006_VerifyPriceFieldAfterUpdate.verifyPriceFieldAfterUpda...)</span>
                <span class="method-start">624928 ms</span>
              </div> <!-- configuration-method before -->
              <div class="test-method">
                <img src="failed.png">
                </img>
                <span class="method-name">verifyPriceFieldAfterUpdate</span>
                <span class="method-start">624928 ms</span>
              </div> <!-- test-method -->
              <div class="configuration-method after">
                <span class="method-name">afterMethod([TestResult name=verifyPriceFieldAfterUpdate status=FAILURE method=TC006_VerifyPriceFieldAfterUpdate...)</span>
                <span class="method-start">637815 ms</span>
              </div> <!-- configuration-method after -->
              <div class="configuration-class after">
                <span class="method-name">endTest</span>
                <span class="method-start">638117 ms</span>
              </div> <!-- configuration-class after -->
            </div> <!-- chronological-class -->
            <div class="chronological-class">
              <div class="chronological-class-name">com.c2info.RMS_HomePageTCs.TC_005_VerifySearchForItemName</div> <!-- chronological-class-name -->
              <div class="configuration-class before">
                <span class="method-name">setup</span>
                <span class="method-start">638202 ms</span>
              </div> <!-- configuration-class before -->
              <div class="configuration-method before">
                <span class="method-name">beforeMethod(public void com.c2info.RMS_HomePageTCs.TC_005_VerifySearchForItemName.verifyItemSearchInGridViewForM...)</span>
                <span class="method-start">648329 ms</span>
              </div> <!-- configuration-method before -->
              <div class="test-method">
                <span class="method-name">verifyItemSearchInGridViewForMyRequest</span>
                <span class="method-start">648329 ms</span>
              </div> <!-- test-method -->
              <div class="configuration-method after">
                <span class="method-name">afterMethod([TestResult name=verifyItemSearchInGridViewForMyRequest status=SUCCESS method=TC_005_VerifySearchFor...)</span>
                <span class="method-start">676560 ms</span>
              </div> <!-- configuration-method after -->
            </div> <!-- chronological-class -->
            <div class="chronological-class">
              <div class="chronological-class-name">com.c2info.RMS_HomePageTCs.TC_002_Check</div> <!-- chronological-class-name -->
              <div class="configuration-class before">
                <span class="method-name">setup</span>
                <span class="method-start">676560 ms</span>
              </div> <!-- configuration-class before -->
              <div class="configuration-method before">
                <span class="method-name">beforeMethod(public void com.c2info.RMS_HomePageTCs.TC_002_Check.check() throws java.lang.InterruptedException)</span>
                <span class="method-start">686704 ms</span>
              </div> <!-- configuration-method before -->
              <div class="test-method">
                <span class="method-name">check</span>
                <span class="method-start">686704 ms</span>
              </div> <!-- test-method -->
              <div class="configuration-method after">
                <span class="method-name">afterMethod([TestResult name=check status=SUCCESS method=TC_002_Check.check()[pri:0, instance:com.c2info.RMS_Hom...)</span>
                <span class="method-start">692044 ms</span>
              </div> <!-- configuration-method after -->
              <div class="configuration-class after">
                <span class="method-name">endTest</span>
                <span class="method-start">692044 ms</span>
              </div> <!-- configuration-class after -->
            </div> <!-- chronological-class -->
            <div class="chronological-class">
              <div class="chronological-class-name">com.c2info.RMS_NewRequestTCs.TC009_VerifyRateConfirmationStatusInRequestorLogin</div> <!-- chronological-class-name -->
              <div class="configuration-class before">
                <span class="method-name">setup</span>
                <span class="method-start">694403 ms</span>
              </div> <!-- configuration-class before -->
              <div class="configuration-method before">
                <span class="method-name">beforeMethod(public void com.c2info.RMS_NewRequestTCs.TC009_VerifyRateConfirmationStatusInRequestorLogin.verifySt...)</span>
                <span class="method-start">717853 ms</span>
              </div> <!-- configuration-method before -->
              <div class="test-method">
                <span class="method-name">verifyStatusInRequestorLoginPage</span>
                <span class="method-start">717853 ms</span>
              </div> <!-- test-method -->
              <div class="configuration-method after">
                <span class="method-name">afterMethod([TestResult name=verifyStatusInRequestorLoginPage status=SUCCESS method=TC009_VerifyRateConfirmation...)</span>
                <span class="method-start">878611 ms</span>
              </div> <!-- configuration-method after -->
              <div class="configuration-class after">
                <span class="method-name">endTest</span>
                <span class="method-start">878611 ms</span>
              </div> <!-- configuration-class after -->
            </div> <!-- chronological-class -->
            <div class="chronological-class">
              <div class="chronological-class-name">com.c2info.RMS_NewRequestTCs.TC004_VerifyQtyFieldAfterUpdate</div> <!-- chronological-class-name -->
              <div class="configuration-class before">
                <span class="method-name">setup</span>
                <span class="method-start">880736 ms</span>
              </div> <!-- configuration-class before -->
              <div class="configuration-method before">
                <span class="method-name">beforeMethod(public void com.c2info.RMS_NewRequestTCs.TC004_VerifyQtyFieldAfterUpdate.verifyQtyIncreaseAfterUpdat...)</span>
                <span class="method-start">891990 ms</span>
              </div> <!-- configuration-method before -->
              <div class="test-method">
                <img src="failed.png">
                </img>
                <span class="method-name">verifyQtyIncreaseAfterUpdate</span>
                <span class="method-start">891990 ms</span>
              </div> <!-- test-method -->
              <div class="configuration-method after">
                <span class="method-name">afterMethod([TestResult name=verifyQtyIncreaseAfterUpdate status=FAILURE method=TC004_VerifyQtyFieldAfterUpdate....)</span>
                <span class="method-start">905304 ms</span>
              </div> <!-- configuration-method after -->
            </div> <!-- chronological-class -->
            <div class="chronological-class">
              <div class="chronological-class-name">com.c2info.RMS_DeskConfirmerTCs.TC002_VerifyUptoDeskConfirmationFunctionality</div> <!-- chronological-class-name -->
              <div class="configuration-class before">
                <span class="method-name">setup</span>
                <span class="method-start">905625 ms</span>
              </div> <!-- configuration-class before -->
              <div class="configuration-method before">
                <span class="method-name">beforeMethod(public void com.c2info.RMS_DeskConfirmerTCs.TC002_VerifyUptoDeskConfirmationFunctionality.verifyDesk...)</span>
                <span class="method-start">916672 ms</span>
              </div> <!-- configuration-method before -->
              <div class="test-method">
                <img src="failed.png">
                </img>
                <span class="method-name">verifyDeskConfirmationFunctionality</span>
                <span class="method-start">916673 ms</span>
              </div> <!-- test-method -->
              <div class="configuration-method after">
                <span class="method-name">afterMethod([TestResult name=verifyDeskConfirmationFunctionality status=FAILURE method=TC002_VerifyUptoDeskConfi...)</span>
                <span class="method-start">1128846 ms</span>
              </div> <!-- configuration-method after -->
              <div class="configuration-class after">
                <span class="method-name">endTest</span>
                <span class="method-start">1129180 ms</span>
              </div> <!-- configuration-class after -->
            </div> <!-- chronological-class -->
            <div class="chronological-class">
              <div class="chronological-class-name">com.c2info.RMS_RequestApproverTCs.TC001_VerifyUptoRequestApprovalFunctionality</div> <!-- chronological-class-name -->
              <div class="configuration-class before">
                <span class="method-name">setup</span>
                <span class="method-start">1129287 ms</span>
              </div> <!-- configuration-class before -->
              <div class="configuration-method before">
                <span class="method-name">beforeMethod(public void com.c2info.RMS_RequestApproverTCs.TC001_VerifyUptoRequestApprovalFunctionality.verifyReq...)</span>
                <span class="method-start">1141407 ms</span>
              </div> <!-- configuration-method before -->
              <div class="test-method">
                <span class="method-name">verifyRequestApprovalFunctionality</span>
                <span class="method-start">1141407 ms</span>
              </div> <!-- test-method -->
              <div class="configuration-method after">
                <span class="method-name">afterMethod([TestResult name=verifyRequestApprovalFunctionality status=SUCCESS method=TC001_VerifyUptoRequestApp...)</span>
                <span class="method-start">1238259 ms</span>
              </div> <!-- configuration-method after -->
              <div class="configuration-class after">
                <span class="method-name">endTest</span>
                <span class="method-start">1238260 ms</span>
              </div> <!-- configuration-class after -->
            </div> <!-- chronological-class -->
            <div class="chronological-class">
              <div class="chronological-class-name">com.c2info.RMS_HomePageTCs.TC_006_VerifySearchForEmployeeName</div> <!-- chronological-class-name -->
              <div class="configuration-class before">
                <span class="method-name">setup</span>
                <span class="method-start">1238371 ms</span>
              </div> <!-- configuration-class before -->
              <div class="configuration-method before">
                <span class="method-name">beforeMethod(public void com.c2info.RMS_HomePageTCs.TC_006_VerifySearchForEmployeeName.verifyEmployeeSearchInGrid...)</span>
                <span class="method-start">1249965 ms</span>
              </div> <!-- configuration-method before -->
              <div class="test-method">
                <img src="failed.png">
                </img>
                <span class="method-name">verifyEmployeeSearchInGridView</span>
                <span class="method-start">1249965 ms</span>
              </div> <!-- test-method -->
              <div class="configuration-method after">
                <span class="method-name">afterMethod([TestResult name=verifyEmployeeSearchInGridView status=FAILURE method=TC_006_VerifySearchForEmployee...)</span>
                <span class="method-start">1254061 ms</span>
              </div> <!-- configuration-method after -->
            </div> <!-- chronological-class -->
            <div class="chronological-class">
              <div class="chronological-class-name">com.c2info.RMS_CostCenterApproverTCs.TC003_VerifyNewRequestStatusInCostCenterPage</div> <!-- chronological-class-name -->
              <div class="configuration-class before">
                <span class="method-name">setup</span>
                <span class="method-start">1254373 ms</span>
              </div> <!-- configuration-class before -->
              <div class="configuration-method before">
                <span class="method-name">beforeMethod(public void com.c2info.RMS_CostCenterApproverTCs.TC003_VerifyNewRequestStatusInCostCenterPage.verify...)</span>
                <span class="method-start">1265984 ms</span>
              </div> <!-- configuration-method before -->
              <div class="test-method">
                <span class="method-name">verifyStatusInCostCenterPage</span>
                <span class="method-start">1265984 ms</span>
              </div> <!-- test-method -->
              <div class="configuration-method after">
                <span class="method-name">afterMethod([TestResult name=verifyStatusInCostCenterPage status=SUCCESS method=TC003_VerifyNewRequestStatusInCo...)</span>
                <span class="method-start">1392601 ms</span>
              </div> <!-- configuration-method after -->
              <div class="configuration-class after">
                <span class="method-name">endTest</span>
                <span class="method-start">1392601 ms</span>
              </div> <!-- configuration-class after -->
            </div> <!-- chronological-class -->
            <div class="chronological-class">
              <div class="chronological-class-name">com.c2info.RMS_RequestApproverTCs.TC002_VerifyRequestCreationInApprovalPage</div> <!-- chronological-class-name -->
              <div class="configuration-class before">
                <span class="method-name">setup</span>
                <span class="method-start">1392702 ms</span>
              </div> <!-- configuration-class before -->
              <div class="configuration-method before">
                <span class="method-name">beforeMethod(public void com.c2info.RMS_RequestApproverTCs.TC002_VerifyRequestCreationInApprovalPage.verifyReques...)</span>
                <span class="method-start">1408317 ms</span>
              </div> <!-- configuration-method before -->
              <div class="test-method">
                <span class="method-name">verifyRequestCreationInApprovalPage</span>
                <span class="method-start">1408318 ms</span>
              </div> <!-- test-method -->
              <div class="configuration-method after">
                <span class="method-name">afterMethod([TestResult name=verifyRequestCreationInApprovalPage status=SUCCESS method=TC002_VerifyRequestCreati...)</span>
                <span class="method-start">1470073 ms</span>
              </div> <!-- configuration-method after -->
              <div class="configuration-class after">
                <span class="method-name">endTest</span>
                <span class="method-start">1470073 ms</span>
              </div> <!-- configuration-class after -->
            </div> <!-- chronological-class -->
            <div class="chronological-class">
              <div class="chronological-class-name">com.c2info.RMS_HomePageTCs.TC_007_VerifyGridAndListButtonFunctionality</div> <!-- chronological-class-name -->
              <div class="configuration-class before">
                <span class="method-name">setup</span>
                <span class="method-start">1470173 ms</span>
              </div> <!-- configuration-class before -->
              <div class="configuration-method before">
                <span class="method-name">beforeMethod(public void com.c2info.RMS_HomePageTCs.TC_007_VerifyGridAndListButtonFunctionality.verifyListViewBut...)</span>
                <span class="method-start">1481375 ms</span>
              </div> <!-- configuration-method before -->
              <div class="test-method">
                <span class="method-name">verifyListViewButtonFunctionality</span>
                <span class="method-start">1481375 ms</span>
              </div> <!-- test-method -->
              <div class="configuration-method after">
                <span class="method-name">afterMethod([TestResult name=verifyListViewButtonFunctionality status=SUCCESS method=TC_007_VerifyGridAndListBut...)</span>
                <span class="method-start">1483967 ms</span>
              </div> <!-- configuration-method after -->
            </div> <!-- chronological-class -->
            <div class="chronological-class">
              <div class="chronological-class-name">com.c2info.RMS_RequestApproverTCs.TC004_VerifyNewRequestStatusInApprovalPage</div> <!-- chronological-class-name -->
              <div class="configuration-class before">
                <span class="method-name">setup</span>
                <span class="method-start">1483967 ms</span>
              </div> <!-- configuration-class before -->
              <div class="configuration-method before">
                <span class="method-name">beforeMethod(public void com.c2info.RMS_RequestApproverTCs.TC004_VerifyNewRequestStatusInApprovalPage.verifyStatu...)</span>
                <span class="method-start">1494264 ms</span>
              </div> <!-- configuration-method before -->
              <div class="test-method">
                <span class="method-name">verifyStatusInApprovalPage</span>
                <span class="method-start">1494264 ms</span>
              </div> <!-- test-method -->
              <div class="configuration-method after">
                <span class="method-name">afterMethod([TestResult name=verifyStatusInApprovalPage status=SUCCESS method=TC004_VerifyNewRequestStatusInAppr...)</span>
                <span class="method-start">1544404 ms</span>
              </div> <!-- configuration-method after -->
              <div class="configuration-class after">
                <span class="method-name">endTest</span>
                <span class="method-start">1544405 ms</span>
              </div> <!-- configuration-class after -->
            </div> <!-- chronological-class -->
            <div class="chronological-class">
              <div class="chronological-class-name">com.c2info.RMS_HomePageTCs.TC_008_VerifyBrokenLinks</div> <!-- chronological-class-name -->
              <div class="configuration-class before">
                <span class="method-name">setup</span>
                <span class="method-start">1544502 ms</span>
              </div> <!-- configuration-class before -->
              <div class="configuration-method before">
                <span class="method-name">beforeMethod(public void com.c2info.RMS_HomePageTCs.TC_008_VerifyBrokenLinks.verifyBrokenLinks())</span>
                <span class="method-start">1555687 ms</span>
              </div> <!-- configuration-method before -->
              <div class="test-method">
                <span class="method-name">verifyBrokenLinks</span>
                <span class="method-start">1555687 ms</span>
              </div> <!-- test-method -->
              <div class="configuration-method after">
                <span class="method-name">afterMethod([TestResult name=verifyBrokenLinks status=SUCCESS method=TC_008_VerifyBrokenLinks.verifyBrokenLinks(...)</span>
                <span class="method-start">1567959 ms</span>
              </div> <!-- configuration-method after -->
              <div class="configuration-class after">
                <span class="method-name">endTest</span>
                <span class="method-start">1567959 ms</span>
              </div> <!-- configuration-class after -->
            </div> <!-- chronological-class -->
            <div class="chronological-class">
              <div class="chronological-class-name">com.c2info.RMS_DeskConfirmerTCs.TC004_VerifyNewRequestStatusInDeskConfirmationPage</div> <!-- chronological-class-name -->
              <div class="configuration-class before">
                <span class="method-name">setup</span>
                <span class="method-start">1570315 ms</span>
              </div> <!-- configuration-class before -->
              <div class="configuration-method before">
                <span class="method-name">beforeMethod(public void com.c2info.RMS_DeskConfirmerTCs.TC004_VerifyNewRequestStatusInDeskConfirmationPage.verif...)</span>
                <span class="method-start">1581875 ms</span>
              </div> <!-- configuration-method before -->
              <div class="test-method">
                <span class="method-name">verifyStatusInDeskPage</span>
                <span class="method-start">1581875 ms</span>
              </div> <!-- test-method -->
              <div class="configuration-method after">
                <span class="method-name">afterMethod([TestResult name=verifyStatusInDeskPage status=SUCCESS method=TC004_VerifyNewRequestStatusInDeskConf...)</span>
                <span class="method-start">1658248 ms</span>
              </div> <!-- configuration-method after -->
              <div class="configuration-class after">
                <span class="method-name">endTest</span>
                <span class="method-start">1658248 ms</span>
              </div> <!-- configuration-class after -->
            </div> <!-- chronological-class -->
            <div class="chronological-class">
              <div class="chronological-class-name">com.c2info.RMS_CostCenterApproverTCs.TC002_VerifyItemDetailsInCostCenterPage</div> <!-- chronological-class-name -->
              <div class="configuration-class before">
                <span class="method-name">setup</span>
                <span class="method-start">1660611 ms</span>
              </div> <!-- configuration-class before -->
              <div class="configuration-method before">
                <span class="method-name">beforeMethod(public void com.c2info.RMS_CostCenterApproverTCs.TC002_VerifyItemDetailsInCostCenterPage.verifyItemD...)</span>
                <span class="method-start">1672252 ms</span>
              </div> <!-- configuration-method before -->
              <div class="test-method">
                <span class="method-name">verifyItemDetails</span>
                <span class="method-start">1672252 ms</span>
              </div> <!-- test-method -->
              <div class="configuration-method after">
                <span class="method-name">afterMethod([TestResult name=verifyItemDetails status=SUCCESS method=TC002_VerifyItemDetailsInCostCenterPage.ver...)</span>
                <span class="method-start">1770217 ms</span>
              </div> <!-- configuration-method after -->
              <div class="configuration-class after">
                <span class="method-name">endTest</span>
                <span class="method-start">1770217 ms</span>
              </div> <!-- configuration-class after -->
            </div> <!-- chronological-class -->
            <div class="chronological-class">
              <div class="chronological-class-name">com.c2info.RMS_CostCenterApproverTCs.TC001_VerifyUptoCostCenterApprovalFunctionality</div> <!-- chronological-class-name -->
              <div class="configuration-class before">
                <span class="method-name">setup</span>
                <span class="method-start">1772332 ms</span>
              </div> <!-- configuration-class before -->
              <div class="configuration-method before">
                <span class="method-name">beforeMethod(public void com.c2info.RMS_CostCenterApproverTCs.TC001_VerifyUptoCostCenterApprovalFunctionality.ver...)</span>
                <span class="method-start">1784084 ms</span>
              </div> <!-- configuration-method before -->
              <div class="test-method">
                <img src="failed.png">
                </img>
                <span class="method-name">verifyUptoCostCenterApprovalFunctionality</span>
                <span class="method-start">1784085 ms</span>
              </div> <!-- test-method -->
              <div class="configuration-method after">
                <span class="method-name">afterMethod([TestResult name=verifyUptoCostCenterApprovalFunctionality status=FAILURE method=TC001_VerifyUptoCos...)</span>
                <span class="method-start">2008705 ms</span>
              </div> <!-- configuration-method after -->
              <div class="configuration-class after">
                <span class="method-name">endTest</span>
                <span class="method-start">2009029 ms</span>
              </div> <!-- configuration-class after -->
            </div> <!-- chronological-class -->
            <div class="chronological-class">
              <div class="chronological-class-name">com.c2info.RMS_NewRequestTCs.TC002_VerifyByAddingItemsInRequest</div> <!-- chronological-class-name -->
              <div class="configuration-class before">
                <span class="method-name">setup</span>
                <span class="method-start">2009152 ms</span>
              </div> <!-- configuration-class before -->
              <div class="configuration-method before">
                <span class="method-name">beforeMethod(public void com.c2info.RMS_NewRequestTCs.TC002_VerifyByAddingItemsInRequest.verifyAddingItems() thro...)</span>
                <span class="method-start">2024834 ms</span>
              </div> <!-- configuration-method before -->
              <div class="test-method">
                <span class="method-name">verifyAddingItems</span>
                <span class="method-start">2024834 ms</span>
              </div> <!-- test-method -->
              <div class="configuration-method after">
                <span class="method-name">afterMethod([TestResult name=verifyAddingItems status=SUCCESS method=TC002_VerifyByAddingItemsInRequest.verifyAd...)</span>
                <span class="method-start">2041920 ms</span>
              </div> <!-- configuration-method after -->
              <div class="configuration-class after">
                <span class="method-name">endTest</span>
                <span class="method-start">2041920 ms</span>
              </div> <!-- configuration-class after -->
            </div> <!-- chronological-class -->
            <div class="chronological-class">
              <div class="chronological-class-name">com.c2info.RMS_POGeneratorTCs.TC001_VerifyPOGenerationFunctionality</div> <!-- chronological-class-name -->
              <div class="configuration-class before">
                <span class="method-name">setup</span>
                <span class="method-start">2042019 ms</span>
              </div> <!-- configuration-class before -->
              <div class="configuration-method before">
                <span class="method-name">beforeMethod(public void com.c2info.RMS_POGeneratorTCs.TC001_VerifyPOGenerationFunctionality.verifyUptoCostCenter...)</span>
                <span class="method-start">2056745 ms</span>
              </div> <!-- configuration-method before -->
              <div class="test-method">
                <img src="failed.png">
                </img>
                <span class="method-name">verifyUptoCostCenterApprovalFunctionality</span>
                <span class="method-start">2056745 ms</span>
              </div> <!-- test-method -->
              <div class="configuration-method after">
                <span class="method-name">afterMethod([TestResult name=verifyUptoCostCenterApprovalFunctionality status=FAILURE method=TC001_VerifyPOGener...)</span>
                <span class="method-start">2264052 ms</span>
              </div> <!-- configuration-method after -->
              <div class="configuration-class after">
                <span class="method-name">endTest</span>
                <span class="method-start">2264387 ms</span>
              </div> <!-- configuration-class after -->
            </div> <!-- chronological-class -->
            <div class="chronological-class">
              <div class="chronological-class-name">com.c2info.RMS_NewRequestTCs.TC003_VerifyQtyField</div> <!-- chronological-class-name -->
              <div class="configuration-class before">
                <span class="method-name">setup</span>
                <span class="method-start">2264471 ms</span>
              </div> <!-- configuration-class before -->
              <div class="configuration-method before">
                <span class="method-name">beforeMethod(public void com.c2info.RMS_NewRequestTCs.TC003_VerifyQtyField.verifyQtyField() throws java.lang.Inte...)</span>
                <span class="method-start">2276118 ms</span>
              </div> <!-- configuration-method before -->
              <div class="test-method">
                <img src="failed.png">
                </img>
                <span class="method-name">verifyQtyField</span>
                <span class="method-start">2276118 ms</span>
              </div> <!-- test-method -->
              <div class="configuration-method after">
                <span class="method-name">afterMethod([TestResult name=verifyQtyField status=FAILURE method=TC003_VerifyQtyField.verifyQtyField()[pri:0, i...)</span>
                <span class="method-start">2289125 ms</span>
              </div> <!-- configuration-method after -->
              <div class="configuration-class after">
                <span class="method-name">endTest</span>
                <span class="method-start">2289460 ms</span>
              </div> <!-- configuration-class after -->
            </div> <!-- chronological-class -->
            <div class="chronological-class">
              <div class="chronological-class-name">com.c2info.RMS_NewRequestTCs.TC008_VerifyApprovalStatusInRequestorLogin</div> <!-- chronological-class-name -->
              <div class="configuration-class before">
                <span class="method-name">setup</span>
                <span class="method-start">2289541 ms</span>
              </div> <!-- configuration-class before -->
              <div class="configuration-method before">
                <span class="method-name">beforeMethod(public void com.c2info.RMS_NewRequestTCs.TC008_VerifyApprovalStatusInRequestorLogin.verifyStatusInHo...)</span>
                <span class="method-start">2305523 ms</span>
              </div> <!-- configuration-method before -->
              <div class="test-method">
                <span class="method-name">verifyStatusInHomePage</span>
                <span class="method-start">2305524 ms</span>
              </div> <!-- test-method -->
              <div class="configuration-method after">
                <span class="method-name">afterMethod([TestResult name=verifyStatusInHomePage status=SUCCESS method=TC008_VerifyApprovalStatusInRequestorL...)</span>
                <span class="method-start">2416018 ms</span>
              </div> <!-- configuration-method after -->
              <div class="configuration-class after">
                <span class="method-name">endTest</span>
                <span class="method-start">2416018 ms</span>
              </div> <!-- configuration-class after -->
            </div> <!-- chronological-class -->
            <div class="chronological-class">
              <div class="chronological-class-name">com.c2info.RMS_FinancialApproverTCs.TC003_VerifyNewRequestStatusInFinancialPage</div> <!-- chronological-class-name -->
              <div class="configuration-class before">
                <span class="method-name">setup</span>
                <span class="method-start">2418371 ms</span>
              </div> <!-- configuration-class before -->
              <div class="configuration-method before">
                <span class="method-name">beforeMethod(public void com.c2info.RMS_FinancialApproverTCs.TC003_VerifyNewRequestStatusInFinancialPage.verifySt...)</span>
                <span class="method-start">2430656 ms</span>
              </div> <!-- configuration-method before -->
              <div class="test-method">
                <img src="failed.png">
                </img>
                <span class="method-name">verifyStatusInFinancialPage</span>
                <span class="method-start">2430657 ms</span>
              </div> <!-- test-method -->
              <div class="configuration-method after">
                <span class="method-name">afterMethod([TestResult name=verifyStatusInFinancialPage status=FAILURE method=TC003_VerifyNewRequestStatusInFin...)</span>
                <span class="method-start">2438118 ms</span>
              </div> <!-- configuration-method after -->
              <div class="configuration-class after">
                <span class="method-name">endTest</span>
                <span class="method-start">2438448 ms</span>
              </div> <!-- configuration-class after -->
            </div> <!-- chronological-class -->
            <div class="chronological-class">
              <div class="chronological-class-name">com.c2info.RMS_NewRequestTCs.TC005_VerifyPriceField</div> <!-- chronological-class-name -->
              <div class="configuration-class before">
                <span class="method-name">setup</span>
                <span class="method-start">2438540 ms</span>
              </div> <!-- configuration-class before -->
              <div class="configuration-method before">
                <span class="method-name">beforeMethod(public void com.c2info.RMS_NewRequestTCs.TC005_VerifyPriceField.verifyPriceField() throws java.lang....)</span>
                <span class="method-start">2449516 ms</span>
              </div> <!-- configuration-method before -->
              <div class="test-method">
                <span class="method-name">verifyPriceField</span>
                <span class="method-start">2449517 ms</span>
              </div> <!-- test-method -->
              <div class="configuration-method after">
                <span class="method-name">afterMethod([TestResult name=verifyPriceField status=SUCCESS method=TC005_VerifyPriceField.verifyPriceField()[pr...)</span>
                <span class="method-start">2467797 ms</span>
              </div> <!-- configuration-method after -->
              <div class="configuration-class after">
                <span class="method-name">endTest</span>
                <span class="method-start">2467797 ms</span>
              </div> <!-- configuration-class after -->
            </div> <!-- chronological-class -->
            <div class="chronological-class">
              <div class="chronological-class-name">com.c2info.RMS_DeskConfirmerTCs.TC001_VerifyDeskConfimationApprovalLink</div> <!-- chronological-class-name -->
              <div class="configuration-class before">
                <span class="method-name">setup</span>
                <span class="method-start">2467888 ms</span>
              </div> <!-- configuration-class before -->
              <div class="configuration-method before">
                <span class="method-name">beforeMethod(public void com.c2info.RMS_DeskConfirmerTCs.TC001_VerifyDeskConfimationApprovalLink.verifyDeskConfir...)</span>
                <span class="method-start">2478158 ms</span>
              </div> <!-- configuration-method before -->
              <div class="test-method">
                <span class="method-name">verifyDeskConfirmationLink</span>
                <span class="method-start">2478158 ms</span>
              </div> <!-- test-method -->
              <div class="configuration-method after">
                <span class="method-name">afterMethod([TestResult name=verifyDeskConfirmationLink status=SUCCESS method=TC001_VerifyDeskConfimationApprova...)</span>
                <span class="method-start">2484549 ms</span>
              </div> <!-- configuration-method after -->
              <div class="configuration-class after">
                <span class="method-name">endTest</span>
                <span class="method-start">2484550 ms</span>
              </div> <!-- configuration-class after -->
            </div> <!-- chronological-class -->
            <div class="chronological-class">
              <div class="chronological-class-name">com.c2info.RMS_FinancialApproverTCs.TC002_VerifyItemDetailsInFinancialPage</div> <!-- chronological-class-name -->
              <div class="configuration-class before">
                <span class="method-name">setup</span>
                <span class="method-start">2486877 ms</span>
              </div> <!-- configuration-class before -->
              <div class="configuration-method before">
                <span class="method-name">beforeMethod(public void com.c2info.RMS_FinancialApproverTCs.TC002_VerifyItemDetailsInFinancialPage.verifyItemDet...)</span>
                <span class="method-start">2501138 ms</span>
              </div> <!-- configuration-method before -->
              <div class="test-method">
                <img src="failed.png">
                </img>
                <span class="method-name">verifyItemDetails</span>
                <span class="method-start">2501138 ms</span>
              </div> <!-- test-method -->
              <div class="configuration-method after">
                <span class="method-name">afterMethod([TestResult name=verifyItemDetails status=FAILURE method=TC002_VerifyItemDetailsInFinancialPage.veri...)</span>
                <span class="method-start">2617471 ms</span>
              </div> <!-- configuration-method after -->
              <div class="configuration-class after">
                <span class="method-name">endTest</span>
                <span class="method-start">2617834 ms</span>
              </div> <!-- configuration-class after -->
            </div> <!-- chronological-class -->
            <div class="chronological-class">
              <div class="chronological-class-name">com.c2info.RMS_NewRequestTCs.TC001_VerifyNewRequestFunctionailtyForSingleProduct</div> <!-- chronological-class-name -->
              <div class="configuration-class before">
                <span class="method-name">setup</span>
                <span class="method-start">2617921 ms</span>
              </div> <!-- configuration-class before -->
              <div class="configuration-method before">
                <span class="method-name">beforeMethod(public void com.c2info.RMS_NewRequestTCs.TC001_VerifyNewRequestFunctionailtyForSingleProduct.verifyN...)</span>
                <span class="method-start">2629358 ms</span>
              </div> <!-- configuration-method before -->
              <div class="test-method">
                <span class="method-name">verifyNewRequestFunctionality</span>
                <span class="method-start">2629358 ms</span>
              </div> <!-- test-method -->
              <div class="configuration-method after">
                <span class="method-name">afterMethod([TestResult name=verifyNewRequestFunctionality status=SUCCESS method=TC001_VerifyNewRequestFunctiona...)</span>
                <span class="method-start">2672755 ms</span>
              </div> <!-- configuration-method after -->
              <div class="configuration-class after">
                <span class="method-name">endTest</span>
                <span class="method-start">2672755 ms</span>
              </div> <!-- configuration-class after -->
            </div> <!-- chronological-class -->
            <div class="chronological-class">
              <div class="chronological-class-name">com.c2info.RMS_HomePageTCs.TC_001_VerifyLoginLogOut</div> <!-- chronological-class-name -->
              <div class="configuration-method before">
                <span class="method-name">beforeMethod(public void com.c2info.RMS_HomePageTCs.TC_001_VerifyLoginLogOut.verifyLogOut() throws java.lang.Inte...)</span>
                <span class="method-start">2675109 ms</span>
              </div> <!-- configuration-method before -->
              <div class="test-method">
                <img src="failed.png">
                </img>
                <span class="method-name">verifyLogOut</span>
                <span class="method-start">2675109 ms</span>
              </div> <!-- test-method -->
              <div class="configuration-method after">
                <img src="failed.png">
                </img>
                <span class="method-name">afterMethod([TestResult name=verifyLogOut status=FAILURE method=TC_001_VerifyLoginLogOut.verifyLogOut()[pri:1, i...)</span>
                <span class="method-start">2675128 ms</span>
              </div> <!-- configuration-method after -->
              <div class="configuration-class after">
                <img src="failed.png">
                </img>
                <span class="method-name">endTest</span>
                <span class="method-start">2675133 ms</span>
              </div> <!-- configuration-class after -->
            </div> <!-- chronological-class -->
            <div class="chronological-class">
              <div class="chronological-class-name">com.c2info.RMS_HomePageTCs.TC_005_VerifySearchForItemName</div> <!-- chronological-class-name -->
              <div class="configuration-class after">
                <img src="failed.png">
                </img>
                <span class="method-name">endTest</span>
                <span class="method-start">2675139 ms</span>
              </div> <!-- configuration-class after -->
          </div> <!-- main-panel-content rounded-window-bottom -->
        </div> <!-- panel -->
      </div> <!-- main-panel-root -->
    </div> <!-- wrapper -->
  </body>
</html>
